# JRE version: Java(TM) SE Runtime Environment (8.0_111-b14) (build 1.8.0_111-b14)
# Java VM: Java HotSpot(TM) 64-Bit Server VM (25.111-b14 mixed mode bsd-amd64 compressed oops)
Heap:
 PSYoungGen      total 128512K, used 80459K [0x0000000795580000, 0x000000079ea80000, 0x00000007c0000000)
  eden space 106496K, 66% used [0x0000000795580000,0x0000000799a45f60,0x000000079bd80000)
  from space 22016K, 45% used [0x000000079d500000,0x000000079decd050,0x000000079ea80000)
  to   space 23040K, 0% used [0x000000079bd80000,0x000000079bd80000,0x000000079d400000)
 ParOldGen       total 109056K, used 55447K [0x0000000740000000, 0x0000000746a80000, 0x0000000795580000)
  object space 109056K, 50% used [0x0000000740000000,0x0000000743625c30,0x0000000746a80000)
 Metaspace       used 11673K, capacity 11825K, committed 12160K, reserved 1060864K
  class space    used 1219K, capacity 1311K, committed 1408K, reserved 1048576K
GC Heap History (10 events):
Event: 1.971 GC heap before
{Heap before GC invocations=3 (full 0):
 PSYoungGen      total 38400K, used 34230K [0x0000000795580000, 0x000000079a080000, 0x00000007c0000000)
  eden space 33280K, 88% used [0x0000000795580000,0x0000000797258fd8,0x0000000797600000)
  from space 5120K, 91% used [0x0000000797b00000,0x0000000797f94910,0x0000000798000000)
  to   space 5120K, 0% used [0x0000000797600000,0x0000000797600000,0x0000000797b00000)
 ParOldGen       total 87552K, used 18790K [0x0000000740000000, 0x0000000745580000, 0x0000000795580000)
  object space 87552K, 21% used [0x0000000740000000,0x0000000741259ae8,0x0000000745580000)
 Metaspace       used 10054K, capacity 10257K, committed 10368K, reserved 1058816K
  class space    used 1072K, capacity 1151K, committed 1152K, reserved 1048576K
Event: 1.994 GC heap after
Heap after GC invocations=3 (full 0):
 PSYoungGen      total 38400K, used 4720K [0x0000000795580000, 0x000000079a080000, 0x00000007c0000000)
  eden space 33280K, 0% used [0x0000000795580000,0x0000000795580000,0x0000000797600000)
  from space 5120K, 92% used [0x0000000797600000,0x0000000797a9c010,0x0000000797b00000)
  to   space 5120K, 0% used [0x0000000799b80000,0x0000000799b80000,0x000000079a080000)
 ParOldGen       total 87552K, used 55654K [0x0000000740000000, 0x0000000745580000, 0x0000000795580000)
  object space 87552K, 63% used [0x0000000740000000,0x0000000743659b18,0x0000000745580000)
 Metaspace       used 10054K, capacity 10257K, committed 10368K, reserved 1058816K
  class space    used 1072K, capacity 1151K, committed 1152K, reserved 1048576K
}
Event: 1.994 GC heap before
{Heap before GC invocations=4 (full 1):
 PSYoungGen      total 38400K, used 4720K [0x0000000795580000, 0x000000079a080000, 0x00000007c0000000)
  eden space 33280K, 0% used [0x0000000795580000,0x0000000795580000,0x0000000797600000)
  from space 5120K, 92% used [0x0000000797600000,0x0000000797a9c010,0x0000000797b00000)
  to   space 5120K, 0% used [0x0000000799b80000,0x0000000799b80000,0x000000079a080000)
 ParOldGen       total 87552K, used 55654K [0x0000000740000000, 0x0000000745580000, 0x0000000795580000)
  object space 87552K, 63% used [0x0000000740000000,0x0000000743659b18,0x0000000745580000)
 Metaspace       used 10054K, capacity 10257K, committed 10368K, reserved 1058816K
  class space    used 1072K, capacity 1151K, committed 1152K, reserved 1048576K
Event: 2.019 GC heap after
Heap after GC invocations=4 (full 1):
 PSYoungGen      total 38400K, used 0K [0x0000000795580000, 0x000000079a080000, 0x00000007c0000000)
  eden space 33280K, 0% used [0x0000000795580000,0x0000000795580000,0x0000000797600000)
  from space 5120K, 0% used [0x0000000797600000,0x0000000797600000,0x0000000797b00000)
  to   space 5120K, 0% used [0x0000000799b80000,0x0000000799b80000,0x000000079a080000)
 ParOldGen       total 109056K, used 23022K [0x0000000740000000, 0x0000000746a80000, 0x0000000795580000)
  object space 109056K, 21% used [0x0000000740000000,0x000000074167bbf0,0x0000000746a80000)
 Metaspace       used 10054K, capacity 10257K, committed 10368K, reserved 1058816K
  class space    used 1072K, capacity 1151K, committed 1152K, reserved 1048576K
}
Event: 2.151 GC heap before
{Heap before GC invocations=5 (full 1):
 PSYoungGen      total 38400K, used 33280K [0x0000000795580000, 0x000000079a080000, 0x00000007c0000000)
  eden space 33280K, 100% used [0x0000000795580000,0x0000000797600000,0x0000000797600000)
  from space 5120K, 0% used [0x0000000797600000,0x0000000797600000,0x0000000797b00000)
  to   space 5120K, 0% used [0x0000000799b80000,0x0000000799b80000,0x000000079a080000)
 ParOldGen       total 109056K, used 23022K [0x0000000740000000, 0x0000000746a80000, 0x0000000795580000)
  object space 109056K, 21% used [0x0000000740000000,0x000000074167bbf0,0x0000000746a80000)
 Metaspace       used 10099K, capacity 10257K, committed 10368K, reserved 1058816K
  class space    used 1075K, capacity 1151K, committed 1152K, reserved 1048576K
Event: 2.157 GC heap after
Heap after GC invocations=5 (full 1):
 PSYoungGen      total 60928K, used 128K [0x0000000795580000, 0x0000000799c00000, 0x00000007c0000000)
  eden space 60416K, 0% used [0x0000000795580000,0x0000000795580000,0x0000000799080000)
  from space 512K, 25% used [0x0000000799b80000,0x0000000799ba0000,0x0000000799c00000)
  to   space 5120K, 0% used [0x0000000799200000,0x0000000799200000,0x0000000799700000)
 ParOldGen       total 109056K, used 55431K [0x0000000740000000, 0x0000000746a80000, 0x0000000795580000)
  object space 109056K, 50% used [0x0000000740000000,0x0000000743621c30,0x0000000746a80000)
 Metaspace       used 10099K, capacity 10257K, committed 10368K, reserved 1058816K
  class space    used 1075K, capacity 1151K, committed 1152K, reserved 1048576K
}
Event: 4.175 GC heap before
{Heap before GC invocations=6 (full 1):
 PSYoungGen      total 60928K, used 60544K [0x0000000795580000, 0x0000000799c00000, 0x00000007c0000000)
  eden space 60416K, 100% used [0x0000000795580000,0x0000000799080000,0x0000000799080000)
  from space 512K, 25% used [0x0000000799b80000,0x0000000799ba0000,0x0000000799c00000)
  to   space 5120K, 0% used [0x0000000799200000,0x0000000799200000,0x0000000799700000)
 ParOldGen       total 109056K, used 55431K [0x0000000740000000, 0x0000000746a80000, 0x0000000795580000)
  object space 109056K, 50% used [0x0000000740000000,0x0000000743621c30,0x0000000746a80000)
 Metaspace       used 10802K, capacity 11025K, committed 11264K, reserved 1058816K
  class space    used 1145K, capacity 1215K, committed 1280K, reserved 1048576K
Event: 4.179 GC heap after
Heap after GC invocations=6 (full 1):
 PSYoungGen      total 67072K, used 4800K [0x0000000795580000, 0x000000079ec80000, 0x00000007c0000000)
  eden space 61952K, 0% used [0x0000000795580000,0x0000000795580000,0x0000000799200000)
  from space 5120K, 93% used [0x0000000799200000,0x00000007996b0040,0x0000000799700000)
  to   space 24064K, 0% used [0x000000079d500000,0x000000079d500000,0x000000079ec80000)
 ParOldGen       total 109056K, used 55439K [0x0000000740000000, 0x0000000746a80000, 0x0000000795580000)
  object space 109056K, 50% used [0x0000000740000000,0x0000000743623c30,0x0000000746a80000)
 Metaspace       used 10802K, capacity 11025K, committed 11264K, reserved 1058816K
  class space    used 1145K, capacity 1215K, committed 1280K, reserved 1048576K
}
Event: 4.997 GC heap before
{Heap before GC invocations=7 (full 1):
 PSYoungGen      total 67072K, used 61526K [0x0000000795580000, 0x000000079ec80000, 0x00000007c0000000)
  eden space 61952K, 91% used [0x0000000795580000,0x0000000798ce5b10,0x0000000799200000)
  from space 5120K, 93% used [0x0000000799200000,0x00000007996b0040,0x0000000799700000)
  to   space 24064K, 0% used [0x000000079d500000,0x000000079d500000,0x000000079ec80000)
 ParOldGen       total 109056K, used 55439K [0x0000000740000000, 0x0000000746a80000, 0x0000000795580000)
  object space 109056K, 50% used [0x0000000740000000,0x0000000743623c30,0x0000000746a80000)
 Metaspace       used 11420K, capacity 11569K, committed 11776K, reserved 1060864K
  class space    used 1195K, capacity 1247K, committed 1280K, reserved 1048576K
Event: 5.005 GC heap after
Heap after GC invocations=7 (full 1):
 PSYoungGen      total 128512K, used 10036K [0x0000000795580000, 0x000000079ea80000, 0x00000007c0000000)
  eden space 106496K, 0% used [0x0000000795580000,0x0000000795580000,0x000000079bd80000)
  from space 22016K, 45% used [0x000000079d500000,0x000000079decd050,0x000000079ea80000)
  to   space 23040K, 0% used [0x000000079bd80000,0x000000079bd80000,0x000000079d400000)
 ParOldGen       total 109056K, used 55447K [0x0000000740000000, 0x0000000746a80000, 0x0000000795580000)
  object space 109056K, 50% used [0x0000000740000000,0x0000000743625c30,0x0000000746a80000)
 Metaspace       used 11420K, capacity 11569K, committed 11776K, reserved 1060864K
  class space    used 1195K, capacity 1247K, committed 1280K, reserved 1048576K
}

