# JRE version: Java(TM) SE Runtime Environment (8.0_111-b14) (build 1.8.0_111-b14)
# Java VM: Java HotSpot(TM) 64-Bit Server VM (25.111-b14 mixed mode bsd-amd64 compressed oops)
Heap:
 PSYoungGen      total 133120K, used 85036K [0x0000000795580000, 0x00000007a3580000, 0x00000007c0000000)
  eden space 102912K, 76% used [0x0000000795580000,0x000000079a2ae088,0x000000079ba00000)
  from space 30208K, 19% used [0x000000079ba00000,0x000000079bfdd310,0x000000079d780000)
  to   space 28160K, 0% used [0x00000007a1a00000,0x00000007a1a00000,0x00000007a3580000)
 ParOldGen       total 109568K, used 43494K [0x0000000740000000, 0x0000000746b00000, 0x0000000795580000)
  object space 109568K, 39% used [0x0000000740000000,0x0000000742a79a60,0x0000000746b00000)
 Metaspace       used 11657K, capacity 11889K, committed 12160K, reserved 1060864K
  class space    used 1216K, capacity 1311K, committed 1408K, reserved 1048576K
GC Heap History (10 events):
Event: 2.232 GC heap before
{Heap before GC invocations=5 (full 1):
 PSYoungGen      total 38400K, used 33280K [0x0000000795580000, 0x000000079a080000, 0x00000007c0000000)
  eden space 33280K, 100% used [0x0000000795580000,0x0000000797600000,0x0000000797600000)
  from space 5120K, 0% used [0x0000000797600000,0x0000000797600000,0x0000000797b00000)
  to   space 5120K, 0% used [0x0000000799b80000,0x0000000799b80000,0x000000079a080000)
 ParOldGen       total 109056K, used 23009K [0x0000000740000000, 0x0000000746a80000, 0x0000000795580000)
  object space 109056K, 21% used [0x0000000740000000,0x0000000741678728,0x0000000746a80000)
 Metaspace       used 10120K, capacity 10257K, committed 10368K, reserved 1058816K
  class space    used 1075K, capacity 1151K, committed 1152K, reserved 1048576K
Event: 2.241 GC heap after
Heap after GC invocations=5 (full 1):
 PSYoungGen      total 60928K, used 128K [0x0000000795580000, 0x0000000799c00000, 0x00000007c0000000)
  eden space 60416K, 0% used [0x0000000795580000,0x0000000795580000,0x0000000799080000)
  from space 512K, 25% used [0x0000000799b80000,0x0000000799ba0000,0x0000000799c00000)
  to   space 5120K, 0% used [0x0000000799200000,0x0000000799200000,0x0000000799700000)
 ParOldGen       total 109056K, used 55417K [0x0000000740000000, 0x0000000746a80000, 0x0000000795580000)
  object space 109056K, 50% used [0x0000000740000000,0x000000074361e768,0x0000000746a80000)
 Metaspace       used 10120K, capacity 10257K, committed 10368K, reserved 1058816K
  class space    used 1075K, capacity 1151K, committed 1152K, reserved 1048576K
}
Event: 2.963 GC heap before
{Heap before GC invocations=6 (full 1):
 PSYoungGen      total 60928K, used 60544K [0x0000000795580000, 0x0000000799c00000, 0x00000007c0000000)
  eden space 60416K, 100% used [0x0000000795580000,0x0000000799080000,0x0000000799080000)
  from space 512K, 25% used [0x0000000799b80000,0x0000000799ba0000,0x0000000799c00000)
  to   space 5120K, 0% used [0x0000000799200000,0x0000000799200000,0x0000000799700000)
 ParOldGen       total 109056K, used 55417K [0x0000000740000000, 0x0000000746a80000, 0x0000000795580000)
  object space 109056K, 50% used [0x0000000740000000,0x000000074361e768,0x0000000746a80000)
 Metaspace       used 10238K, capacity 10449K, committed 10624K, reserved 1058816K
  class space    used 1091K, capacity 1151K, committed 1152K, reserved 1048576K
Event: 2.974 GC heap after
Heap after GC invocations=6 (full 1):
 PSYoungGen      total 67072K, used 224K [0x0000000795580000, 0x000000079f080000, 0x00000007c0000000)
  eden space 61952K, 0% used [0x0000000795580000,0x0000000795580000,0x0000000799200000)
  from space 5120K, 4% used [0x0000000799200000,0x0000000799238000,0x0000000799700000)
  to   space 25600K, 0% used [0x000000079d780000,0x000000079d780000,0x000000079f080000)
 ParOldGen       total 109056K, used 73650K [0x0000000740000000, 0x0000000746a80000, 0x0000000795580000)
  object space 109056K, 67% used [0x0000000740000000,0x00000007447ecb98,0x0000000746a80000)
 Metaspace       used 10238K, capacity 10449K, committed 10624K, reserved 1058816K
  class space    used 1091K, capacity 1151K, committed 1152K, reserved 1048576K
}
Event: 2.974 GC heap before
{Heap before GC invocations=7 (full 2):
 PSYoungGen      total 67072K, used 224K [0x0000000795580000, 0x000000079f080000, 0x00000007c0000000)
  eden space 61952K, 0% used [0x0000000795580000,0x0000000795580000,0x0000000799200000)
  from space 5120K, 4% used [0x0000000799200000,0x0000000799238000,0x0000000799700000)
  to   space 25600K, 0% used [0x000000079d780000,0x000000079d780000,0x000000079f080000)
 ParOldGen       total 109056K, used 73650K [0x0000000740000000, 0x0000000746a80000, 0x0000000795580000)
  object space 109056K, 67% used [0x0000000740000000,0x00000007447ecb98,0x0000000746a80000)
 Metaspace       used 10238K, capacity 10449K, committed 10624K, reserved 1058816K
  class space    used 1091K, capacity 1151K, committed 1152K, reserved 1048576K
Event: 2.999 GC heap after
Heap after GC invocations=7 (full 2):
 PSYoungGen      total 67072K, used 0K [0x0000000795580000, 0x000000079f080000, 0x00000007c0000000)
  eden space 61952K, 0% used [0x0000000795580000,0x0000000795580000,0x0000000799200000)
  from space 5120K, 0% used [0x0000000799200000,0x0000000799200000,0x0000000799700000)
  to   space 25600K, 0% used [0x000000079d780000,0x000000079d780000,0x000000079f080000)
 ParOldGen       total 109568K, used 10802K [0x0000000740000000, 0x0000000746b00000, 0x0000000795580000)
  object space 109568K, 9% used [0x0000000740000000,0x0000000740a8ca30,0x0000000746b00000)
 Metaspace       used 10238K, capacity 10449K, committed 10624K, reserved 1058816K
  class space    used 1091K, capacity 1151K, committed 1152K, reserved 1048576K
}
Event: 3.180 GC heap before
{Heap before GC invocations=8 (full 2):
 PSYoungGen      total 67072K, used 61952K [0x0000000795580000, 0x000000079f080000, 0x00000007c0000000)
  eden space 61952K, 100% used [0x0000000795580000,0x0000000799200000,0x0000000799200000)
  from space 5120K, 0% used [0x0000000799200000,0x0000000799200000,0x0000000799700000)
  to   space 25600K, 0% used [0x000000079d780000,0x000000079d780000,0x000000079f080000)
 ParOldGen       total 109568K, used 10802K [0x0000000740000000, 0x0000000746b00000, 0x0000000795580000)
  object space 109568K, 9% used [0x0000000740000000,0x0000000740a8ca30,0x0000000746b00000)
 Metaspace       used 10266K, capacity 10449K, committed 10624K, reserved 1058816K
  class space    used 1091K, capacity 1151K, committed 1152K, reserved 1048576K
Event: 3.200 GC heap after
Heap after GC invocations=8 (full 2):
 PSYoungGen      total 128512K, used 20516K [0x0000000795580000, 0x000000079f980000, 0x00000007c0000000)
  eden space 102912K, 0% used [0x0000000795580000,0x0000000795580000,0x000000079ba00000)
  from space 25600K, 80% used [0x000000079d780000,0x000000079eb89020,0x000000079f080000)
  to   space 30208K, 0% used [0x000000079ba00000,0x000000079ba00000,0x000000079d780000)
 ParOldGen       total 109568K, used 43486K [0x0000000740000000, 0x0000000746b00000, 0x0000000795580000)
  object space 109568K, 39% used [0x0000000740000000,0x0000000742a77a60,0x0000000746b00000)
 Metaspace       used 10266K, capacity 10449K, committed 10624K, reserved 1058816K
  class space    used 1091K, capacity 1151K, committed 1152K, reserved 1048576K
}
Event: 5.620 GC heap before
{Heap before GC invocations=9 (full 2):
 PSYoungGen      total 128512K, used 118599K [0x0000000795580000, 0x000000079f980000, 0x00000007c0000000)
  eden space 102912K, 95% used [0x0000000795580000,0x000000079b548fa0,0x000000079ba00000)
  from space 25600K, 80% used [0x000000079d780000,0x000000079eb89020,0x000000079f080000)
  to   space 30208K, 0% used [0x000000079ba00000,0x000000079ba00000,0x000000079d780000)
 ParOldGen       total 109568K, used 43486K [0x0000000740000000, 0x0000000746b00000, 0x0000000795580000)
  object space 109568K, 39% used [0x0000000740000000,0x0000000742a77a60,0x0000000746b00000)
 Metaspace       used 11591K, capacity 11729K, committed 12032K, reserved 1060864K
  class space    used 1213K, capacity 1279K, committed 1280K, reserved 1048576K
Event: 5.632 GC heap after
Heap after GC invocations=9 (full 2):
 PSYoungGen      total 133120K, used 6004K [0x0000000795580000, 0x00000007a3580000, 0x00000007c0000000)
  eden space 102912K, 0% used [0x0000000795580000,0x0000000795580000,0x000000079ba00000)
  from space 30208K, 19% used [0x000000079ba00000,0x000000079bfdd310,0x000000079d780000)
  to   space 28160K, 0% used [0x00000007a1a00000,0x00000007a1a00000,0x00000007a3580000)
 ParOldGen       total 109568K, used 43494K [0x0000000740000000, 0x0000000746b00000, 0x0000000795580000)
  object space 109568K, 39% used [0x0000000740000000,0x0000000742a79a60,0x0000000746b00000)
 Metaspace       used 11591K, capacity 11729K, committed 12032K, reserved 1060864K
  class space    used 1213K, capacity 1279K, committed 1280K, reserved 1048576K
}

