# JRE version: Java(TM) SE Runtime Environment (8.0_111-b14) (build 1.8.0_111-b14)
# Java VM: Java HotSpot(TM) 64-Bit Server VM (25.111-b14 mixed mode bsd-amd64 compressed oops)
Heap:
 PSYoungGen      total 179712K, used 74727K [0x0000000795580000, 0x00000007a2680000, 0x00000007c0000000)
  eden space 158720K, 46% used [0x0000000795580000,0x0000000799d99c08,0x000000079f080000)
  from space 20992K, 4% used [0x00000007a1200000,0x00000007a12e0000,0x00000007a2680000)
  to   space 27648K, 0% used [0x000000079f080000,0x000000079f080000,0x00000007a0b80000)
 ParOldGen       total 111104K, used 51602K [0x0000000740000000, 0x0000000746c80000, 0x0000000795580000)
  object space 111104K, 46% used [0x0000000740000000,0x00000007432648c0,0x0000000746c80000)
 Metaspace       used 11808K, capacity 12033K, committed 12416K, reserved 1060864K
  class space    used 1217K, capacity 1311K, committed 1408K, reserved 1048576K
GC Heap History (10 events):
Event: 3.241 GC heap before
{Heap before GC invocations=6 (full 1):
 PSYoungGen      total 59904K, used 59520K [0x0000000795580000, 0x0000000799c00000, 0x00000007c0000000)
  eden space 59392K, 100% used [0x0000000795580000,0x0000000798f80000,0x0000000798f80000)
  from space 512K, 25% used [0x0000000799b80000,0x0000000799ba0000,0x0000000799c00000)
  to   space 5120K, 0% used [0x0000000799200000,0x0000000799200000,0x0000000799700000)
 ParOldGen       total 109568K, used 55417K [0x0000000740000000, 0x0000000746b00000, 0x0000000795580000)
  object space 109568K, 50% used [0x0000000740000000,0x000000074361e678,0x0000000746b00000)
 Metaspace       used 10221K, capacity 10401K, committed 10624K, reserved 1058816K
  class space    used 1090K, capacity 1151K, committed 1152K, reserved 1048576K
Event: 3.252 GC heap after
Heap after GC invocations=6 (full 1):
 PSYoungGen      total 67072K, used 256K [0x0000000795580000, 0x000000079ec80000, 0x00000007c0000000)
  eden space 61952K, 0% used [0x0000000795580000,0x0000000795580000,0x0000000799200000)
  from space 5120K, 5% used [0x0000000799200000,0x0000000799240000,0x0000000799700000)
  to   space 25600K, 0% used [0x000000079d380000,0x000000079d380000,0x000000079ec80000)
 ParOldGen       total 109568K, used 73650K [0x0000000740000000, 0x0000000746b00000, 0x0000000795580000)
  object space 109568K, 67% used [0x0000000740000000,0x00000007447ecaa8,0x0000000746b00000)
 Metaspace       used 10221K, capacity 10401K, committed 10624K, reserved 1058816K
  class space    used 1090K, capacity 1151K, committed 1152K, reserved 1048576K
}
Event: 3.252 GC heap before
{Heap before GC invocations=7 (full 2):
 PSYoungGen      total 67072K, used 256K [0x0000000795580000, 0x000000079ec80000, 0x00000007c0000000)
  eden space 61952K, 0% used [0x0000000795580000,0x0000000795580000,0x0000000799200000)
  from space 5120K, 5% used [0x0000000799200000,0x0000000799240000,0x0000000799700000)
  to   space 25600K, 0% used [0x000000079d380000,0x000000079d380000,0x000000079ec80000)
 ParOldGen       total 109568K, used 73650K [0x0000000740000000, 0x0000000746b00000, 0x0000000795580000)
  object space 109568K, 67% used [0x0000000740000000,0x00000007447ecaa8,0x0000000746b00000)
 Metaspace       used 10221K, capacity 10401K, committed 10624K, reserved 1058816K
  class space    used 1090K, capacity 1151K, committed 1152K, reserved 1048576K
Event: 3.277 GC heap after
Heap after GC invocations=7 (full 2):
 PSYoungGen      total 67072K, used 0K [0x0000000795580000, 0x000000079ec80000, 0x00000007c0000000)
  eden space 61952K, 0% used [0x0000000795580000,0x0000000795580000,0x0000000799200000)
  from space 5120K, 0% used [0x0000000799200000,0x0000000799200000,0x0000000799700000)
  to   space 25600K, 0% used [0x000000079d380000,0x000000079d380000,0x000000079ec80000)
 ParOldGen       total 111104K, used 10802K [0x0000000740000000, 0x0000000746c80000, 0x0000000795580000)
  object space 111104K, 9% used [0x0000000740000000,0x0000000740a8c880,0x0000000746c80000)
 Metaspace       used 10221K, capacity 10401K, committed 10624K, reserved 1058816K
  class space    used 1090K, capacity 1151K, committed 1152K, reserved 1048576K
}
Event: 3.468 GC heap before
{Heap before GC invocations=8 (full 2):
 PSYoungGen      total 67072K, used 61952K [0x0000000795580000, 0x000000079ec80000, 0x00000007c0000000)
  eden space 61952K, 100% used [0x0000000795580000,0x0000000799200000,0x0000000799200000)
  from space 5120K, 0% used [0x0000000799200000,0x0000000799200000,0x0000000799700000)
  to   space 25600K, 0% used [0x000000079d380000,0x000000079d380000,0x000000079ec80000)
 ParOldGen       total 111104K, used 10802K [0x0000000740000000, 0x0000000746c80000, 0x0000000795580000)
  object space 111104K, 9% used [0x0000000740000000,0x0000000740a8c880,0x0000000746c80000)
 Metaspace       used 10250K, capacity 10465K, committed 10624K, reserved 1058816K
  class space    used 1091K, capacity 1151K, committed 1152K, reserved 1048576K
Event: 3.491 GC heap after
Heap after GC invocations=8 (full 2):
 PSYoungGen      total 124416K, used 20516K [0x0000000795580000, 0x000000079f900000, 0x00000007c0000000)
  eden space 98816K, 0% used [0x0000000795580000,0x0000000795580000,0x000000079b600000)
  from space 25600K, 80% used [0x000000079d380000,0x000000079e789020,0x000000079ec80000)
  to   space 30208K, 0% used [0x000000079b600000,0x000000079b600000,0x000000079d380000)
 ParOldGen       total 111104K, used 51586K [0x0000000740000000, 0x0000000746c80000, 0x0000000795580000)
  object space 111104K, 46% used [0x0000000740000000,0x00000007432608c0,0x0000000746c80000)
 Metaspace       used 10250K, capacity 10465K, committed 10624K, reserved 1058816K
  class space    used 1091K, capacity 1151K, committed 1152K, reserved 1048576K
}
Event: 6.125 GC heap before
{Heap before GC invocations=9 (full 2):
 PSYoungGen      total 124416K, used 115324K [0x0000000795580000, 0x000000079f900000, 0x00000007c0000000)
  eden space 98816K, 95% used [0x0000000795580000,0x000000079b2163c0,0x000000079b600000)
  from space 25600K, 80% used [0x000000079d380000,0x000000079e789020,0x000000079ec80000)
  to   space 30208K, 0% used [0x000000079b600000,0x000000079b600000,0x000000079d380000)
 ParOldGen       total 111104K, used 51586K [0x0000000740000000, 0x0000000746c80000, 0x0000000795580000)
  object space 111104K, 46% used [0x0000000740000000,0x00000007432608c0,0x0000000746c80000)
 Metaspace       used 11583K, capacity 11745K, committed 12032K, reserved 1060864K
  class space    used 1213K, capacity 1279K, committed 1280K, reserved 1048576K
Event: 6.131 GC heap after
Heap after GC invocations=9 (full 2):
 PSYoungGen      total 129024K, used 3969K [0x0000000795580000, 0x00000007a2d80000, 0x00000007c0000000)
  eden space 98816K, 0% used [0x0000000795580000,0x0000000795580000,0x000000079b600000)
  from space 30208K, 13% used [0x000000079b600000,0x000000079b9e0748,0x000000079d380000)
  to   space 28160K, 0% used [0x00000007a1200000,0x00000007a1200000,0x00000007a2d80000)
 ParOldGen       total 111104K, used 51594K [0x0000000740000000, 0x0000000746c80000, 0x0000000795580000)
  object space 111104K, 46% used [0x0000000740000000,0x00000007432628c0,0x0000000746c80000)
 Metaspace       used 11583K, capacity 11745K, committed 12032K, reserved 1060864K
  class space    used 1213K, capacity 1279K, committed 1280K, reserved 1048576K
}
Event: 12.452 GC heap before
{Heap before GC invocations=10 (full 2):
 PSYoungGen      total 129024K, used 102785K [0x0000000795580000, 0x00000007a2d80000, 0x00000007c0000000)
  eden space 98816K, 100% used [0x0000000795580000,0x000000079b600000,0x000000079b600000)
  from space 30208K, 13% used [0x000000079b600000,0x000000079b9e0748,0x000000079d380000)
  to   space 28160K, 0% used [0x00000007a1200000,0x00000007a1200000,0x00000007a2d80000)
 ParOldGen       total 111104K, used 51594K [0x0000000740000000, 0x0000000746c80000, 0x0000000795580000)
  object space 111104K, 46% used [0x0000000740000000,0x00000007432628c0,0x0000000746c80000)
 Metaspace       used 11760K, capacity 11969K, committed 12160K, reserved 1060864K
  class space    used 1216K, capacity 1311K, committed 1408K, reserved 1048576K
Event: 12.455 GC heap after
Heap after GC invocations=10 (full 2):
 PSYoungGen      total 179712K, used 896K [0x0000000795580000, 0x00000007a2680000, 0x00000007c0000000)
  eden space 158720K, 0% used [0x0000000795580000,0x0000000795580000,0x000000079f080000)
  from space 20992K, 4% used [0x00000007a1200000,0x00000007a12e0000,0x00000007a2680000)
  to   space 27648K, 0% used [0x000000079f080000,0x000000079f080000,0x00000007a0b80000)
 ParOldGen       total 111104K, used 51602K [0x0000000740000000, 0x0000000746c80000, 0x0000000795580000)
  object space 111104K, 46% used [0x0000000740000000,0x00000007432648c0,0x0000000746c80000)
 Metaspace       used 11760K, capacity 11969K, committed 12160K, reserved 1060864K
  class space    used 1216K, capacity 1311K, committed 1408K, reserved 1048576K
}

