# JRE version: Java(TM) SE Runtime Environment (8.0_111-b14) (build 1.8.0_111-b14)
# Java VM: Java HotSpot(TM) 64-Bit Server VM (25.111-b14 mixed mode bsd-amd64 compressed oops)
Heap:
 PSYoungGen      total 184832K, used 36120K [0x0000000795580000, 0x00000007a2c00000, 0x00000007c0000000)
  eden space 165376K, 21% used [0x0000000795580000,0x00000007977de168,0x000000079f700000)
  from space 19456K, 4% used [0x00000007a1900000,0x00000007a19e8000,0x00000007a2c00000)
  to   space 27136K, 0% used [0x000000079f700000,0x000000079f700000,0x00000007a1180000)
 ParOldGen       total 108544K, used 43502K [0x0000000740000000, 0x0000000746a00000, 0x0000000795580000)
  object space 108544K, 40% used [0x0000000740000000,0x0000000742a7b988,0x0000000746a00000)
 Metaspace       used 11798K, capacity 12017K, committed 12416K, reserved 1060864K
  class space    used 1218K, capacity 1311K, committed 1408K, reserved 1048576K
GC Heap History (10 events):
Event: 2.966 GC heap before
{Heap before GC invocations=6 (full 1):
 PSYoungGen      total 60928K, used 60544K [0x0000000795580000, 0x0000000799c00000, 0x00000007c0000000)
  eden space 60416K, 100% used [0x0000000795580000,0x0000000799080000,0x0000000799080000)
  from space 512K, 25% used [0x0000000799b80000,0x0000000799ba0000,0x0000000799c00000)
  to   space 5120K, 0% used [0x0000000799200000,0x0000000799200000,0x0000000799700000)
 ParOldGen       total 108032K, used 55433K [0x0000000740000000, 0x0000000746980000, 0x0000000795580000)
  object space 108032K, 51% used [0x0000000740000000,0x0000000743622430,0x0000000746980000)
 Metaspace       used 10222K, capacity 10385K, committed 10624K, reserved 1058816K
  class space    used 1091K, capacity 1151K, committed 1152K, reserved 1048576K
Event: 2.976 GC heap after
Heap after GC invocations=6 (full 1):
 PSYoungGen      total 67072K, used 224K [0x0000000795580000, 0x000000079f080000, 0x00000007c0000000)
  eden space 61952K, 0% used [0x0000000795580000,0x0000000795580000,0x0000000799200000)
  from space 5120K, 4% used [0x0000000799200000,0x0000000799238000,0x0000000799700000)
  to   space 25600K, 0% used [0x000000079d780000,0x000000079d780000,0x000000079f080000)
 ParOldGen       total 108032K, used 73666K [0x0000000740000000, 0x0000000746980000, 0x0000000795580000)
  object space 108032K, 68% used [0x0000000740000000,0x00000007447f0860,0x0000000746980000)
 Metaspace       used 10222K, capacity 10385K, committed 10624K, reserved 1058816K
  class space    used 1091K, capacity 1151K, committed 1152K, reserved 1048576K
}
Event: 2.976 GC heap before
{Heap before GC invocations=7 (full 2):
 PSYoungGen      total 67072K, used 224K [0x0000000795580000, 0x000000079f080000, 0x00000007c0000000)
  eden space 61952K, 0% used [0x0000000795580000,0x0000000795580000,0x0000000799200000)
  from space 5120K, 4% used [0x0000000799200000,0x0000000799238000,0x0000000799700000)
  to   space 25600K, 0% used [0x000000079d780000,0x000000079d780000,0x000000079f080000)
 ParOldGen       total 108032K, used 73666K [0x0000000740000000, 0x0000000746980000, 0x0000000795580000)
  object space 108032K, 68% used [0x0000000740000000,0x00000007447f0860,0x0000000746980000)
 Metaspace       used 10222K, capacity 10385K, committed 10624K, reserved 1058816K
  class space    used 1091K, capacity 1151K, committed 1152K, reserved 1048576K
Event: 3.003 GC heap after
Heap after GC invocations=7 (full 2):
 PSYoungGen      total 67072K, used 0K [0x0000000795580000, 0x000000079f080000, 0x00000007c0000000)
  eden space 61952K, 0% used [0x0000000795580000,0x0000000795580000,0x0000000799200000)
  from space 5120K, 0% used [0x0000000799200000,0x0000000799200000,0x0000000799700000)
  to   space 25600K, 0% used [0x000000079d780000,0x000000079d780000,0x000000079f080000)
 ParOldGen       total 108544K, used 10802K [0x0000000740000000, 0x0000000746a00000, 0x0000000795580000)
  object space 108544K, 9% used [0x0000000740000000,0x0000000740a8c958,0x0000000746a00000)
 Metaspace       used 10222K, capacity 10385K, committed 10624K, reserved 1058816K
  class space    used 1091K, capacity 1151K, committed 1152K, reserved 1048576K
}
Event: 3.237 GC heap before
{Heap before GC invocations=8 (full 2):
 PSYoungGen      total 67072K, used 61952K [0x0000000795580000, 0x000000079f080000, 0x00000007c0000000)
  eden space 61952K, 100% used [0x0000000795580000,0x0000000799200000,0x0000000799200000)
  from space 5120K, 0% used [0x0000000799200000,0x0000000799200000,0x0000000799700000)
  to   space 25600K, 0% used [0x000000079d780000,0x000000079d780000,0x000000079f080000)
 ParOldGen       total 108544K, used 10802K [0x0000000740000000, 0x0000000746a00000, 0x0000000795580000)
  object space 108544K, 9% used [0x0000000740000000,0x0000000740a8c958,0x0000000746a00000)
 Metaspace       used 10266K, capacity 10449K, committed 10624K, reserved 1058816K
  class space    used 1094K, capacity 1151K, committed 1152K, reserved 1048576K
Event: 3.263 GC heap after
Heap after GC invocations=8 (full 2):
 PSYoungGen      total 128512K, used 20484K [0x0000000795580000, 0x000000079f980000, 0x00000007c0000000)
  eden space 102912K, 0% used [0x0000000795580000,0x0000000795580000,0x000000079ba00000)
  from space 25600K, 80% used [0x000000079d780000,0x000000079eb81020,0x000000079f080000)
  to   space 30208K, 0% used [0x000000079ba00000,0x000000079ba00000,0x000000079d780000)
 ParOldGen       total 108544K, used 43486K [0x0000000740000000, 0x0000000746a00000, 0x0000000795580000)
  object space 108544K, 40% used [0x0000000740000000,0x0000000742a77988,0x0000000746a00000)
 Metaspace       used 10266K, capacity 10449K, committed 10624K, reserved 1058816K
  class space    used 1094K, capacity 1151K, committed 1152K, reserved 1048576K
}
Event: 5.750 GC heap before
{Heap before GC invocations=9 (full 2):
 PSYoungGen      total 128512K, used 118090K [0x0000000795580000, 0x000000079f980000, 0x00000007c0000000)
  eden space 102912K, 94% used [0x0000000795580000,0x000000079b4d1808,0x000000079ba00000)
  from space 25600K, 80% used [0x000000079d780000,0x000000079eb81020,0x000000079f080000)
  to   space 30208K, 0% used [0x000000079ba00000,0x000000079ba00000,0x000000079d780000)
 ParOldGen       total 108544K, used 43486K [0x0000000740000000, 0x0000000746a00000, 0x0000000795580000)
  object space 108544K, 40% used [0x0000000740000000,0x0000000742a77988,0x0000000746a00000)
 Metaspace       used 11580K, capacity 11729K, committed 12032K, reserved 1060864K
  class space    used 1214K, capacity 1279K, committed 1280K, reserved 1048576K
Event: 5.757 GC heap after
Heap after GC invocations=9 (full 2):
 PSYoungGen      total 133120K, used 6033K [0x0000000795580000, 0x00000007a3480000, 0x00000007c0000000)
  eden space 102912K, 0% used [0x0000000795580000,0x0000000795580000,0x000000079ba00000)
  from space 30208K, 19% used [0x000000079ba00000,0x000000079bfe4758,0x000000079d780000)
  to   space 28160K, 0% used [0x00000007a1900000,0x00000007a1900000,0x00000007a3480000)
 ParOldGen       total 108544K, used 43494K [0x0000000740000000, 0x0000000746a00000, 0x0000000795580000)
  object space 108544K, 40% used [0x0000000740000000,0x0000000742a79988,0x0000000746a00000)
 Metaspace       used 11580K, capacity 11729K, committed 12032K, reserved 1060864K
  class space    used 1214K, capacity 1279K, committed 1280K, reserved 1048576K
}
Event: 15.012 GC heap before
{Heap before GC invocations=10 (full 2):
 PSYoungGen      total 133120K, used 108945K [0x0000000795580000, 0x00000007a3480000, 0x00000007c0000000)
  eden space 102912K, 100% used [0x0000000795580000,0x000000079ba00000,0x000000079ba00000)
  from space 30208K, 19% used [0x000000079ba00000,0x000000079bfe4758,0x000000079d780000)
  to   space 28160K, 0% used [0x00000007a1900000,0x00000007a1900000,0x00000007a3480000)
 ParOldGen       total 108544K, used 43494K [0x0000000740000000, 0x0000000746a00000, 0x0000000795580000)
  object space 108544K, 40% used [0x0000000740000000,0x0000000742a79988,0x0000000746a00000)
 Metaspace       used 11773K, capacity 11953K, committed 12160K, reserved 1060864K
  class space    used 1217K, capacity 1311K, committed 1408K, reserved 1048576K
Event: 15.015 GC heap after
Heap after GC invocations=10 (full 2):
 PSYoungGen      total 184832K, used 928K [0x0000000795580000, 0x00000007a2c00000, 0x00000007c0000000)
  eden space 165376K, 0% used [0x0000000795580000,0x0000000795580000,0x000000079f700000)
  from space 19456K, 4% used [0x00000007a1900000,0x00000007a19e8000,0x00000007a2c00000)
  to   space 27136K, 0% used [0x000000079f700000,0x000000079f700000,0x00000007a1180000)
 ParOldGen       total 108544K, used 43502K [0x0000000740000000, 0x0000000746a00000, 0x0000000795580000)
  object space 108544K, 40% used [0x0000000740000000,0x0000000742a7b988,0x0000000746a00000)
 Metaspace       used 11773K, capacity 11953K, committed 12160K, reserved 1060864K
  class space    used 1217K, capacity 1311K, committed 1408K, reserved 1048576K
}

