# JRE version: Java(TM) SE Runtime Environment (8.0_111-b14) (build 1.8.0_111-b14)
# Java VM: Java HotSpot(TM) 64-Bit Server VM (25.111-b14 mixed mode bsd-amd64 compressed oops)
Heap:
 PSYoungGen      total 133120K, used 23201K [0x0000000795580000, 0x00000007a3b80000, 0x00000007c0000000)
  eden space 102912K, 21% used [0x0000000795580000,0x0000000796b504f8,0x000000079ba00000)
  from space 30208K, 2% used [0x000000079ba00000,0x000000079bad8000,0x000000079d780000)
  to   space 29184K, 0% used [0x00000007a1f00000,0x00000007a1f00000,0x00000007a3b80000)
 ParOldGen       total 108032K, used 43485K [0x0000000740000000, 0x0000000746980000, 0x0000000795580000)
  object space 108032K, 40% used [0x0000000740000000,0x0000000742a77728,0x0000000746980000)
 Metaspace       used 11385K, capacity 11577K, committed 11776K, reserved 1060864K
  class space    used 1180K, capacity 1247K, committed 1280K, reserved 1048576K
GC Heap History (10 events):
Event: 3.893 GC heap before
{Heap before GC invocations=5 (full 1):
 PSYoungGen      total 38400K, used 33280K [0x0000000795580000, 0x000000079a080000, 0x00000007c0000000)
  eden space 33280K, 100% used [0x0000000795580000,0x0000000797600000,0x0000000797600000)
  from space 5120K, 0% used [0x0000000797600000,0x0000000797600000,0x0000000797b00000)
  to   space 5120K, 0% used [0x0000000799b80000,0x0000000799b80000,0x000000079a080000)
 ParOldGen       total 109056K, used 23070K [0x0000000740000000, 0x0000000746a80000, 0x0000000795580000)
  object space 109056K, 21% used [0x0000000740000000,0x0000000741687910,0x0000000746a80000)
 Metaspace       used 10116K, capacity 10265K, committed 10368K, reserved 1058816K
  class space    used 1075K, capacity 1151K, committed 1152K, reserved 1048576K
Event: 3.899 GC heap after
Heap after GC invocations=5 (full 1):
 PSYoungGen      total 60928K, used 96K [0x0000000795580000, 0x0000000799c00000, 0x00000007c0000000)
  eden space 60416K, 0% used [0x0000000795580000,0x0000000795580000,0x0000000799080000)
  from space 512K, 18% used [0x0000000799b80000,0x0000000799b98000,0x0000000799c00000)
  to   space 5120K, 0% used [0x0000000799200000,0x0000000799200000,0x0000000799700000)
 ParOldGen       total 109056K, used 55478K [0x0000000740000000, 0x0000000746a80000, 0x0000000795580000)
  object space 109056K, 50% used [0x0000000740000000,0x000000074362d950,0x0000000746a80000)
 Metaspace       used 10116K, capacity 10265K, committed 10368K, reserved 1058816K
  class space    used 1075K, capacity 1151K, committed 1152K, reserved 1048576K
}
Event: 4.798 GC heap before
{Heap before GC invocations=6 (full 1):
 PSYoungGen      total 60928K, used 60512K [0x0000000795580000, 0x0000000799c00000, 0x00000007c0000000)
  eden space 60416K, 100% used [0x0000000795580000,0x0000000799080000,0x0000000799080000)
  from space 512K, 18% used [0x0000000799b80000,0x0000000799b98000,0x0000000799c00000)
  to   space 5120K, 0% used [0x0000000799200000,0x0000000799200000,0x0000000799700000)
 ParOldGen       total 109056K, used 55478K [0x0000000740000000, 0x0000000746a80000, 0x0000000795580000)
  object space 109056K, 50% used [0x0000000740000000,0x000000074362d950,0x0000000746a80000)
 Metaspace       used 10247K, capacity 10393K, committed 10624K, reserved 1058816K
  class space    used 1093K, capacity 1151K, committed 1152K, reserved 1048576K
Event: 4.811 GC heap after
Heap after GC invocations=6 (full 1):
 PSYoungGen      total 67072K, used 256K [0x0000000795580000, 0x000000079f080000, 0x00000007c0000000)
  eden space 61952K, 0% used [0x0000000795580000,0x0000000795580000,0x0000000799200000)
  from space 5120K, 5% used [0x0000000799200000,0x0000000799240000,0x0000000799700000)
  to   space 25600K, 0% used [0x000000079d780000,0x000000079d780000,0x000000079f080000)
 ParOldGen       total 109056K, used 73711K [0x0000000740000000, 0x0000000746a80000, 0x0000000795580000)
  object space 109056K, 67% used [0x0000000740000000,0x00000007447fbd80,0x0000000746a80000)
 Metaspace       used 10247K, capacity 10393K, committed 10624K, reserved 1058816K
  class space    used 1093K, capacity 1151K, committed 1152K, reserved 1048576K
}
Event: 4.811 GC heap before
{Heap before GC invocations=7 (full 2):
 PSYoungGen      total 67072K, used 256K [0x0000000795580000, 0x000000079f080000, 0x00000007c0000000)
  eden space 61952K, 0% used [0x0000000795580000,0x0000000795580000,0x0000000799200000)
  from space 5120K, 5% used [0x0000000799200000,0x0000000799240000,0x0000000799700000)
  to   space 25600K, 0% used [0x000000079d780000,0x000000079d780000,0x000000079f080000)
 ParOldGen       total 109056K, used 73711K [0x0000000740000000, 0x0000000746a80000, 0x0000000795580000)
  object space 109056K, 67% used [0x0000000740000000,0x00000007447fbd80,0x0000000746a80000)
 Metaspace       used 10247K, capacity 10393K, committed 10624K, reserved 1058816K
  class space    used 1093K, capacity 1151K, committed 1152K, reserved 1048576K
Event: 4.832 GC heap after
Heap after GC invocations=7 (full 2):
 PSYoungGen      total 67072K, used 0K [0x0000000795580000, 0x000000079f080000, 0x00000007c0000000)
  eden space 61952K, 0% used [0x0000000795580000,0x0000000795580000,0x0000000799200000)
  from space 5120K, 0% used [0x0000000799200000,0x0000000799200000,0x0000000799700000)
  to   space 25600K, 0% used [0x000000079d780000,0x000000079d780000,0x000000079f080000)
 ParOldGen       total 108032K, used 10793K [0x0000000740000000, 0x0000000746980000, 0x0000000795580000)
  object space 108032K, 9% used [0x0000000740000000,0x0000000740a8a6f8,0x0000000746980000)
 Metaspace       used 10247K, capacity 10393K, committed 10624K, reserved 1058816K
  class space    used 1093K, capacity 1151K, committed 1152K, reserved 1048576K
}
Event: 5.028 GC heap before
{Heap before GC invocations=8 (full 2):
 PSYoungGen      total 67072K, used 61952K [0x0000000795580000, 0x000000079f080000, 0x00000007c0000000)
  eden space 61952K, 100% used [0x0000000795580000,0x0000000799200000,0x0000000799200000)
  from space 5120K, 0% used [0x0000000799200000,0x0000000799200000,0x0000000799700000)
  to   space 25600K, 0% used [0x000000079d780000,0x000000079d780000,0x000000079f080000)
 ParOldGen       total 108032K, used 10793K [0x0000000740000000, 0x0000000746980000, 0x0000000795580000)
  object space 108032K, 9% used [0x0000000740000000,0x0000000740a8a6f8,0x0000000746980000)
 Metaspace       used 10276K, capacity 10393K, committed 10624K, reserved 1058816K
  class space    used 1094K, capacity 1151K, committed 1152K, reserved 1048576K
Event: 5.048 GC heap after
Heap after GC invocations=8 (full 2):
 PSYoungGen      total 128512K, used 20516K [0x0000000795580000, 0x000000079fc00000, 0x00000007c0000000)
  eden space 102912K, 0% used [0x0000000795580000,0x0000000795580000,0x000000079ba00000)
  from space 25600K, 80% used [0x000000079d780000,0x000000079eb89020,0x000000079f080000)
  to   space 30208K, 0% used [0x000000079ba00000,0x000000079ba00000,0x000000079d780000)
 ParOldGen       total 108032K, used 43477K [0x0000000740000000, 0x0000000746980000, 0x0000000795580000)
  object space 108032K, 40% used [0x0000000740000000,0x0000000742a75728,0x0000000746980000)
 Metaspace       used 10276K, capacity 10393K, committed 10624K, reserved 1058816K
  class space    used 1094K, capacity 1151K, committed 1152K, reserved 1048576K
}
Event: 123.695 GC heap before
{Heap before GC invocations=9 (full 2):
 PSYoungGen      total 128512K, used 123428K [0x0000000795580000, 0x000000079fc00000, 0x00000007c0000000)
  eden space 102912K, 100% used [0x0000000795580000,0x000000079ba00000,0x000000079ba00000)
  from space 25600K, 80% used [0x000000079d780000,0x000000079eb89020,0x000000079f080000)
  to   space 30208K, 0% used [0x000000079ba00000,0x000000079ba00000,0x000000079d780000)
 ParOldGen       total 108032K, used 43477K [0x0000000740000000, 0x0000000746980000, 0x0000000795580000)
  object space 108032K, 40% used [0x0000000740000000,0x0000000742a75728,0x0000000746980000)
 Metaspace       used 11375K, capacity 11513K, committed 11776K, reserved 1060864K
  class space    used 1179K, capacity 1247K, committed 1280K, reserved 1048576K
Event: 123.699 GC heap after
Heap after GC invocations=9 (full 2):
 PSYoungGen      total 133120K, used 864K [0x0000000795580000, 0x00000007a3b80000, 0x00000007c0000000)
  eden space 102912K, 0% used [0x0000000795580000,0x0000000795580000,0x000000079ba00000)
  from space 30208K, 2% used [0x000000079ba00000,0x000000079bad8000,0x000000079d780000)
  to   space 29184K, 0% used [0x00000007a1f00000,0x00000007a1f00000,0x00000007a3b80000)
 ParOldGen       total 108032K, used 43485K [0x0000000740000000, 0x0000000746980000, 0x0000000795580000)
  object space 108032K, 40% used [0x0000000740000000,0x0000000742a77728,0x0000000746980000)
 Metaspace       used 11375K, capacity 11513K, committed 11776K, reserved 1060864K
  class space    used 1179K, capacity 1247K, committed 1280K, reserved 1048576K
}

