# JRE version: Java(TM) SE Runtime Environment (8.0_111-b14) (build 1.8.0_111-b14)
# Java VM: Java HotSpot(TM) 64-Bit Server VM (25.111-b14 mixed mode bsd-amd64 compressed oops)
Heap:
 PSYoungGen      total 67072K, used 27348K [0x0000000795580000, 0x000000079ed00000, 0x00000007c0000000)
  eden space 61952K, 43% used [0x0000000795580000,0x0000000796ffd2e0,0x0000000799200000)
  from space 5120K, 4% used [0x0000000799200000,0x0000000799238000,0x0000000799700000)
  to   space 25600K, 0% used [0x000000079d400000,0x000000079d400000,0x000000079ed00000)
 ParOldGen       total 109568K, used 55472K [0x0000000740000000, 0x0000000746b00000, 0x0000000795580000)
  object space 109568K, 50% used [0x0000000740000000,0x000000074362c020,0x0000000746b00000)
 Metaspace       used 10600K, capacity 10801K, committed 11008K, reserved 1058816K
  class space    used 1104K, capacity 1183K, committed 1280K, reserved 1048576K
GC Heap History (10 events):
Event: 1.665 GC heap before
{Heap before GC invocations=2 (full 0):
 PSYoungGen      total 38400K, used 38396K [0x0000000795580000, 0x0000000798000000, 0x00000007c0000000)
  eden space 33280K, 100% used [0x0000000795580000,0x0000000797600000,0x0000000797600000)
  from space 5120K, 99% used [0x0000000797600000,0x0000000797aff3c8,0x0000000797b00000)
  to   space 5120K, 0% used [0x0000000797b00000,0x0000000797b00000,0x0000000798000000)
 ParOldGen       total 87552K, used 18762K [0x0000000740000000, 0x0000000745580000, 0x0000000795580000)
  object space 87552K, 21% used [0x0000000740000000,0x0000000741252ad8,0x0000000745580000)
 Metaspace       used 9022K, capacity 9219K, committed 9472K, reserved 1058816K
  class space    used 940K, capacity 1020K, committed 1024K, reserved 1048576K
Event: 1.672 GC heap after
Heap after GC invocations=2 (full 0):
 PSYoungGen      total 38400K, used 4678K [0x0000000795580000, 0x000000079a080000, 0x00000007c0000000)
  eden space 33280K, 0% used [0x0000000795580000,0x0000000795580000,0x0000000797600000)
  from space 5120K, 91% used [0x0000000797b00000,0x0000000797f91868,0x0000000798000000)
  to   space 5120K, 0% used [0x0000000797600000,0x0000000797600000,0x0000000797b00000)
 ParOldGen       total 87552K, used 18770K [0x0000000740000000, 0x0000000745580000, 0x0000000795580000)
  object space 87552K, 21% used [0x0000000740000000,0x0000000741254ad8,0x0000000745580000)
 Metaspace       used 9022K, capacity 9219K, committed 9472K, reserved 1058816K
  class space    used 940K, capacity 1020K, committed 1024K, reserved 1048576K
}
Event: 1.804 GC heap before
{Heap before GC invocations=3 (full 0):
 PSYoungGen      total 38400K, used 34880K [0x0000000795580000, 0x000000079a080000, 0x00000007c0000000)
  eden space 33280K, 90% used [0x0000000795580000,0x00000007972fe8b0,0x0000000797600000)
  from space 5120K, 91% used [0x0000000797b00000,0x0000000797f91868,0x0000000798000000)
  to   space 5120K, 0% used [0x0000000797600000,0x0000000797600000,0x0000000797b00000)
 ParOldGen       total 87552K, used 18770K [0x0000000740000000, 0x0000000745580000, 0x0000000795580000)
  object space 87552K, 21% used [0x0000000740000000,0x0000000741254ad8,0x0000000745580000)
 Metaspace       used 10032K, capacity 10257K, committed 10368K, reserved 1058816K
  class space    used 1071K, capacity 1151K, committed 1152K, reserved 1048576K
Event: 1.824 GC heap after
Heap after GC invocations=3 (full 0):
 PSYoungGen      total 38400K, used 4758K [0x0000000795580000, 0x000000079a080000, 0x00000007c0000000)
  eden space 33280K, 0% used [0x0000000795580000,0x0000000795580000,0x0000000797600000)
  from space 5120K, 92% used [0x0000000797600000,0x0000000797aa5878,0x0000000797b00000)
  to   space 5120K, 0% used [0x0000000799b80000,0x0000000799b80000,0x000000079a080000)
 ParOldGen       total 87552K, used 55642K [0x0000000740000000, 0x0000000745580000, 0x0000000795580000)
  object space 87552K, 63% used [0x0000000740000000,0x0000000743656b08,0x0000000745580000)
 Metaspace       used 10032K, capacity 10257K, committed 10368K, reserved 1058816K
  class space    used 1071K, capacity 1151K, committed 1152K, reserved 1048576K
}
Event: 1.824 GC heap before
{Heap before GC invocations=4 (full 1):
 PSYoungGen      total 38400K, used 4758K [0x0000000795580000, 0x000000079a080000, 0x00000007c0000000)
  eden space 33280K, 0% used [0x0000000795580000,0x0000000795580000,0x0000000797600000)
  from space 5120K, 92% used [0x0000000797600000,0x0000000797aa5878,0x0000000797b00000)
  to   space 5120K, 0% used [0x0000000799b80000,0x0000000799b80000,0x000000079a080000)
 ParOldGen       total 87552K, used 55642K [0x0000000740000000, 0x0000000745580000, 0x0000000795580000)
  object space 87552K, 63% used [0x0000000740000000,0x0000000743656b08,0x0000000745580000)
 Metaspace       used 10032K, capacity 10257K, committed 10368K, reserved 1058816K
  class space    used 1071K, capacity 1151K, committed 1152K, reserved 1048576K
Event: 1.850 GC heap after
Heap after GC invocations=4 (full 1):
 PSYoungGen      total 38400K, used 0K [0x0000000795580000, 0x000000079a080000, 0x00000007c0000000)
  eden space 33280K, 0% used [0x0000000795580000,0x0000000795580000,0x0000000797600000)
  from space 5120K, 0% used [0x0000000797600000,0x0000000797600000,0x0000000797b00000)
  to   space 5120K, 0% used [0x0000000799b80000,0x0000000799b80000,0x000000079a080000)
 ParOldGen       total 109568K, used 23055K [0x0000000740000000, 0x0000000746b00000, 0x0000000795580000)
  object space 109568K, 21% used [0x0000000740000000,0x0000000741683fe0,0x0000000746b00000)
 Metaspace       used 10032K, capacity 10257K, committed 10368K, reserved 1058816K
  class space    used 1071K, capacity 1151K, committed 1152K, reserved 1048576K
}
Event: 1.980 GC heap before
{Heap before GC invocations=5 (full 1):
 PSYoungGen      total 38400K, used 33280K [0x0000000795580000, 0x000000079a080000, 0x00000007c0000000)
  eden space 33280K, 100% used [0x0000000795580000,0x0000000797600000,0x0000000797600000)
  from space 5120K, 0% used [0x0000000797600000,0x0000000797600000,0x0000000797b00000)
  to   space 5120K, 0% used [0x0000000799b80000,0x0000000799b80000,0x000000079a080000)
 ParOldGen       total 109568K, used 23055K [0x0000000740000000, 0x0000000746b00000, 0x0000000795580000)
  object space 109568K, 21% used [0x0000000740000000,0x0000000741683fe0,0x0000000746b00000)
 Metaspace       used 10079K, capacity 10257K, committed 10368K, reserved 1058816K
  class space    used 1074K, capacity 1151K, committed 1152K, reserved 1048576K
Event: 1.986 GC heap after
Heap after GC invocations=5 (full 1):
 PSYoungGen      total 60416K, used 128K [0x0000000795580000, 0x0000000799c00000, 0x00000007c0000000)
  eden space 59904K, 0% used [0x0000000795580000,0x0000000795580000,0x0000000799000000)
  from space 512K, 25% used [0x0000000799b80000,0x0000000799ba0000,0x0000000799c00000)
  to   space 5120K, 0% used [0x0000000799200000,0x0000000799200000,0x0000000799700000)
 ParOldGen       total 109568K, used 55464K [0x0000000740000000, 0x0000000746b00000, 0x0000000795580000)
  object space 109568K, 50% used [0x0000000740000000,0x000000074362a020,0x0000000746b00000)
 Metaspace       used 10079K, capacity 10257K, committed 10368K, reserved 1058816K
  class space    used 1074K, capacity 1151K, committed 1152K, reserved 1048576K
}
Event: 26.241 GC heap before
{Heap before GC invocations=6 (full 1):
 PSYoungGen      total 60416K, used 60032K [0x0000000795580000, 0x0000000799c00000, 0x00000007c0000000)
  eden space 59904K, 100% used [0x0000000795580000,0x0000000799000000,0x0000000799000000)
  from space 512K, 25% used [0x0000000799b80000,0x0000000799ba0000,0x0000000799c00000)
  to   space 5120K, 0% used [0x0000000799200000,0x0000000799200000,0x0000000799700000)
 ParOldGen       total 109568K, used 55464K [0x0000000740000000, 0x0000000746b00000, 0x0000000795580000)
  object space 109568K, 50% used [0x0000000740000000,0x000000074362a020,0x0000000746b00000)
 Metaspace       used 10586K, capacity 10737K, committed 11008K, reserved 1058816K
  class space    used 1103K, capacity 1183K, committed 1280K, reserved 1048576K
Event: 26.243 GC heap after
Heap after GC invocations=6 (full 1):
 PSYoungGen      total 67072K, used 224K [0x0000000795580000, 0x000000079ed00000, 0x00000007c0000000)
  eden space 61952K, 0% used [0x0000000795580000,0x0000000795580000,0x0000000799200000)
  from space 5120K, 4% used [0x0000000799200000,0x0000000799238000,0x0000000799700000)
  to   space 25600K, 0% used [0x000000079d400000,0x000000079d400000,0x000000079ed00000)
 ParOldGen       total 109568K, used 55472K [0x0000000740000000, 0x0000000746b00000, 0x0000000795580000)
  object space 109568K, 50% used [0x0000000740000000,0x000000074362c020,0x0000000746b00000)
 Metaspace       used 10586K, capacity 10737K, committed 11008K, reserved 1058816K
  class space    used 1103K, capacity 1183K, committed 1280K, reserved 1048576K
}

