# JRE version: Java(TM) SE Runtime Environment (8.0_111-b14) (build 1.8.0_111-b14)
# Java VM: Java HotSpot(TM) 64-Bit Server VM (25.111-b14 mixed mode bsd-amd64 compressed oops)
Heap:
 PSYoungGen      total 189440K, used 28372K [0x0000000795580000, 0x00000007a3000000, 0x00000007c0000000)
  eden space 169472K, 16% used [0x0000000795580000,0x00000007970552c8,0x000000079fb00000)
  from space 19968K, 4% used [0x00000007a1c80000,0x00000007a1d60000,0x00000007a3000000)
  to   space 27136K, 0% used [0x000000079fb00000,0x000000079fb00000,0x00000007a1580000)
 ParOldGen       total 132608K, used 39241K [0x0000000740000000, 0x0000000748180000, 0x0000000795580000)
  object space 132608K, 29% used [0x0000000740000000,0x00000007426525b0,0x0000000748180000)
 Metaspace       used 11806K, capacity 12017K, committed 12416K, reserved 1060864K
  class space    used 1218K, capacity 1311K, committed 1408K, reserved 1048576K
GC Heap History (10 events):
Event: 2.965 GC heap before
{Heap before GC invocations=6 (full 1):
 PSYoungGen      total 60928K, used 60544K [0x0000000795580000, 0x0000000799c00000, 0x00000007c0000000)
  eden space 60416K, 100% used [0x0000000795580000,0x0000000799080000,0x0000000799080000)
  from space 512K, 25% used [0x0000000799b80000,0x0000000799ba0000,0x0000000799c00000)
  to   space 5120K, 0% used [0x0000000799200000,0x0000000799200000,0x0000000799700000)
 ParOldGen       total 108544K, used 47277K [0x0000000740000000, 0x0000000746a00000, 0x0000000795580000)
  object space 108544K, 43% used [0x0000000740000000,0x0000000742e2b508,0x0000000746a00000)
 Metaspace       used 10234K, capacity 10449K, committed 10624K, reserved 1058816K
  class space    used 1091K, capacity 1151K, committed 1152K, reserved 1048576K
Event: 2.973 GC heap after
Heap after GC invocations=6 (full 1):
 PSYoungGen      total 67072K, used 256K [0x0000000795580000, 0x000000079f000000, 0x00000007c0000000)
  eden space 61952K, 0% used [0x0000000795580000,0x0000000795580000,0x0000000799200000)
  from space 5120K, 5% used [0x0000000799200000,0x0000000799240000,0x0000000799700000)
  to   space 25600K, 0% used [0x000000079d700000,0x000000079d700000,0x000000079f000000)
 ParOldGen       total 108544K, used 65510K [0x0000000740000000, 0x0000000746a00000, 0x0000000795580000)
  object space 108544K, 60% used [0x0000000740000000,0x0000000743ff9938,0x0000000746a00000)
 Metaspace       used 10234K, capacity 10449K, committed 10624K, reserved 1058816K
  class space    used 1091K, capacity 1151K, committed 1152K, reserved 1048576K
}
Event: 3.165 GC heap before
{Heap before GC invocations=7 (full 1):
 PSYoungGen      total 67072K, used 62208K [0x0000000795580000, 0x000000079f000000, 0x00000007c0000000)
  eden space 61952K, 100% used [0x0000000795580000,0x0000000799200000,0x0000000799200000)
  from space 5120K, 5% used [0x0000000799200000,0x0000000799240000,0x0000000799700000)
  to   space 25600K, 0% used [0x000000079d700000,0x000000079d700000,0x000000079f000000)
 ParOldGen       total 108544K, used 65510K [0x0000000740000000, 0x0000000746a00000, 0x0000000795580000)
  object space 108544K, 60% used [0x0000000740000000,0x0000000743ff9938,0x0000000746a00000)
 Metaspace       used 10274K, capacity 10449K, committed 10624K, reserved 1058816K
  class space    used 1094K, capacity 1151K, committed 1152K, reserved 1048576K
Event: 3.191 GC heap after
Heap after GC invocations=7 (full 1):
 PSYoungGen      total 128000K, used 20548K [0x0000000795580000, 0x000000079ff00000, 0x00000007c0000000)
  eden space 102400K, 0% used [0x0000000795580000,0x0000000795580000,0x000000079b980000)
  from space 25600K, 80% used [0x000000079d700000,0x000000079eb11020,0x000000079f000000)
  to   space 30208K, 0% used [0x000000079b980000,0x000000079b980000,0x000000079d700000)
 ParOldGen       total 108544K, used 98194K [0x0000000740000000, 0x0000000746a00000, 0x0000000795580000)
  object space 108544K, 90% used [0x0000000740000000,0x0000000745fe4968,0x0000000746a00000)
 Metaspace       used 10274K, capacity 10449K, committed 10624K, reserved 1058816K
  class space    used 1094K, capacity 1151K, committed 1152K, reserved 1048576K
}
Event: 3.191 GC heap before
{Heap before GC invocations=8 (full 2):
 PSYoungGen      total 128000K, used 20548K [0x0000000795580000, 0x000000079ff00000, 0x00000007c0000000)
  eden space 102400K, 0% used [0x0000000795580000,0x0000000795580000,0x000000079b980000)
  from space 25600K, 80% used [0x000000079d700000,0x000000079eb11020,0x000000079f000000)
  to   space 30208K, 0% used [0x000000079b980000,0x000000079b980000,0x000000079d700000)
 ParOldGen       total 108544K, used 98194K [0x0000000740000000, 0x0000000746a00000, 0x0000000795580000)
  object space 108544K, 90% used [0x0000000740000000,0x0000000745fe4968,0x0000000746a00000)
 Metaspace       used 10274K, capacity 10449K, committed 10624K, reserved 1058816K
  class space    used 1094K, capacity 1151K, committed 1152K, reserved 1048576K
Event: 3.220 GC heap after
Heap after GC invocations=8 (full 2):
 PSYoungGen      total 128000K, used 0K [0x0000000795580000, 0x000000079ff00000, 0x00000007c0000000)
  eden space 102400K, 0% used [0x0000000795580000,0x0000000795580000,0x000000079b980000)
  from space 25600K, 0% used [0x000000079d700000,0x000000079d700000,0x000000079f000000)
  to   space 30208K, 0% used [0x000000079b980000,0x000000079b980000,0x000000079d700000)
 ParOldGen       total 132608K, used 39225K [0x0000000740000000, 0x0000000748180000, 0x0000000795580000)
  object space 132608K, 29% used [0x0000000740000000,0x000000074264e5b0,0x0000000748180000)
 Metaspace       used 10274K, capacity 10449K, committed 10624K, reserved 1058816K
  class space    used 1094K, capacity 1151K, committed 1152K, reserved 1048576K
}
Event: 5.787 GC heap before
{Heap before GC invocations=9 (full 2):
 PSYoungGen      total 128000K, used 97399K [0x0000000795580000, 0x000000079ff00000, 0x00000007c0000000)
  eden space 102400K, 95% used [0x0000000795580000,0x000000079b49dd30,0x000000079b980000)
  from space 25600K, 0% used [0x000000079d700000,0x000000079d700000,0x000000079f000000)
  to   space 30208K, 0% used [0x000000079b980000,0x000000079b980000,0x000000079d700000)
 ParOldGen       total 132608K, used 39225K [0x0000000740000000, 0x0000000748180000, 0x0000000795580000)
  object space 132608K, 29% used [0x0000000740000000,0x000000074264e5b0,0x0000000748180000)
 Metaspace       used 11587K, capacity 11729K, committed 12032K, reserved 1060864K
  class space    used 1214K, capacity 1279K, committed 1280K, reserved 1048576K
Event: 5.795 GC heap after
Heap after GC invocations=9 (full 2):
 PSYoungGen      total 132608K, used 6013K [0x0000000795580000, 0x00000007a3800000, 0x00000007c0000000)
  eden space 102400K, 0% used [0x0000000795580000,0x0000000795580000,0x000000079b980000)
  from space 30208K, 19% used [0x000000079b980000,0x000000079bf5f6f8,0x000000079d700000)
  to   space 28160K, 0% used [0x00000007a1c80000,0x00000007a1c80000,0x00000007a3800000)
 ParOldGen       total 132608K, used 39233K [0x0000000740000000, 0x0000000748180000, 0x0000000795580000)
  object space 132608K, 29% used [0x0000000740000000,0x00000007426505b0,0x0000000748180000)
 Metaspace       used 11587K, capacity 11729K, committed 12032K, reserved 1060864K
  class space    used 1214K, capacity 1279K, committed 1280K, reserved 1048576K
}
Event: 15.146 GC heap before
{Heap before GC invocations=10 (full 2):
 PSYoungGen      total 132608K, used 108413K [0x0000000795580000, 0x00000007a3800000, 0x00000007c0000000)
  eden space 102400K, 100% used [0x0000000795580000,0x000000079b980000,0x000000079b980000)
  from space 30208K, 19% used [0x000000079b980000,0x000000079bf5f6f8,0x000000079d700000)
  to   space 28160K, 0% used [0x00000007a1c80000,0x00000007a1c80000,0x00000007a3800000)
 ParOldGen       total 132608K, used 39233K [0x0000000740000000, 0x0000000748180000, 0x0000000795580000)
  object space 132608K, 29% used [0x0000000740000000,0x00000007426505b0,0x0000000748180000)
 Metaspace       used 11780K, capacity 11953K, committed 12160K, reserved 1060864K
  class space    used 1217K, capacity 1311K, committed 1408K, reserved 1048576K
Event: 15.149 GC heap after
Heap after GC invocations=10 (full 2):
 PSYoungGen      total 189440K, used 896K [0x0000000795580000, 0x00000007a3000000, 0x00000007c0000000)
  eden space 169472K, 0% used [0x0000000795580000,0x0000000795580000,0x000000079fb00000)
  from space 19968K, 4% used [0x00000007a1c80000,0x00000007a1d60000,0x00000007a3000000)
  to   space 27136K, 0% used [0x000000079fb00000,0x000000079fb00000,0x00000007a1580000)
 ParOldGen       total 132608K, used 39241K [0x0000000740000000, 0x0000000748180000, 0x0000000795580000)
  object space 132608K, 29% used [0x0000000740000000,0x00000007426525b0,0x0000000748180000)
 Metaspace       used 11780K, capacity 11953K, committed 12160K, reserved 1060864K
  class space    used 1217K, capacity 1311K, committed 1408K, reserved 1048576K
}

