# JRE version: Java(TM) SE Runtime Environment (8.0_111-b14) (build 1.8.0_111-b14)
# Java VM: Java HotSpot(TM) 64-Bit Server VM (25.111-b14 mixed mode bsd-amd64 compressed oops)
Heap:
 PSYoungGen      total 126976K, used 119461K [0x0000000795580000, 0x000000079fb00000, 0x00000007c0000000)
  eden space 101376K, 97% used [0x0000000795580000,0x000000079b628528,0x000000079b880000)
  from space 25600K, 80% used [0x000000079d600000,0x000000079ea01020,0x000000079ef00000)
  to   space 30208K, 0% used [0x000000079b880000,0x000000079b880000,0x000000079d600000)
 ParOldGen       total 108032K, used 43489K [0x0000000740000000, 0x0000000746980000, 0x0000000795580000)
  object space 108032K, 40% used [0x0000000740000000,0x0000000742a78590,0x0000000746980000)
 Metaspace       used 11429K, capacity 11569K, committed 11776K, reserved 1060864K
  class space    used 1181K, capacity 1247K, committed 1280K, reserved 1048576K
GC Heap History (10 events):
Event: 2.007 GC heap before
{Heap before GC invocations=4 (full 1):
 PSYoungGen      total 38400K, used 4792K [0x0000000795580000, 0x000000079a080000, 0x00000007c0000000)
  eden space 33280K, 0% used [0x0000000795580000,0x0000000795580000,0x0000000797600000)
  from space 5120K, 93% used [0x0000000797600000,0x0000000797aae158,0x0000000797b00000)
  to   space 5120K, 0% used [0x0000000799b80000,0x0000000799b80000,0x000000079a080000)
 ParOldGen       total 87552K, used 55626K [0x0000000740000000, 0x0000000745580000, 0x0000000795580000)
  object space 87552K, 63% used [0x0000000740000000,0x0000000743652b08,0x0000000745580000)
 Metaspace       used 10071K, capacity 10257K, committed 10368K, reserved 1058816K
  class space    used 1072K, capacity 1151K, committed 1152K, reserved 1048576K
Event: 2.032 GC heap after
Heap after GC invocations=4 (full 1):
 PSYoungGen      total 38400K, used 0K [0x0000000795580000, 0x000000079a080000, 0x00000007c0000000)
  eden space 33280K, 0% used [0x0000000795580000,0x0000000795580000,0x0000000797600000)
  from space 5120K, 0% used [0x0000000797600000,0x0000000797600000,0x0000000797b00000)
  to   space 5120K, 0% used [0x0000000799b80000,0x0000000799b80000,0x000000079a080000)
 ParOldGen       total 109056K, used 23066K [0x0000000740000000, 0x0000000746a80000, 0x0000000795580000)
  object space 109056K, 21% used [0x0000000740000000,0x00000007416869a8,0x0000000746a80000)
 Metaspace       used 10071K, capacity 10257K, committed 10368K, reserved 1058816K
  class space    used 1072K, capacity 1151K, committed 1152K, reserved 1048576K
}
Event: 2.170 GC heap before
{Heap before GC invocations=5 (full 1):
 PSYoungGen      total 38400K, used 33280K [0x0000000795580000, 0x000000079a080000, 0x00000007c0000000)
  eden space 33280K, 100% used [0x0000000795580000,0x0000000797600000,0x0000000797600000)
  from space 5120K, 0% used [0x0000000797600000,0x0000000797600000,0x0000000797b00000)
  to   space 5120K, 0% used [0x0000000799b80000,0x0000000799b80000,0x000000079a080000)
 ParOldGen       total 109056K, used 23066K [0x0000000740000000, 0x0000000746a80000, 0x0000000795580000)
  object space 109056K, 21% used [0x0000000740000000,0x00000007416869a8,0x0000000746a80000)
 Metaspace       used 10116K, capacity 10257K, committed 10368K, reserved 1058816K
  class space    used 1075K, capacity 1151K, committed 1152K, reserved 1048576K
Event: 2.174 GC heap after
Heap after GC invocations=5 (full 1):
 PSYoungGen      total 60416K, used 128K [0x0000000795580000, 0x0000000799c00000, 0x00000007c0000000)
  eden space 59904K, 0% used [0x0000000795580000,0x0000000795580000,0x0000000799000000)
  from space 512K, 25% used [0x0000000799b80000,0x0000000799ba0000,0x0000000799c00000)
  to   space 5120K, 0% used [0x0000000799200000,0x0000000799200000,0x0000000799700000)
 ParOldGen       total 109056K, used 55474K [0x0000000740000000, 0x0000000746a80000, 0x0000000795580000)
  object space 109056K, 50% used [0x0000000740000000,0x000000074362c9e8,0x0000000746a80000)
 Metaspace       used 10116K, capacity 10257K, committed 10368K, reserved 1058816K
  class space    used 1075K, capacity 1151K, committed 1152K, reserved 1048576K
}
Event: 2.903 GC heap before
{Heap before GC invocations=6 (full 1):
 PSYoungGen      total 60416K, used 60032K [0x0000000795580000, 0x0000000799c00000, 0x00000007c0000000)
  eden space 59904K, 100% used [0x0000000795580000,0x0000000799000000,0x0000000799000000)
  from space 512K, 25% used [0x0000000799b80000,0x0000000799ba0000,0x0000000799c00000)
  to   space 5120K, 0% used [0x0000000799200000,0x0000000799200000,0x0000000799700000)
 ParOldGen       total 109056K, used 55474K [0x0000000740000000, 0x0000000746a80000, 0x0000000795580000)
  object space 109056K, 50% used [0x0000000740000000,0x000000074362ca50,0x0000000746a80000)
 Metaspace       used 10234K, capacity 10449K, committed 10624K, reserved 1058816K
  class space    used 1091K, capacity 1151K, committed 1152K, reserved 1048576K
Event: 2.913 GC heap after
Heap after GC invocations=6 (full 1):
 PSYoungGen      total 67072K, used 256K [0x0000000795580000, 0x000000079ef00000, 0x00000007c0000000)
  eden space 61952K, 0% used [0x0000000795580000,0x0000000795580000,0x0000000799200000)
  from space 5120K, 5% used [0x0000000799200000,0x0000000799240000,0x0000000799700000)
  to   space 25600K, 0% used [0x000000079d600000,0x000000079d600000,0x000000079ef00000)
 ParOldGen       total 109056K, used 73707K [0x0000000740000000, 0x0000000746a80000, 0x0000000795580000)
  object space 109056K, 67% used [0x0000000740000000,0x00000007447fae80,0x0000000746a80000)
 Metaspace       used 10234K, capacity 10449K, committed 10624K, reserved 1058816K
  class space    used 1091K, capacity 1151K, committed 1152K, reserved 1048576K
}
Event: 2.913 GC heap before
{Heap before GC invocations=7 (full 2):
 PSYoungGen      total 67072K, used 256K [0x0000000795580000, 0x000000079ef00000, 0x00000007c0000000)
  eden space 61952K, 0% used [0x0000000795580000,0x0000000795580000,0x0000000799200000)
  from space 5120K, 5% used [0x0000000799200000,0x0000000799240000,0x0000000799700000)
  to   space 25600K, 0% used [0x000000079d600000,0x000000079d600000,0x000000079ef00000)
 ParOldGen       total 109056K, used 73707K [0x0000000740000000, 0x0000000746a80000, 0x0000000795580000)
  object space 109056K, 67% used [0x0000000740000000,0x00000007447fae80,0x0000000746a80000)
 Metaspace       used 10234K, capacity 10449K, committed 10624K, reserved 1058816K
  class space    used 1091K, capacity 1151K, committed 1152K, reserved 1048576K
Event: 2.933 GC heap after
Heap after GC invocations=7 (full 2):
 PSYoungGen      total 67072K, used 0K [0x0000000795580000, 0x000000079ef00000, 0x00000007c0000000)
  eden space 61952K, 0% used [0x0000000795580000,0x0000000795580000,0x0000000799200000)
  from space 5120K, 0% used [0x0000000799200000,0x0000000799200000,0x0000000799700000)
  to   space 25600K, 0% used [0x000000079d600000,0x000000079d600000,0x000000079ef00000)
 ParOldGen       total 108032K, used 10803K [0x0000000740000000, 0x0000000746980000, 0x0000000795580000)
  object space 108032K, 10% used [0x0000000740000000,0x0000000740a8cd80,0x0000000746980000)
 Metaspace       used 10234K, capacity 10449K, committed 10624K, reserved 1058816K
  class space    used 1091K, capacity 1151K, committed 1152K, reserved 1048576K
}
Event: 3.117 GC heap before
{Heap before GC invocations=8 (full 2):
 PSYoungGen      total 67072K, used 61952K [0x0000000795580000, 0x000000079ef00000, 0x00000007c0000000)
  eden space 61952K, 100% used [0x0000000795580000,0x0000000799200000,0x0000000799200000)
  from space 5120K, 0% used [0x0000000799200000,0x0000000799200000,0x0000000799700000)
  to   space 25600K, 0% used [0x000000079d600000,0x000000079d600000,0x000000079ef00000)
 ParOldGen       total 108032K, used 10805K [0x0000000740000000, 0x0000000746980000, 0x0000000795580000)
  object space 108032K, 10% used [0x0000000740000000,0x0000000740a8d560,0x0000000746980000)
 Metaspace       used 10277K, capacity 10449K, committed 10624K, reserved 1058816K
  class space    used 1094K, capacity 1151K, committed 1152K, reserved 1048576K
Event: 3.138 GC heap after
Heap after GC invocations=8 (full 2):
 PSYoungGen      total 126976K, used 20484K [0x0000000795580000, 0x000000079fb00000, 0x00000007c0000000)
  eden space 101376K, 0% used [0x0000000795580000,0x0000000795580000,0x000000079b880000)
  from space 25600K, 80% used [0x000000079d600000,0x000000079ea01020,0x000000079ef00000)
  to   space 30208K, 0% used [0x000000079b880000,0x000000079b880000,0x000000079d600000)
 ParOldGen       total 108032K, used 43489K [0x0000000740000000, 0x0000000746980000, 0x0000000795580000)
  object space 108032K, 40% used [0x0000000740000000,0x0000000742a78590,0x0000000746980000)
 Metaspace       used 10277K, capacity 10449K, committed 10624K, reserved 1058816K
  class space    used 1094K, capacity 1151K, committed 1152K, reserved 1048576K
}

