# JRE version: Java(TM) SE Runtime Environment (8.0_111-b14) (build 1.8.0_111-b14)
# Java VM: Java HotSpot(TM) 64-Bit Server VM (25.111-b14 mixed mode bsd-amd64 compressed oops)
Heap:
 PSYoungGen      total 133632K, used 25701K [0x0000000795580000, 0x00000007a3400000, 0x00000007c0000000)
  eden space 128512K, 16% used [0x0000000795580000,0x00000007969d14c0,0x000000079d300000)
  from space 5120K, 95% used [0x000000079d300000,0x000000079d7c8040,0x000000079d800000)
  to   space 24064K, 0% used [0x00000007a1c80000,0x00000007a1c80000,0x00000007a3400000)
 ParOldGen       total 143872K, used 58437K [0x0000000740000000, 0x0000000748c80000, 0x0000000795580000)
  object space 143872K, 40% used [0x0000000740000000,0x00000007439114e8,0x0000000748c80000)
 Metaspace       used 11465K, capacity 11585K, committed 11776K, reserved 1060864K
  class space    used 1186K, capacity 1247K, committed 1280K, reserved 1048576K
GC Heap History (10 events):
Event: 1.722 GC heap before
{Heap before GC invocations=2 (full 0):
 PSYoungGen      total 38400K, used 38375K [0x0000000795580000, 0x000000079a080000, 0x00000007c0000000)
  eden space 33280K, 100% used [0x0000000795580000,0x0000000797600000,0x0000000797600000)
  from space 5120K, 99% used [0x0000000797600000,0x0000000797af9d20,0x0000000797b00000)
  to   space 5120K, 0% used [0x0000000799b80000,0x0000000799b80000,0x000000079a080000)
 ParOldGen       total 87552K, used 18742K [0x0000000740000000, 0x0000000745580000, 0x0000000795580000)
  object space 87552K, 21% used [0x0000000740000000,0x000000074124da18,0x0000000745580000)
 Metaspace       used 9029K, capacity 9235K, committed 9472K, reserved 1058816K
  class space    used 941K, capacity 1020K, committed 1024K, reserved 1048576K
Event: 1.727 GC heap after
Heap after GC invocations=2 (full 0):
 PSYoungGen      total 71680K, used 4674K [0x0000000795580000, 0x000000079a080000, 0x00000007c0000000)
  eden space 66560K, 0% used [0x0000000795580000,0x0000000795580000,0x0000000799680000)
  from space 5120K, 91% used [0x0000000799b80000,0x000000079a010900,0x000000079a080000)
  to   space 5120K, 0% used [0x0000000799680000,0x0000000799680000,0x0000000799b80000)
 ParOldGen       total 87552K, used 18750K [0x0000000740000000, 0x0000000745580000, 0x0000000795580000)
  object space 87552K, 21% used [0x0000000740000000,0x000000074124fa18,0x0000000745580000)
 Metaspace       used 9029K, capacity 9235K, committed 9472K, reserved 1058816K
  class space    used 941K, capacity 1020K, committed 1024K, reserved 1048576K
}
Event: 2.015 GC heap before
{Heap before GC invocations=3 (full 0):
 PSYoungGen      total 71680K, used 71234K [0x0000000795580000, 0x000000079a080000, 0x00000007c0000000)
  eden space 66560K, 100% used [0x0000000795580000,0x0000000799680000,0x0000000799680000)
  from space 5120K, 91% used [0x0000000799b80000,0x000000079a010900,0x000000079a080000)
  to   space 5120K, 0% used [0x0000000799680000,0x0000000799680000,0x0000000799b80000)
 ParOldGen       total 87552K, used 18750K [0x0000000740000000, 0x0000000745580000, 0x0000000795580000)
  object space 87552K, 21% used [0x0000000740000000,0x000000074124fa18,0x0000000745580000)
 Metaspace       used 10099K, capacity 10273K, committed 10368K, reserved 1058816K
  class space    used 1075K, capacity 1151K, committed 1152K, reserved 1048576K
Event: 2.043 GC heap after
Heap after GC invocations=3 (full 0):
 PSYoungGen      total 71680K, used 4720K [0x0000000795580000, 0x000000079e180000, 0x00000007c0000000)
  eden space 66560K, 0% used [0x0000000795580000,0x0000000795580000,0x0000000799680000)
  from space 5120K, 92% used [0x0000000799680000,0x0000000799b1c010,0x0000000799b80000)
  to   space 5120K, 0% used [0x000000079dc80000,0x000000079dc80000,0x000000079e180000)
 ParOldGen       total 87552K, used 71822K [0x0000000740000000, 0x0000000745580000, 0x0000000795580000)
  object space 87552K, 82% used [0x0000000740000000,0x0000000744623a68,0x0000000745580000)
 Metaspace       used 10099K, capacity 10273K, committed 10368K, reserved 1058816K
  class space    used 1075K, capacity 1151K, committed 1152K, reserved 1048576K
}
Event: 2.043 GC heap before
{Heap before GC invocations=4 (full 1):
 PSYoungGen      total 71680K, used 4720K [0x0000000795580000, 0x000000079e180000, 0x00000007c0000000)
  eden space 66560K, 0% used [0x0000000795580000,0x0000000795580000,0x0000000799680000)
  from space 5120K, 92% used [0x0000000799680000,0x0000000799b1c010,0x0000000799b80000)
  to   space 5120K, 0% used [0x000000079dc80000,0x000000079dc80000,0x000000079e180000)
 ParOldGen       total 87552K, used 71822K [0x0000000740000000, 0x0000000745580000, 0x0000000795580000)
  object space 87552K, 82% used [0x0000000740000000,0x0000000744623a68,0x0000000745580000)
 Metaspace       used 10099K, capacity 10273K, committed 10368K, reserved 1058816K
  class space    used 1075K, capacity 1151K, committed 1152K, reserved 1048576K
Event: 2.075 GC heap after
Heap after GC invocations=4 (full 1):
 PSYoungGen      total 71680K, used 0K [0x0000000795580000, 0x000000079e180000, 0x00000007c0000000)
  eden space 66560K, 0% used [0x0000000795580000,0x0000000795580000,0x0000000799680000)
  from space 5120K, 0% used [0x0000000799680000,0x0000000799680000,0x0000000799b80000)
  to   space 5120K, 0% used [0x000000079dc80000,0x000000079dc80000,0x000000079e180000)
 ParOldGen       total 143872K, used 39172K [0x0000000740000000, 0x0000000748c80000, 0x0000000795580000)
  object space 143872K, 27% used [0x0000000740000000,0x00000007426410a8,0x0000000748c80000)
 Metaspace       used 10099K, capacity 10273K, committed 10368K, reserved 1058816K
  class space    used 1075K, capacity 1151K, committed 1152K, reserved 1048576K
}
Event: 3.220 GC heap before
{Heap before GC invocations=5 (full 1):
 PSYoungGen      total 71680K, used 65762K [0x0000000795580000, 0x000000079e180000, 0x00000007c0000000)
  eden space 66560K, 98% used [0x0000000795580000,0x00000007995b8910,0x0000000799680000)
  from space 5120K, 0% used [0x0000000799680000,0x0000000799680000,0x0000000799b80000)
  to   space 5120K, 0% used [0x000000079dc80000,0x000000079dc80000,0x000000079e180000)
 ParOldGen       total 143872K, used 39172K [0x0000000740000000, 0x0000000748c80000, 0x0000000795580000)
  object space 143872K, 27% used [0x0000000740000000,0x00000007426410a8,0x0000000748c80000)
 Metaspace       used 10258K, capacity 10401K, committed 10624K, reserved 1058816K
  class space    used 1094K, capacity 1151K, committed 1152K, reserved 1048576K
Event: 3.224 GC heap after
Heap after GC invocations=5 (full 1):
 PSYoungGen      total 112128K, used 224K [0x0000000795580000, 0x000000079dd00000, 0x00000007c0000000)
  eden space 111616K, 0% used [0x0000000795580000,0x0000000795580000,0x000000079c280000)
  from space 512K, 43% used [0x000000079dc80000,0x000000079dcb8000,0x000000079dd00000)
  to   space 5120K, 0% used [0x000000079d300000,0x000000079d300000,0x000000079d800000)
 ParOldGen       total 143872K, used 57405K [0x0000000740000000, 0x0000000748c80000, 0x0000000795580000)
  object space 143872K, 39% used [0x0000000740000000,0x000000074380f4d8,0x0000000748c80000)
 Metaspace       used 10258K, capacity 10401K, committed 10624K, reserved 1058816K
  class space    used 1094K, capacity 1151K, committed 1152K, reserved 1048576K
}
Event: 6.150 GC heap before
{Heap before GC invocations=6 (full 1):
 PSYoungGen      total 112128K, used 111840K [0x0000000795580000, 0x000000079dd00000, 0x00000007c0000000)
  eden space 111616K, 100% used [0x0000000795580000,0x000000079c280000,0x000000079c280000)
  from space 512K, 43% used [0x000000079dc80000,0x000000079dcb8000,0x000000079dd00000)
  to   space 5120K, 0% used [0x000000079d300000,0x000000079d300000,0x000000079d800000)
 ParOldGen       total 143872K, used 57405K [0x0000000740000000, 0x0000000748c80000, 0x0000000795580000)
  object space 143872K, 39% used [0x0000000740000000,0x000000074380f4d8,0x0000000748c80000)
 Metaspace       used 10988K, capacity 11169K, committed 11520K, reserved 1058816K
  class space    used 1160K, capacity 1215K, committed 1280K, reserved 1048576K
Event: 6.155 GC heap after
Heap after GC invocations=6 (full 1):
 PSYoungGen      total 133632K, used 4896K [0x0000000795580000, 0x00000007a3400000, 0x00000007c0000000)
  eden space 128512K, 0% used [0x0000000795580000,0x0000000795580000,0x000000079d300000)
  from space 5120K, 95% used [0x000000079d300000,0x000000079d7c8040,0x000000079d800000)
  to   space 24064K, 0% used [0x00000007a1c80000,0x00000007a1c80000,0x00000007a3400000)
 ParOldGen       total 143872K, used 58437K [0x0000000740000000, 0x0000000748c80000, 0x0000000795580000)
  object space 143872K, 40% used [0x0000000740000000,0x00000007439114e8,0x0000000748c80000)
 Metaspace       used 10988K, capacity 11169K, committed 11520K, reserved 1058816K
  class space    used 1160K, capacity 1215K, committed 1280K, reserved 1048576K
}

