# JRE version: Java(TM) SE Runtime Environment (8.0_111-b14) (build 1.8.0_111-b14)
# Java VM: Java HotSpot(TM) 64-Bit Server VM (25.111-b14 mixed mode bsd-amd64 compressed oops)
Heap:
 PSYoungGen      total 179200K, used 105301K [0x0000000795580000, 0x00000007a2680000, 0x00000007c0000000)
  eden space 159744K, 65% used [0x0000000795580000,0x000000079bb8d5e0,0x000000079f180000)
  from space 19456K, 4% used [0x00000007a1380000,0x00000007a1448000,0x00000007a2680000)
  to   space 27136K, 0% used [0x000000079f180000,0x000000079f180000,0x00000007a0c00000)
 ParOldGen       total 110592K, used 43543K [0x0000000740000000, 0x0000000746c00000, 0x0000000795580000)
  object space 110592K, 39% used [0x0000000740000000,0x0000000742a85c30,0x0000000746c00000)
 Metaspace       used 11790K, capacity 11953K, committed 12160K, reserved 1060864K
  class space    used 1218K, capacity 1311K, committed 1408K, reserved 1048576K
GC Heap History (10 events):
Event: 3.035 GC heap before
{Heap before GC invocations=6 (full 1):
 PSYoungGen      total 59904K, used 59520K [0x0000000795580000, 0x0000000799c00000, 0x00000007c0000000)
  eden space 59392K, 100% used [0x0000000795580000,0x0000000798f80000,0x0000000798f80000)
  from space 512K, 25% used [0x0000000799b80000,0x0000000799ba0000,0x0000000799c00000)
  to   space 5120K, 0% used [0x0000000799200000,0x0000000799200000,0x0000000799700000)
 ParOldGen       total 109568K, used 55418K [0x0000000740000000, 0x0000000746b00000, 0x0000000795580000)
  object space 109568K, 50% used [0x0000000740000000,0x000000074361e890,0x0000000746b00000)
 Metaspace       used 10219K, capacity 10321K, committed 10624K, reserved 1058816K
  class space    used 1091K, capacity 1151K, committed 1152K, reserved 1048576K
Event: 3.045 GC heap after
Heap after GC invocations=6 (full 1):
 PSYoungGen      total 67072K, used 288K [0x0000000795580000, 0x000000079ed00000, 0x00000007c0000000)
  eden space 61952K, 0% used [0x0000000795580000,0x0000000795580000,0x0000000799200000)
  from space 5120K, 5% used [0x0000000799200000,0x0000000799248000,0x0000000799700000)
  to   space 25600K, 0% used [0x000000079d400000,0x000000079d400000,0x000000079ed00000)
 ParOldGen       total 109568K, used 73651K [0x0000000740000000, 0x0000000746b00000, 0x0000000795580000)
  object space 109568K, 67% used [0x0000000740000000,0x00000007447eccc0,0x0000000746b00000)
 Metaspace       used 10219K, capacity 10321K, committed 10624K, reserved 1058816K
  class space    used 1091K, capacity 1151K, committed 1152K, reserved 1048576K
}
Event: 3.045 GC heap before
{Heap before GC invocations=7 (full 2):
 PSYoungGen      total 67072K, used 288K [0x0000000795580000, 0x000000079ed00000, 0x00000007c0000000)
  eden space 61952K, 0% used [0x0000000795580000,0x0000000795580000,0x0000000799200000)
  from space 5120K, 5% used [0x0000000799200000,0x0000000799248000,0x0000000799700000)
  to   space 25600K, 0% used [0x000000079d400000,0x000000079d400000,0x000000079ed00000)
 ParOldGen       total 109568K, used 73651K [0x0000000740000000, 0x0000000746b00000, 0x0000000795580000)
  object space 109568K, 67% used [0x0000000740000000,0x00000007447eccc0,0x0000000746b00000)
 Metaspace       used 10219K, capacity 10321K, committed 10624K, reserved 1058816K
  class space    used 1091K, capacity 1151K, committed 1152K, reserved 1048576K
Event: 3.069 GC heap after
Heap after GC invocations=7 (full 2):
 PSYoungGen      total 67072K, used 0K [0x0000000795580000, 0x000000079ed00000, 0x00000007c0000000)
  eden space 61952K, 0% used [0x0000000795580000,0x0000000795580000,0x0000000799200000)
  from space 5120K, 0% used [0x0000000799200000,0x0000000799200000,0x0000000799700000)
  to   space 25600K, 0% used [0x000000079d400000,0x000000079d400000,0x000000079ed00000)
 ParOldGen       total 110592K, used 10843K [0x0000000740000000, 0x0000000746c00000, 0x0000000795580000)
  object space 110592K, 9% used [0x0000000740000000,0x0000000740a96c00,0x0000000746c00000)
 Metaspace       used 10219K, capacity 10321K, committed 10624K, reserved 1058816K
  class space    used 1091K, capacity 1151K, committed 1152K, reserved 1048576K
}
Event: 3.260 GC heap before
{Heap before GC invocations=8 (full 2):
 PSYoungGen      total 67072K, used 61952K [0x0000000795580000, 0x000000079ed00000, 0x00000007c0000000)
  eden space 61952K, 100% used [0x0000000795580000,0x0000000799200000,0x0000000799200000)
  from space 5120K, 0% used [0x0000000799200000,0x0000000799200000,0x0000000799700000)
  to   space 25600K, 0% used [0x000000079d400000,0x000000079d400000,0x000000079ed00000)
 ParOldGen       total 110592K, used 10843K [0x0000000740000000, 0x0000000746c00000, 0x0000000795580000)
  object space 110592K, 9% used [0x0000000740000000,0x0000000740a96c00,0x0000000746c00000)
 Metaspace       used 10264K, capacity 10385K, committed 10624K, reserved 1058816K
  class space    used 1094K, capacity 1151K, committed 1152K, reserved 1048576K
Event: 3.282 GC heap after
Heap after GC invocations=8 (full 2):
 PSYoungGen      total 124928K, used 20516K [0x0000000795580000, 0x000000079f980000, 0x00000007c0000000)
  eden space 99328K, 0% used [0x0000000795580000,0x0000000795580000,0x000000079b680000)
  from space 25600K, 80% used [0x000000079d400000,0x000000079e809020,0x000000079ed00000)
  to   space 30208K, 0% used [0x000000079b680000,0x000000079b680000,0x000000079d400000)
 ParOldGen       total 110592K, used 43527K [0x0000000740000000, 0x0000000746c00000, 0x0000000795580000)
  object space 110592K, 39% used [0x0000000740000000,0x0000000742a81c30,0x0000000746c00000)
 Metaspace       used 10264K, capacity 10385K, committed 10624K, reserved 1058816K
  class space    used 1094K, capacity 1151K, committed 1152K, reserved 1048576K
}
Event: 5.676 GC heap before
{Heap before GC invocations=9 (full 2):
 PSYoungGen      total 124928K, used 117876K [0x0000000795580000, 0x000000079f980000, 0x00000007c0000000)
  eden space 99328K, 98% used [0x0000000795580000,0x000000079b494290,0x000000079b680000)
  from space 25600K, 80% used [0x000000079d400000,0x000000079e809020,0x000000079ed00000)
  to   space 30208K, 0% used [0x000000079b680000,0x000000079b680000,0x000000079d400000)
 ParOldGen       total 110592K, used 43527K [0x0000000740000000, 0x0000000746c00000, 0x0000000795580000)
  object space 110592K, 39% used [0x0000000740000000,0x0000000742a81c30,0x0000000746c00000)
 Metaspace       used 11588K, capacity 11729K, committed 12032K, reserved 1060864K
  class space    used 1214K, capacity 1279K, committed 1280K, reserved 1048576K
Event: 5.682 GC heap after
Heap after GC invocations=9 (full 2):
 PSYoungGen      total 129536K, used 6013K [0x0000000795580000, 0x00000007a2f00000, 0x00000007c0000000)
  eden space 99328K, 0% used [0x0000000795580000,0x0000000795580000,0x000000079b680000)
  from space 30208K, 19% used [0x000000079b680000,0x000000079bc5f6d8,0x000000079d400000)
  to   space 28160K, 0% used [0x00000007a1380000,0x00000007a1380000,0x00000007a2f00000)
 ParOldGen       total 110592K, used 43535K [0x0000000740000000, 0x0000000746c00000, 0x0000000795580000)
  object space 110592K, 39% used [0x0000000740000000,0x0000000742a83c30,0x0000000746c00000)
 Metaspace       used 11588K, capacity 11729K, committed 12032K, reserved 1060864K
  class space    used 1214K, capacity 1279K, committed 1280K, reserved 1048576K
}
Event: 142.399 GC heap before
{Heap before GC invocations=10 (full 2):
 PSYoungGen      total 129536K, used 105341K [0x0000000795580000, 0x00000007a2f00000, 0x00000007c0000000)
  eden space 99328K, 100% used [0x0000000795580000,0x000000079b680000,0x000000079b680000)
  from space 30208K, 19% used [0x000000079b680000,0x000000079bc5f6d8,0x000000079d400000)
  to   space 28160K, 0% used [0x00000007a1380000,0x00000007a1380000,0x00000007a2f00000)
 ParOldGen       total 110592K, used 43535K [0x0000000740000000, 0x0000000746c00000, 0x0000000795580000)
  object space 110592K, 39% used [0x0000000740000000,0x0000000742a83c30,0x0000000746c00000)
 Metaspace       used 11775K, capacity 11953K, committed 12160K, reserved 1060864K
  class space    used 1217K, capacity 1311K, committed 1408K, reserved 1048576K
Event: 142.402 GC heap after
Heap after GC invocations=10 (full 2):
 PSYoungGen      total 179200K, used 800K [0x0000000795580000, 0x00000007a2680000, 0x00000007c0000000)
  eden space 159744K, 0% used [0x0000000795580000,0x0000000795580000,0x000000079f180000)
  from space 19456K, 4% used [0x00000007a1380000,0x00000007a1448000,0x00000007a2680000)
  to   space 27136K, 0% used [0x000000079f180000,0x000000079f180000,0x00000007a0c00000)
 ParOldGen       total 110592K, used 43543K [0x0000000740000000, 0x0000000746c00000, 0x0000000795580000)
  object space 110592K, 39% used [0x0000000740000000,0x0000000742a85c30,0x0000000746c00000)
 Metaspace       used 11775K, capacity 11953K, committed 12160K, reserved 1060864K
  class space    used 1217K, capacity 1311K, committed 1408K, reserved 1048576K
}

