# JRE version: Java(TM) SE Runtime Environment (8.0_111-b14) (build 1.8.0_111-b14)
# Java VM: Java HotSpot(TM) 64-Bit Server VM (25.111-b14 mixed mode bsd-amd64 compressed oops)
Heap:
 PSYoungGen      total 216064K, used 62977K [0x0000000795580000, 0x00000007aa100000, 0x00000007c0000000)
  eden space 193024K, 31% used [0x0000000795580000,0x00000007991006f0,0x00000007a1200000)
  from space 23040K, 8% used [0x00000007a1200000,0x00000007a1400000,0x00000007a2880000)
  to   space 22016K, 0% used [0x00000007a8b80000,0x00000007a8b80000,0x00000007aa100000)
 ParOldGen       total 142336K, used 58453K [0x0000000740000000, 0x0000000748b00000, 0x0000000795580000)
  object space 142336K, 41% used [0x0000000740000000,0x0000000743915400,0x0000000748b00000)
 Metaspace       used 11454K, capacity 11633K, committed 11776K, reserved 1060864K
  class space    used 1181K, capacity 1247K, committed 1280K, reserved 1048576K
GC Heap History (10 events):
Event: 2.078 GC heap before
{Heap before GC invocations=4 (full 1):
 PSYoungGen      total 71680K, used 4720K [0x0000000795580000, 0x000000079e180000, 0x00000007c0000000)
  eden space 66560K, 0% used [0x0000000795580000,0x0000000795580000,0x0000000799680000)
  from space 5120K, 92% used [0x0000000799680000,0x0000000799b1c010,0x0000000799b80000)
  to   space 5120K, 0% used [0x000000079dc80000,0x000000079dc80000,0x000000079e180000)
 ParOldGen       total 87552K, used 71800K [0x0000000740000000, 0x0000000745580000, 0x0000000795580000)
  object space 87552K, 82% used [0x0000000740000000,0x000000074461e220,0x0000000745580000)
 Metaspace       used 10106K, capacity 10257K, committed 10368K, reserved 1058816K
  class space    used 1075K, capacity 1151K, committed 1152K, reserved 1048576K
Event: 2.109 GC heap after
Heap after GC invocations=4 (full 1):
 PSYoungGen      total 71680K, used 0K [0x0000000795580000, 0x000000079e180000, 0x00000007c0000000)
  eden space 66560K, 0% used [0x0000000795580000,0x0000000795580000,0x0000000799680000)
  from space 5120K, 0% used [0x0000000799680000,0x0000000799680000,0x0000000799b80000)
  to   space 5120K, 0% used [0x000000079dc80000,0x000000079dc80000,0x000000079e180000)
 ParOldGen       total 142336K, used 39171K [0x0000000740000000, 0x0000000748b00000, 0x0000000795580000)
  object space 142336K, 27% used [0x0000000740000000,0x0000000742640fc0,0x0000000748b00000)
 Metaspace       used 10106K, capacity 10257K, committed 10368K, reserved 1058816K
  class space    used 1075K, capacity 1151K, committed 1152K, reserved 1048576K
}
Event: 2.891 GC heap before
{Heap before GC invocations=5 (full 1):
 PSYoungGen      total 71680K, used 65878K [0x0000000795580000, 0x000000079e180000, 0x00000007c0000000)
  eden space 66560K, 98% used [0x0000000795580000,0x00000007995d5a48,0x0000000799680000)
  from space 5120K, 0% used [0x0000000799680000,0x0000000799680000,0x0000000799b80000)
  to   space 5120K, 0% used [0x000000079dc80000,0x000000079dc80000,0x000000079e180000)
 ParOldGen       total 142336K, used 39171K [0x0000000740000000, 0x0000000748b00000, 0x0000000795580000)
  object space 142336K, 27% used [0x0000000740000000,0x0000000742640fc0,0x0000000748b00000)
 Metaspace       used 10269K, capacity 10449K, committed 10624K, reserved 1058816K
  class space    used 1094K, capacity 1151K, committed 1152K, reserved 1048576K
Event: 2.894 GC heap after
Heap after GC invocations=5 (full 1):
 PSYoungGen      total 115712K, used 192K [0x0000000795580000, 0x000000079dd00000, 0x00000007c0000000)
  eden space 115200K, 0% used [0x0000000795580000,0x0000000795580000,0x000000079c600000)
  from space 512K, 37% used [0x000000079dc80000,0x000000079dcb0000,0x000000079dd00000)
  to   space 5120K, 0% used [0x000000079d300000,0x000000079d300000,0x000000079d800000)
 ParOldGen       total 142336K, used 57404K [0x0000000740000000, 0x0000000748b00000, 0x0000000795580000)
  object space 142336K, 40% used [0x0000000740000000,0x000000074380f3f0,0x0000000748b00000)
 Metaspace       used 10269K, capacity 10449K, committed 10624K, reserved 1058816K
  class space    used 1094K, capacity 1151K, committed 1152K, reserved 1048576K
}
Event: 4.910 GC heap before
{Heap before GC invocations=6 (full 1):
 PSYoungGen      total 115712K, used 115392K [0x0000000795580000, 0x000000079dd00000, 0x00000007c0000000)
  eden space 115200K, 100% used [0x0000000795580000,0x000000079c600000,0x000000079c600000)
  from space 512K, 37% used [0x000000079dc80000,0x000000079dcb0000,0x000000079dd00000)
  to   space 5120K, 0% used [0x000000079d300000,0x000000079d300000,0x000000079d800000)
 ParOldGen       total 142336K, used 57404K [0x0000000740000000, 0x0000000748b00000, 0x0000000795580000)
  object space 142336K, 40% used [0x0000000740000000,0x000000074380f3f0,0x0000000748b00000)
 Metaspace       used 11006K, capacity 11153K, committed 11520K, reserved 1058816K
  class space    used 1160K, capacity 1215K, committed 1280K, reserved 1048576K
Event: 4.913 GC heap after
Heap after GC invocations=6 (full 1):
 PSYoungGen      total 133632K, used 4896K [0x0000000795580000, 0x00000007a4000000, 0x00000007c0000000)
  eden space 128512K, 0% used [0x0000000795580000,0x0000000795580000,0x000000079d300000)
  from space 5120K, 95% used [0x000000079d300000,0x000000079d7c8040,0x000000079d800000)
  to   space 24064K, 0% used [0x00000007a2880000,0x00000007a2880000,0x00000007a4000000)
 ParOldGen       total 142336K, used 58437K [0x0000000740000000, 0x0000000748b00000, 0x0000000795580000)
  object space 142336K, 41% used [0x0000000740000000,0x0000000743911400,0x0000000748b00000)
 Metaspace       used 11006K, capacity 11153K, committed 11520K, reserved 1058816K
  class space    used 1160K, capacity 1215K, committed 1280K, reserved 1048576K
}
Event: 72.330 GC heap before
{Heap before GC invocations=7 (full 1):
 PSYoungGen      total 133632K, used 133408K [0x0000000795580000, 0x00000007a4000000, 0x00000007c0000000)
  eden space 128512K, 100% used [0x0000000795580000,0x000000079d300000,0x000000079d300000)
  from space 5120K, 95% used [0x000000079d300000,0x000000079d7c8040,0x000000079d800000)
  to   space 24064K, 0% used [0x00000007a2880000,0x00000007a2880000,0x00000007a4000000)
 ParOldGen       total 142336K, used 58437K [0x0000000740000000, 0x0000000748b00000, 0x0000000795580000)
  object space 142336K, 41% used [0x0000000740000000,0x0000000743911400,0x0000000748b00000)
 Metaspace       used 11440K, capacity 11633K, committed 11776K, reserved 1060864K
  class space    used 1181K, capacity 1247K, committed 1280K, reserved 1048576K
Event: 72.334 GC heap after
Heap after GC invocations=7 (full 1):
 PSYoungGen      total 217088K, used 1568K [0x0000000795580000, 0x00000007a4b80000, 0x00000007c0000000)
  eden space 193024K, 0% used [0x0000000795580000,0x0000000795580000,0x00000007a1200000)
  from space 24064K, 6% used [0x00000007a2880000,0x00000007a2a08000,0x00000007a4000000)
  to   space 23040K, 0% used [0x00000007a1200000,0x00000007a1200000,0x00000007a2880000)
 ParOldGen       total 142336K, used 58445K [0x0000000740000000, 0x0000000748b00000, 0x0000000795580000)
  object space 142336K, 41% used [0x0000000740000000,0x0000000743913400,0x0000000748b00000)
 Metaspace       used 11440K, capacity 11633K, committed 11776K, reserved 1060864K
  class space    used 1181K, capacity 1247K, committed 1280K, reserved 1048576K
}
Event: 129.711 GC heap before
{Heap before GC invocations=8 (full 1):
 PSYoungGen      total 217088K, used 194592K [0x0000000795580000, 0x00000007a4b80000, 0x00000007c0000000)
  eden space 193024K, 100% used [0x0000000795580000,0x00000007a1200000,0x00000007a1200000)
  from space 24064K, 6% used [0x00000007a2880000,0x00000007a2a08000,0x00000007a4000000)
  to   space 23040K, 0% used [0x00000007a1200000,0x00000007a1200000,0x00000007a2880000)
 ParOldGen       total 142336K, used 58445K [0x0000000740000000, 0x0000000748b00000, 0x0000000795580000)
  object space 142336K, 41% used [0x0000000740000000,0x0000000743913400,0x0000000748b00000)
 Metaspace       used 11446K, capacity 11633K, committed 11776K, reserved 1060864K
  class space    used 1181K, capacity 1247K, committed 1280K, reserved 1048576K
Event: 129.717 GC heap after
Heap after GC invocations=8 (full 1):
 PSYoungGen      total 216064K, used 2048K [0x0000000795580000, 0x00000007aa100000, 0x00000007c0000000)
  eden space 193024K, 0% used [0x0000000795580000,0x0000000795580000,0x00000007a1200000)
  from space 23040K, 8% used [0x00000007a1200000,0x00000007a1400000,0x00000007a2880000)
  to   space 22016K, 0% used [0x00000007a8b80000,0x00000007a8b80000,0x00000007aa100000)
 ParOldGen       total 142336K, used 58453K [0x0000000740000000, 0x0000000748b00000, 0x0000000795580000)
  object space 142336K, 41% used [0x0000000740000000,0x0000000743915400,0x0000000748b00000)
 Metaspace       used 11446K, capacity 11633K, committed 11776K, reserved 1060864K
  class space    used 1181K, capacity 1247K, committed 1280K, reserved 1048576K
}

