# JRE version: Java(TM) SE Runtime Environment (8.0_111-b14) (build 1.8.0_111-b14)
# Java VM: Java HotSpot(TM) 64-Bit Server VM (25.111-b14 mixed mode bsd-amd64 compressed oops)
Heap:
 PSYoungGen      total 129536K, used 90224K [0x0000000795580000, 0x00000007a3000000, 0x00000007c0000000)
  eden space 99328K, 84% used [0x0000000795580000,0x000000079a7c0068,0x000000079b680000)
  from space 30208K, 19% used [0x000000079b680000,0x000000079bc5c2c0,0x000000079d400000)
  to   space 28160K, 0% used [0x00000007a1480000,0x00000007a1480000,0x00000007a3000000)
 ParOldGen       total 134656K, used 39233K [0x0000000740000000, 0x0000000748380000, 0x0000000795580000)
  object space 134656K, 29% used [0x0000000740000000,0x0000000742650508,0x0000000748380000)
 Metaspace       used 11887K, capacity 12081K, committed 12416K, reserved 1060864K
  class space    used 1224K, capacity 1311K, committed 1408K, reserved 1048576K
GC Heap History (10 events):
Event: 2.163 GC heap before
{Heap before GC invocations=5 (full 1):
 PSYoungGen      total 38400K, used 33280K [0x0000000795580000, 0x000000079a080000, 0x00000007c0000000)
  eden space 33280K, 100% used [0x0000000795580000,0x0000000797600000,0x0000000797600000)
  from space 5120K, 0% used [0x0000000797600000,0x0000000797600000,0x0000000797b00000)
  to   space 5120K, 0% used [0x0000000799b80000,0x0000000799b80000,0x000000079a080000)
 ParOldGen       total 109568K, used 23009K [0x0000000740000000, 0x0000000746b00000, 0x0000000795580000)
  object space 109568K, 21% used [0x0000000740000000,0x00000007416786c8,0x0000000746b00000)
 Metaspace       used 10115K, capacity 10321K, committed 10624K, reserved 1058816K
  class space    used 1075K, capacity 1151K, committed 1152K, reserved 1048576K
Event: 2.169 GC heap after
Heap after GC invocations=5 (full 1):
 PSYoungGen      total 59904K, used 96K [0x0000000795580000, 0x0000000799c00000, 0x00000007c0000000)
  eden space 59392K, 0% used [0x0000000795580000,0x0000000795580000,0x0000000798f80000)
  from space 512K, 18% used [0x0000000799b80000,0x0000000799b98000,0x0000000799c00000)
  to   space 5120K, 0% used [0x0000000799200000,0x0000000799200000,0x0000000799700000)
 ParOldGen       total 109568K, used 47317K [0x0000000740000000, 0x0000000746b00000, 0x0000000795580000)
  object space 109568K, 43% used [0x0000000740000000,0x0000000742e356f8,0x0000000746b00000)
 Metaspace       used 10115K, capacity 10321K, committed 10624K, reserved 1058816K
  class space    used 1075K, capacity 1151K, committed 1152K, reserved 1048576K
}
Event: 2.863 GC heap before
{Heap before GC invocations=6 (full 1):
 PSYoungGen      total 59904K, used 59488K [0x0000000795580000, 0x0000000799c00000, 0x00000007c0000000)
  eden space 59392K, 100% used [0x0000000795580000,0x0000000798f80000,0x0000000798f80000)
  from space 512K, 18% used [0x0000000799b80000,0x0000000799b98000,0x0000000799c00000)
  to   space 5120K, 0% used [0x0000000799200000,0x0000000799200000,0x0000000799700000)
 ParOldGen       total 109568K, used 47317K [0x0000000740000000, 0x0000000746b00000, 0x0000000795580000)
  object space 109568K, 43% used [0x0000000740000000,0x0000000742e35760,0x0000000746b00000)
 Metaspace       used 10231K, capacity 10385K, committed 10624K, reserved 1058816K
  class space    used 1091K, capacity 1151K, committed 1152K, reserved 1048576K
Event: 2.871 GC heap after
Heap after GC invocations=6 (full 1):
 PSYoungGen      total 67072K, used 192K [0x0000000795580000, 0x000000079ed00000, 0x00000007c0000000)
  eden space 61952K, 0% used [0x0000000795580000,0x0000000795580000,0x0000000799200000)
  from space 5120K, 3% used [0x0000000799200000,0x0000000799230000,0x0000000799700000)
  to   space 25600K, 0% used [0x000000079d400000,0x000000079d400000,0x000000079ed00000)
 ParOldGen       total 109568K, used 65550K [0x0000000740000000, 0x0000000746b00000, 0x0000000795580000)
  object space 109568K, 59% used [0x0000000740000000,0x0000000744003b90,0x0000000746b00000)
 Metaspace       used 10231K, capacity 10385K, committed 10624K, reserved 1058816K
  class space    used 1091K, capacity 1151K, committed 1152K, reserved 1048576K
}
Event: 3.062 GC heap before
{Heap before GC invocations=7 (full 1):
 PSYoungGen      total 67072K, used 62144K [0x0000000795580000, 0x000000079ed00000, 0x00000007c0000000)
  eden space 61952K, 100% used [0x0000000795580000,0x0000000799200000,0x0000000799200000)
  from space 5120K, 3% used [0x0000000799200000,0x0000000799230000,0x0000000799700000)
  to   space 25600K, 0% used [0x000000079d400000,0x000000079d400000,0x000000079ed00000)
 ParOldGen       total 109568K, used 65552K [0x0000000740000000, 0x0000000746b00000, 0x0000000795580000)
  object space 109568K, 59% used [0x0000000740000000,0x0000000744004370,0x0000000746b00000)
 Metaspace       used 10277K, capacity 10385K, committed 10624K, reserved 1058816K
  class space    used 1094K, capacity 1151K, committed 1152K, reserved 1048576K
Event: 3.084 GC heap after
Heap after GC invocations=7 (full 1):
 PSYoungGen      total 124928K, used 20548K [0x0000000795580000, 0x000000079fd80000, 0x00000007c0000000)
  eden space 99328K, 0% used [0x0000000795580000,0x0000000795580000,0x000000079b680000)
  from space 25600K, 80% used [0x000000079d400000,0x000000079e811020,0x000000079ed00000)
  to   space 30208K, 0% used [0x000000079b680000,0x000000079b680000,0x000000079d400000)
 ParOldGen       total 109568K, used 98236K [0x0000000740000000, 0x0000000746b00000, 0x0000000795580000)
  object space 109568K, 89% used [0x0000000740000000,0x0000000745fef3a0,0x0000000746b00000)
 Metaspace       used 10277K, capacity 10385K, committed 10624K, reserved 1058816K
  class space    used 1094K, capacity 1151K, committed 1152K, reserved 1048576K
}
Event: 3.084 GC heap before
{Heap before GC invocations=8 (full 2):
 PSYoungGen      total 124928K, used 20548K [0x0000000795580000, 0x000000079fd80000, 0x00000007c0000000)
  eden space 99328K, 0% used [0x0000000795580000,0x0000000795580000,0x000000079b680000)
  from space 25600K, 80% used [0x000000079d400000,0x000000079e811020,0x000000079ed00000)
  to   space 30208K, 0% used [0x000000079b680000,0x000000079b680000,0x000000079d400000)
 ParOldGen       total 109568K, used 98236K [0x0000000740000000, 0x0000000746b00000, 0x0000000795580000)
  object space 109568K, 89% used [0x0000000740000000,0x0000000745fef3a0,0x0000000746b00000)
 Metaspace       used 10277K, capacity 10385K, committed 10624K, reserved 1058816K
  class space    used 1094K, capacity 1151K, committed 1152K, reserved 1048576K
Event: 3.111 GC heap after
Heap after GC invocations=8 (full 2):
 PSYoungGen      total 124928K, used 0K [0x0000000795580000, 0x000000079fd80000, 0x00000007c0000000)
  eden space 99328K, 0% used [0x0000000795580000,0x0000000795580000,0x000000079b680000)
  from space 25600K, 0% used [0x000000079d400000,0x000000079d400000,0x000000079ed00000)
  to   space 30208K, 0% used [0x000000079b680000,0x000000079b680000,0x000000079d400000)
 ParOldGen       total 134656K, used 39225K [0x0000000740000000, 0x0000000748380000, 0x0000000795580000)
  object space 134656K, 29% used [0x0000000740000000,0x000000074264e508,0x0000000748380000)
 Metaspace       used 10277K, capacity 10385K, committed 10624K, reserved 1058816K
  class space    used 1094K, capacity 1151K, committed 1152K, reserved 1048576K
}
Event: 5.332 GC heap before
{Heap before GC invocations=9 (full 2):
 PSYoungGen      total 124928K, used 97375K [0x0000000795580000, 0x000000079fd80000, 0x00000007c0000000)
  eden space 99328K, 98% used [0x0000000795580000,0x000000079b497c90,0x000000079b680000)
  from space 25600K, 0% used [0x000000079d400000,0x000000079d400000,0x000000079ed00000)
  to   space 30208K, 0% used [0x000000079b680000,0x000000079b680000,0x000000079d400000)
 ParOldGen       total 134656K, used 39225K [0x0000000740000000, 0x0000000748380000, 0x0000000795580000)
  object space 134656K, 29% used [0x0000000740000000,0x000000074264e508,0x0000000748380000)
 Metaspace       used 11596K, capacity 11729K, committed 12032K, reserved 1060864K
  class space    used 1214K, capacity 1279K, committed 1280K, reserved 1048576K
Event: 5.337 GC heap after
Heap after GC invocations=9 (full 2):
 PSYoungGen      total 129536K, used 6000K [0x0000000795580000, 0x00000007a3000000, 0x00000007c0000000)
  eden space 99328K, 0% used [0x0000000795580000,0x0000000795580000,0x000000079b680000)
  from space 30208K, 19% used [0x000000079b680000,0x000000079bc5c2c0,0x000000079d400000)
  to   space 28160K, 0% used [0x00000007a1480000,0x00000007a1480000,0x00000007a3000000)
 ParOldGen       total 134656K, used 39233K [0x0000000740000000, 0x0000000748380000, 0x0000000795580000)
  object space 134656K, 29% used [0x0000000740000000,0x0000000742650508,0x0000000748380000)
 Metaspace       used 11596K, capacity 11729K, committed 12032K, reserved 1060864K
  class space    used 1214K, capacity 1279K, committed 1280K, reserved 1048576K
}

