# JRE version: Java(TM) SE Runtime Environment (8.0_111-b14) (build 1.8.0_111-b14)
# Java VM: Java HotSpot(TM) 64-Bit Server VM (25.111-b14 mixed mode bsd-amd64 compressed oops)
Heap:
 PSYoungGen      total 267776K, used 16309K [0x0000000795580000, 0x00000007a7a80000, 0x00000007c0000000)
  eden space 253952K, 5% used [0x0000000795580000,0x00000007963bd718,0x00000007a4d80000)
  from space 13824K, 12% used [0x00000007a6d00000,0x00000007a6eb0000,0x00000007a7a80000)
  to   space 23040K, 0% used [0x00000007a4d80000,0x00000007a4d80000,0x00000007a6400000)
 ParOldGen       total 151552K, used 39965K [0x0000000740000000, 0x0000000749400000, 0x0000000795580000)
  object space 151552K, 26% used [0x0000000740000000,0x0000000742707600,0x0000000749400000)
 Metaspace       used 11864K, capacity 12081K, committed 12416K, reserved 1060864K
  class space    used 1218K, capacity 1311K, committed 1408K, reserved 1048576K
GC Heap History (10 events):
Event: 11.343 GC heap before
{Heap before GC invocations=10 (full 2):
 PSYoungGen      total 126464K, used 98063K [0x0000000795580000, 0x00000007a2e80000, 0x00000007c0000000)
  eden space 96256K, 100% used [0x0000000795580000,0x000000079b380000,0x000000079b380000)
  from space 30208K, 5% used [0x000000079b380000,0x000000079b543e10,0x000000079d100000)
  to   space 28672K, 0% used [0x00000007a1280000,0x00000007a1280000,0x00000007a2e80000)
 ParOldGen       total 151552K, used 39233K [0x0000000740000000, 0x0000000749400000, 0x0000000795580000)
  object space 151552K, 25% used [0x0000000740000000,0x00000007426505d0,0x0000000749400000)
 Metaspace       used 11725K, capacity 11953K, committed 12160K, reserved 1060864K
  class space    used 1217K, capacity 1311K, committed 1408K, reserved 1048576K
Event: 11.346 GC heap after
Heap after GC invocations=10 (full 2):
 PSYoungGen      total 179200K, used 832K [0x0000000795580000, 0x00000007a2680000, 0x00000007c0000000)
  eden space 158720K, 0% used [0x0000000795580000,0x0000000795580000,0x000000079f080000)
  from space 20480K, 4% used [0x00000007a1280000,0x00000007a1350000,0x00000007a2680000)
  to   space 27648K, 0% used [0x000000079f080000,0x000000079f080000,0x00000007a0b80000)
 ParOldGen       total 151552K, used 39241K [0x0000000740000000, 0x0000000749400000, 0x0000000795580000)
  object space 151552K, 25% used [0x0000000740000000,0x00000007426525d0,0x0000000749400000)
 Metaspace       used 11725K, capacity 11953K, committed 12160K, reserved 1060864K
  class space    used 1217K, capacity 1311K, committed 1408K, reserved 1048576K
}
Event: 50.424 GC heap before
{Heap before GC invocations=11 (full 2):
 PSYoungGen      total 179200K, used 159552K [0x0000000795580000, 0x00000007a2680000, 0x00000007c0000000)
  eden space 158720K, 100% used [0x0000000795580000,0x000000079f080000,0x000000079f080000)
  from space 20480K, 4% used [0x00000007a1280000,0x00000007a1350000,0x00000007a2680000)
  to   space 27648K, 0% used [0x000000079f080000,0x000000079f080000,0x00000007a0b80000)
 ParOldGen       total 151552K, used 39241K [0x0000000740000000, 0x0000000749400000, 0x0000000795580000)
  object space 151552K, 25% used [0x0000000740000000,0x00000007426525d0,0x0000000749400000)
 Metaspace       used 11857K, capacity 12081K, committed 12416K, reserved 1060864K
  class space    used 1217K, capacity 1311K, committed 1408K, reserved 1048576K
Event: 50.433 GC heap after
Heap after GC invocations=11 (full 2):
 PSYoungGen      total 186368K, used 1952K [0x0000000795580000, 0x00000007a5a80000, 0x00000007c0000000)
  eden space 158720K, 0% used [0x0000000795580000,0x0000000795580000,0x000000079f080000)
  from space 27648K, 7% used [0x000000079f080000,0x000000079f268000,0x00000007a0b80000)
  to   space 26624K, 0% used [0x00000007a4080000,0x00000007a4080000,0x00000007a5a80000)
 ParOldGen       total 151552K, used 39249K [0x0000000740000000, 0x0000000749400000, 0x0000000795580000)
  object space 151552K, 25% used [0x0000000740000000,0x00000007426545d0,0x0000000749400000)
 Metaspace       used 11857K, capacity 12081K, committed 12416K, reserved 1060864K
  class space    used 1217K, capacity 1311K, committed 1408K, reserved 1048576K
}
Event: 82.539 GC heap before
{Heap before GC invocations=12 (full 2):
 PSYoungGen      total 186368K, used 160672K [0x0000000795580000, 0x00000007a5a80000, 0x00000007c0000000)
  eden space 158720K, 100% used [0x0000000795580000,0x000000079f080000,0x000000079f080000)
  from space 27648K, 7% used [0x000000079f080000,0x000000079f268000,0x00000007a0b80000)
  to   space 26624K, 0% used [0x00000007a4080000,0x00000007a4080000,0x00000007a5a80000)
 ParOldGen       total 151552K, used 39249K [0x0000000740000000, 0x0000000749400000, 0x0000000795580000)
  object space 151552K, 25% used [0x0000000740000000,0x00000007426545d0,0x0000000749400000)
 Metaspace       used 11857K, capacity 12081K, committed 12416K, reserved 1060864K
  class space    used 1217K, capacity 1311K, committed 1408K, reserved 1048576K
Event: 82.549 GC heap after
Heap after GC invocations=12 (full 2):
 PSYoungGen      total 225280K, used 1376K [0x0000000795580000, 0x00000007a5200000, 0x00000007c0000000)
  eden space 207360K, 0% used [0x0000000795580000,0x0000000795580000,0x00000007a2000000)
  from space 17920K, 7% used [0x00000007a4080000,0x00000007a41d8000,0x00000007a5200000)
  to   space 25600K, 0% used [0x00000007a2000000,0x00000007a2000000,0x00000007a3900000)
 ParOldGen       total 151552K, used 39933K [0x0000000740000000, 0x0000000749400000, 0x0000000795580000)
  object space 151552K, 26% used [0x0000000740000000,0x00000007426ff600,0x0000000749400000)
 Metaspace       used 11857K, capacity 12081K, committed 12416K, reserved 1060864K
  class space    used 1217K, capacity 1311K, committed 1408K, reserved 1048576K
}
Event: 123.889 GC heap before
{Heap before GC invocations=13 (full 2):
 PSYoungGen      total 225280K, used 208736K [0x0000000795580000, 0x00000007a5200000, 0x00000007c0000000)
  eden space 207360K, 100% used [0x0000000795580000,0x00000007a2000000,0x00000007a2000000)
  from space 17920K, 7% used [0x00000007a4080000,0x00000007a41d8000,0x00000007a5200000)
  to   space 25600K, 0% used [0x00000007a2000000,0x00000007a2000000,0x00000007a3900000)
 ParOldGen       total 151552K, used 39933K [0x0000000740000000, 0x0000000749400000, 0x0000000795580000)
  object space 151552K, 26% used [0x0000000740000000,0x00000007426ff600,0x0000000749400000)
 Metaspace       used 11857K, capacity 12081K, committed 12416K, reserved 1060864K
  class space    used 1217K, capacity 1311K, committed 1408K, reserved 1048576K
Event: 123.899 GC heap after
Heap after GC invocations=13 (full 2):
 PSYoungGen      total 232960K, used 1728K [0x0000000795580000, 0x00000007a8480000, 0x00000007c0000000)
  eden space 207360K, 0% used [0x0000000795580000,0x0000000795580000,0x00000007a2000000)
  from space 25600K, 6% used [0x00000007a2000000,0x00000007a21b0000,0x00000007a3900000)
  to   space 24064K, 0% used [0x00000007a6d00000,0x00000007a6d00000,0x00000007a8480000)
 ParOldGen       total 151552K, used 39957K [0x0000000740000000, 0x0000000749400000, 0x0000000795580000)
  object space 151552K, 26% used [0x0000000740000000,0x0000000742705600,0x0000000749400000)
 Metaspace       used 11857K, capacity 12081K, committed 12416K, reserved 1060864K
  class space    used 1217K, capacity 1311K, committed 1408K, reserved 1048576K
}
Event: 187.074 GC heap before
{Heap before GC invocations=14 (full 2):
 PSYoungGen      total 232960K, used 209088K [0x0000000795580000, 0x00000007a8480000, 0x00000007c0000000)
  eden space 207360K, 100% used [0x0000000795580000,0x00000007a2000000,0x00000007a2000000)
  from space 25600K, 6% used [0x00000007a2000000,0x00000007a21b0000,0x00000007a3900000)
  to   space 24064K, 0% used [0x00000007a6d00000,0x00000007a6d00000,0x00000007a8480000)
 ParOldGen       total 151552K, used 39957K [0x0000000740000000, 0x0000000749400000, 0x0000000795580000)
  object space 151552K, 26% used [0x0000000740000000,0x0000000742705600,0x0000000749400000)
 Metaspace       used 11858K, capacity 12081K, committed 12416K, reserved 1060864K
  class space    used 1217K, capacity 1311K, committed 1408K, reserved 1048576K
Event: 187.081 GC heap after
Heap after GC invocations=14 (full 2):
 PSYoungGen      total 267776K, used 1728K [0x0000000795580000, 0x00000007a7a80000, 0x00000007c0000000)
  eden space 253952K, 0% used [0x0000000795580000,0x0000000795580000,0x00000007a4d80000)
  from space 13824K, 12% used [0x00000007a6d00000,0x00000007a6eb0000,0x00000007a7a80000)
  to   space 23040K, 0% used [0x00000007a4d80000,0x00000007a4d80000,0x00000007a6400000)
 ParOldGen       total 151552K, used 39965K [0x0000000740000000, 0x0000000749400000, 0x0000000795580000)
  object space 151552K, 26% used [0x0000000740000000,0x0000000742707600,0x0000000749400000)
 Metaspace       used 11858K, capacity 12081K, committed 12416K, reserved 1060864K
  class space    used 1217K, capacity 1311K, committed 1408K, reserved 1048576K
}

