# JRE version: Java(TM) SE Runtime Environment (8.0_111-b14) (build 1.8.0_111-b14)
# Java VM: Java HotSpot(TM) 64-Bit Server VM (25.111-b14 mixed mode bsd-amd64 compressed oops)
Heap:
 PSYoungGen      total 67072K, used 5600K [0x0000000795580000, 0x000000079ea00000, 0x00000007c0000000)
  eden space 61952K, 8% used [0x0000000795580000,0x0000000795ab81c8,0x0000000799200000)
  from space 5120K, 5% used [0x0000000799200000,0x0000000799240000,0x0000000799700000)
  to   space 25600K, 0% used [0x000000079d100000,0x000000079d100000,0x000000079ea00000)
 ParOldGen       total 110080K, used 55416K [0x0000000740000000, 0x0000000746b80000, 0x0000000795580000)
  object space 110080K, 50% used [0x0000000740000000,0x000000074361e1a8,0x0000000746b80000)
 Metaspace       used 10702K, capacity 10865K, committed 11264K, reserved 1058816K
  class space    used 1108K, capacity 1183K, committed 1280K, reserved 1048576K
GC Heap History (10 events):
Event: 1.759 GC heap before
{Heap before GC invocations=2 (full 0):
 PSYoungGen      total 38400K, used 38375K [0x0000000795580000, 0x0000000798000000, 0x00000007c0000000)
  eden space 33280K, 100% used [0x0000000795580000,0x0000000797600000,0x0000000797600000)
  from space 5120K, 99% used [0x0000000797600000,0x0000000797af9fd0,0x0000000797b00000)
  to   space 5120K, 0% used [0x0000000797b00000,0x0000000797b00000,0x0000000798000000)
 ParOldGen       total 87552K, used 18738K [0x0000000740000000, 0x0000000745580000, 0x0000000795580000)
  object space 87552K, 21% used [0x0000000740000000,0x000000074124c870,0x0000000745580000)
 Metaspace       used 9030K, capacity 9219K, committed 9472K, reserved 1058816K
  class space    used 940K, capacity 1020K, committed 1024K, reserved 1048576K
Event: 1.764 GC heap after
Heap after GC invocations=2 (full 0):
 PSYoungGen      total 38400K, used 4694K [0x0000000795580000, 0x000000079a080000, 0x00000007c0000000)
  eden space 33280K, 0% used [0x0000000795580000,0x0000000795580000,0x0000000797600000)
  from space 5120K, 91% used [0x0000000797b00000,0x0000000797f95878,0x0000000798000000)
  to   space 5120K, 0% used [0x0000000797600000,0x0000000797600000,0x0000000797b00000)
 ParOldGen       total 87552K, used 18746K [0x0000000740000000, 0x0000000745580000, 0x0000000795580000)
  object space 87552K, 21% used [0x0000000740000000,0x000000074124e870,0x0000000745580000)
 Metaspace       used 9030K, capacity 9219K, committed 9472K, reserved 1058816K
  class space    used 940K, capacity 1020K, committed 1024K, reserved 1048576K
}
Event: 1.903 GC heap before
{Heap before GC invocations=3 (full 0):
 PSYoungGen      total 38400K, used 34896K [0x0000000795580000, 0x000000079a080000, 0x00000007c0000000)
  eden space 33280K, 90% used [0x0000000795580000,0x00000007972fe8b0,0x0000000797600000)
  from space 5120K, 91% used [0x0000000797b00000,0x0000000797f95878,0x0000000798000000)
  to   space 5120K, 0% used [0x0000000797600000,0x0000000797600000,0x0000000797b00000)
 ParOldGen       total 87552K, used 18746K [0x0000000740000000, 0x0000000745580000, 0x0000000795580000)
  object space 87552K, 21% used [0x0000000740000000,0x000000074124e870,0x0000000745580000)
 Metaspace       used 10047K, capacity 10257K, committed 10368K, reserved 1058816K
  class space    used 1071K, capacity 1151K, committed 1152K, reserved 1048576K
Event: 1.924 GC heap after
Heap after GC invocations=3 (full 0):
 PSYoungGen      total 38400K, used 4736K [0x0000000795580000, 0x000000079a080000, 0x00000007c0000000)
  eden space 33280K, 0% used [0x0000000795580000,0x0000000795580000,0x0000000797600000)
  from space 5120K, 92% used [0x0000000797600000,0x0000000797aa0020,0x0000000797b00000)
  to   space 5120K, 0% used [0x0000000799b80000,0x0000000799b80000,0x000000079a080000)
 ParOldGen       total 87552K, used 55618K [0x0000000740000000, 0x0000000745580000, 0x0000000795580000)
  object space 87552K, 63% used [0x0000000740000000,0x00000007436508a0,0x0000000745580000)
 Metaspace       used 10047K, capacity 10257K, committed 10368K, reserved 1058816K
  class space    used 1071K, capacity 1151K, committed 1152K, reserved 1048576K
}
Event: 1.924 GC heap before
{Heap before GC invocations=4 (full 1):
 PSYoungGen      total 38400K, used 4736K [0x0000000795580000, 0x000000079a080000, 0x00000007c0000000)
  eden space 33280K, 0% used [0x0000000795580000,0x0000000795580000,0x0000000797600000)
  from space 5120K, 92% used [0x0000000797600000,0x0000000797aa0020,0x0000000797b00000)
  to   space 5120K, 0% used [0x0000000799b80000,0x0000000799b80000,0x000000079a080000)
 ParOldGen       total 87552K, used 55618K [0x0000000740000000, 0x0000000745580000, 0x0000000795580000)
  object space 87552K, 63% used [0x0000000740000000,0x00000007436508a0,0x0000000745580000)
 Metaspace       used 10047K, capacity 10257K, committed 10368K, reserved 1058816K
  class space    used 1071K, capacity 1151K, committed 1152K, reserved 1048576K
Event: 1.953 GC heap after
Heap after GC invocations=4 (full 1):
 PSYoungGen      total 38400K, used 0K [0x0000000795580000, 0x000000079a080000, 0x00000007c0000000)
  eden space 33280K, 0% used [0x0000000795580000,0x0000000795580000,0x0000000797600000)
  from space 5120K, 0% used [0x0000000797600000,0x0000000797600000,0x0000000797b00000)
  to   space 5120K, 0% used [0x0000000799b80000,0x0000000799b80000,0x000000079a080000)
 ParOldGen       total 110080K, used 23000K [0x0000000740000000, 0x0000000746b80000, 0x0000000795580000)
  object space 110080K, 20% used [0x0000000740000000,0x0000000741676168,0x0000000746b80000)
 Metaspace       used 10047K, capacity 10257K, committed 10368K, reserved 1058816K
  class space    used 1071K, capacity 1151K, committed 1152K, reserved 1048576K
}
Event: 2.093 GC heap before
{Heap before GC invocations=5 (full 1):
 PSYoungGen      total 38400K, used 33280K [0x0000000795580000, 0x000000079a080000, 0x00000007c0000000)
  eden space 33280K, 100% used [0x0000000795580000,0x0000000797600000,0x0000000797600000)
  from space 5120K, 0% used [0x0000000797600000,0x0000000797600000,0x0000000797b00000)
  to   space 5120K, 0% used [0x0000000799b80000,0x0000000799b80000,0x000000079a080000)
 ParOldGen       total 110080K, used 23000K [0x0000000740000000, 0x0000000746b80000, 0x0000000795580000)
  object space 110080K, 20% used [0x0000000740000000,0x0000000741676168,0x0000000746b80000)
 Metaspace       used 10095K, capacity 10321K, committed 10624K, reserved 1058816K
  class space    used 1074K, capacity 1151K, committed 1152K, reserved 1048576K
Event: 2.098 GC heap after
Heap after GC invocations=5 (full 1):
 PSYoungGen      total 59392K, used 128K [0x0000000795580000, 0x0000000799c00000, 0x00000007c0000000)
  eden space 58880K, 0% used [0x0000000795580000,0x0000000795580000,0x0000000798f00000)
  from space 512K, 25% used [0x0000000799b80000,0x0000000799ba0000,0x0000000799c00000)
  to   space 5120K, 0% used [0x0000000799200000,0x0000000799200000,0x0000000799700000)
 ParOldGen       total 110080K, used 55408K [0x0000000740000000, 0x0000000746b80000, 0x0000000795580000)
  object space 110080K, 50% used [0x0000000740000000,0x000000074361c1a8,0x0000000746b80000)
 Metaspace       used 10095K, capacity 10321K, committed 10624K, reserved 1058816K
  class space    used 1074K, capacity 1151K, committed 1152K, reserved 1048576K
}
Event: 54.689 GC heap before
{Heap before GC invocations=6 (full 1):
 PSYoungGen      total 59392K, used 59008K [0x0000000795580000, 0x0000000799c00000, 0x00000007c0000000)
  eden space 58880K, 100% used [0x0000000795580000,0x0000000798f00000,0x0000000798f00000)
  from space 512K, 25% used [0x0000000799b80000,0x0000000799ba0000,0x0000000799c00000)
  to   space 5120K, 0% used [0x0000000799200000,0x0000000799200000,0x0000000799700000)
 ParOldGen       total 110080K, used 55408K [0x0000000740000000, 0x0000000746b80000, 0x0000000795580000)
  object space 110080K, 50% used [0x0000000740000000,0x000000074361c1a8,0x0000000746b80000)
 Metaspace       used 10682K, capacity 10865K, committed 11264K, reserved 1058816K
  class space    used 1108K, capacity 1183K, committed 1280K, reserved 1048576K
Event: 54.691 GC heap after
Heap after GC invocations=6 (full 1):
 PSYoungGen      total 67072K, used 256K [0x0000000795580000, 0x000000079ea00000, 0x00000007c0000000)
  eden space 61952K, 0% used [0x0000000795580000,0x0000000795580000,0x0000000799200000)
  from space 5120K, 5% used [0x0000000799200000,0x0000000799240000,0x0000000799700000)
  to   space 25600K, 0% used [0x000000079d100000,0x000000079d100000,0x000000079ea00000)
 ParOldGen       total 110080K, used 55416K [0x0000000740000000, 0x0000000746b80000, 0x0000000795580000)
  object space 110080K, 50% used [0x0000000740000000,0x000000074361e1a8,0x0000000746b80000)
 Metaspace       used 10682K, capacity 10865K, committed 11264K, reserved 1058816K
  class space    used 1108K, capacity 1183K, committed 1280K, reserved 1048576K
}

