# JRE version: Java(TM) SE Runtime Environment (8.0_111-b14) (build 1.8.0_111-b14)
# Java VM: Java HotSpot(TM) 64-Bit Server VM (25.111-b14 mixed mode bsd-amd64 compressed oops)
Heap:
 PSYoungGen      total 192000K, used 17623K [0x0000000795580000, 0x00000007a3280000, 0x00000007c0000000)
  eden space 172032K, 9% used [0x0000000795580000,0x00000007965c5d88,0x000000079fd80000)
  from space 19968K, 4% used [0x00000007a1f00000,0x00000007a1ff0000,0x00000007a3280000)
  to   space 27136K, 0% used [0x000000079fd80000,0x000000079fd80000,0x00000007a1800000)
 ParOldGen       total 106496K, used 43502K [0x0000000740000000, 0x0000000746800000, 0x0000000795580000)
  object space 106496K, 40% used [0x0000000740000000,0x0000000742a7bac0,0x0000000746800000)
 Metaspace       used 11809K, capacity 12037K, committed 12416K, reserved 1060864K
  class space    used 1218K, capacity 1311K, committed 1408K, reserved 1048576K
GC Heap History (10 events):
Event: 2.835 GC heap before
{Heap before GC invocations=6 (full 1):
 PSYoungGen      total 61440K, used 61056K [0x0000000795580000, 0x0000000799c00000, 0x00000007c0000000)
  eden space 60928K, 100% used [0x0000000795580000,0x0000000799100000,0x0000000799100000)
  from space 512K, 25% used [0x0000000799b80000,0x0000000799ba0000,0x0000000799c00000)
  to   space 5120K, 0% used [0x0000000799200000,0x0000000799200000,0x0000000799700000)
 ParOldGen       total 108032K, used 55433K [0x0000000740000000, 0x0000000746980000, 0x0000000795580000)
  object space 108032K, 51% used [0x0000000740000000,0x0000000743622500,0x0000000746980000)
 Metaspace       used 10232K, capacity 10401K, committed 10624K, reserved 1058816K
  class space    used 1091K, capacity 1151K, committed 1152K, reserved 1048576K
Event: 2.845 GC heap after
Heap after GC invocations=6 (full 1):
 PSYoungGen      total 67072K, used 256K [0x0000000795580000, 0x000000079f200000, 0x00000007c0000000)
  eden space 61952K, 0% used [0x0000000795580000,0x0000000795580000,0x0000000799200000)
  from space 5120K, 5% used [0x0000000799200000,0x0000000799240000,0x0000000799700000)
  to   space 25600K, 0% used [0x000000079d900000,0x000000079d900000,0x000000079f200000)
 ParOldGen       total 108032K, used 73666K [0x0000000740000000, 0x0000000746980000, 0x0000000795580000)
  object space 108032K, 68% used [0x0000000740000000,0x00000007447f0930,0x0000000746980000)
 Metaspace       used 10232K, capacity 10401K, committed 10624K, reserved 1058816K
  class space    used 1091K, capacity 1151K, committed 1152K, reserved 1048576K
}
Event: 2.845 GC heap before
{Heap before GC invocations=7 (full 2):
 PSYoungGen      total 67072K, used 256K [0x0000000795580000, 0x000000079f200000, 0x00000007c0000000)
  eden space 61952K, 0% used [0x0000000795580000,0x0000000795580000,0x0000000799200000)
  from space 5120K, 5% used [0x0000000799200000,0x0000000799240000,0x0000000799700000)
  to   space 25600K, 0% used [0x000000079d900000,0x000000079d900000,0x000000079f200000)
 ParOldGen       total 108032K, used 73666K [0x0000000740000000, 0x0000000746980000, 0x0000000795580000)
  object space 108032K, 68% used [0x0000000740000000,0x00000007447f0930,0x0000000746980000)
 Metaspace       used 10232K, capacity 10401K, committed 10624K, reserved 1058816K
  class space    used 1091K, capacity 1151K, committed 1152K, reserved 1048576K
Event: 2.867 GC heap after
Heap after GC invocations=7 (full 2):
 PSYoungGen      total 67072K, used 0K [0x0000000795580000, 0x000000079f200000, 0x00000007c0000000)
  eden space 61952K, 0% used [0x0000000795580000,0x0000000795580000,0x0000000799200000)
  from space 5120K, 0% used [0x0000000799200000,0x0000000799200000,0x0000000799700000)
  to   space 25600K, 0% used [0x000000079d900000,0x000000079d900000,0x000000079f200000)
 ParOldGen       total 106496K, used 10802K [0x0000000740000000, 0x0000000746800000, 0x0000000795580000)
  object space 106496K, 10% used [0x0000000740000000,0x0000000740a8ca90,0x0000000746800000)
 Metaspace       used 10232K, capacity 10401K, committed 10624K, reserved 1058816K
  class space    used 1091K, capacity 1151K, committed 1152K, reserved 1048576K
}
Event: 3.044 GC heap before
{Heap before GC invocations=8 (full 2):
 PSYoungGen      total 67072K, used 61952K [0x0000000795580000, 0x000000079f200000, 0x00000007c0000000)
  eden space 61952K, 100% used [0x0000000795580000,0x0000000799200000,0x0000000799200000)
  from space 5120K, 0% used [0x0000000799200000,0x0000000799200000,0x0000000799700000)
  to   space 25600K, 0% used [0x000000079d900000,0x000000079d900000,0x000000079f200000)
 ParOldGen       total 106496K, used 10802K [0x0000000740000000, 0x0000000746800000, 0x0000000795580000)
  object space 106496K, 10% used [0x0000000740000000,0x0000000740a8ca90,0x0000000746800000)
 Metaspace       used 10265K, capacity 10465K, committed 10624K, reserved 1058816K
  class space    used 1094K, capacity 1151K, committed 1152K, reserved 1048576K
Event: 3.063 GC heap after
Heap after GC invocations=8 (full 2):
 PSYoungGen      total 130048K, used 20516K [0x0000000795580000, 0x000000079fb80000, 0x00000007c0000000)
  eden space 104448K, 0% used [0x0000000795580000,0x0000000795580000,0x000000079bb80000)
  from space 25600K, 80% used [0x000000079d900000,0x000000079ed09020,0x000000079f200000)
  to   space 30208K, 0% used [0x000000079bb80000,0x000000079bb80000,0x000000079d900000)
 ParOldGen       total 106496K, used 43486K [0x0000000740000000, 0x0000000746800000, 0x0000000795580000)
  object space 106496K, 40% used [0x0000000740000000,0x0000000742a77ac0,0x0000000746800000)
 Metaspace       used 10265K, capacity 10465K, committed 10624K, reserved 1058816K
  class space    used 1094K, capacity 1151K, committed 1152K, reserved 1048576K
}
Event: 5.287 GC heap before
{Heap before GC invocations=9 (full 2):
 PSYoungGen      total 130048K, used 117150K [0x0000000795580000, 0x000000079fb80000, 0x00000007c0000000)
  eden space 104448K, 92% used [0x0000000795580000,0x000000079b3de938,0x000000079bb80000)
  from space 25600K, 80% used [0x000000079d900000,0x000000079ed09020,0x000000079f200000)
  to   space 30208K, 0% used [0x000000079bb80000,0x000000079bb80000,0x000000079d900000)
 ParOldGen       total 106496K, used 43486K [0x0000000740000000, 0x0000000746800000, 0x0000000795580000)
  object space 106496K, 40% used [0x0000000740000000,0x0000000742a77ac0,0x0000000746800000)
 Metaspace       used 11583K, capacity 11749K, committed 12032K, reserved 1060864K
  class space    used 1214K, capacity 1279K, committed 1280K, reserved 1048576K
Event: 5.292 GC heap after
Heap after GC invocations=9 (full 2):
 PSYoungGen      total 134656K, used 6036K [0x0000000795580000, 0x00000007a3a00000, 0x00000007c0000000)
  eden space 104448K, 0% used [0x0000000795580000,0x0000000795580000,0x000000079bb80000)
  from space 30208K, 19% used [0x000000079bb80000,0x000000079c165310,0x000000079d900000)
  to   space 27648K, 0% used [0x00000007a1f00000,0x00000007a1f00000,0x00000007a3a00000)
 ParOldGen       total 106496K, used 43494K [0x0000000740000000, 0x0000000746800000, 0x0000000795580000)
  object space 106496K, 40% used [0x0000000740000000,0x0000000742a79ac0,0x0000000746800000)
 Metaspace       used 11583K, capacity 11749K, committed 12032K, reserved 1060864K
  class space    used 1214K, capacity 1279K, committed 1280K, reserved 1048576K
}
Event: 23.351 GC heap before
{Heap before GC invocations=10 (full 2):
 PSYoungGen      total 134656K, used 110484K [0x0000000795580000, 0x00000007a3a00000, 0x00000007c0000000)
  eden space 104448K, 100% used [0x0000000795580000,0x000000079bb80000,0x000000079bb80000)
  from space 30208K, 19% used [0x000000079bb80000,0x000000079c165310,0x000000079d900000)
  to   space 27648K, 0% used [0x00000007a1f00000,0x00000007a1f00000,0x00000007a3a00000)
 ParOldGen       total 106496K, used 43494K [0x0000000740000000, 0x0000000746800000, 0x0000000795580000)
  object space 106496K, 40% used [0x0000000740000000,0x0000000742a79ac0,0x0000000746800000)
 Metaspace       used 11794K, capacity 12037K, committed 12416K, reserved 1060864K
  class space    used 1217K, capacity 1311K, committed 1408K, reserved 1048576K
Event: 23.354 GC heap after
Heap after GC invocations=10 (full 2):
 PSYoungGen      total 192000K, used 960K [0x0000000795580000, 0x00000007a3280000, 0x00000007c0000000)
  eden space 172032K, 0% used [0x0000000795580000,0x0000000795580000,0x000000079fd80000)
  from space 19968K, 4% used [0x00000007a1f00000,0x00000007a1ff0000,0x00000007a3280000)
  to   space 27136K, 0% used [0x000000079fd80000,0x000000079fd80000,0x00000007a1800000)
 ParOldGen       total 106496K, used 43502K [0x0000000740000000, 0x0000000746800000, 0x0000000795580000)
  object space 106496K, 40% used [0x0000000740000000,0x0000000742a7bac0,0x0000000746800000)
 Metaspace       used 11794K, capacity 12037K, committed 12416K, reserved 1060864K
  class space    used 1217K, capacity 1311K, committed 1408K, reserved 1048576K
}

