# JRE version: Java(TM) SE Runtime Environment (8.0_111-b14) (build 1.8.0_111-b14)
# Java VM: Java HotSpot(TM) 64-Bit Server VM (25.111-b14 mixed mode bsd-amd64 compressed oops)
Heap:
 PSYoungGen      total 179200K, used 149085K [0x0000000795580000, 0x00000007a2680000, 0x00000007c0000000)
  eden space 159744K, 92% used [0x0000000795580000,0x000000079e637728,0x000000079f180000)
  from space 19456K, 4% used [0x00000007a1380000,0x00000007a1460000,0x00000007a2680000)
  to   space 27136K, 0% used [0x000000079f180000,0x000000079f180000,0x00000007a0c00000)
 ParOldGen       total 110592K, used 43502K [0x0000000740000000, 0x0000000746c00000, 0x0000000795580000)
  object space 110592K, 39% used [0x0000000740000000,0x0000000742a7b968,0x0000000746c00000)
 Metaspace       used 11871K, capacity 12081K, committed 12416K, reserved 1060864K
  class space    used 1218K, capacity 1311K, committed 1408K, reserved 1048576K
GC Heap History (10 events):
Event: 3.144 GC heap before
{Heap before GC invocations=6 (full 1):
 PSYoungGen      total 60416K, used 60032K [0x0000000795580000, 0x0000000799c00000, 0x00000007c0000000)
  eden space 59904K, 100% used [0x0000000795580000,0x0000000799000000,0x0000000799000000)
  from space 512K, 25% used [0x0000000799b80000,0x0000000799ba0000,0x0000000799c00000)
  to   space 5120K, 0% used [0x0000000799200000,0x0000000799200000,0x0000000799700000)
 ParOldGen       total 109056K, used 55432K [0x0000000740000000, 0x0000000746a80000, 0x0000000795580000)
  object space 109056K, 50% used [0x0000000740000000,0x00000007436222f8,0x0000000746a80000)
 Metaspace       used 10242K, capacity 10449K, committed 10624K, reserved 1058816K
  class space    used 1091K, capacity 1151K, committed 1152K, reserved 1048576K
Event: 3.152 GC heap after
Heap after GC invocations=6 (full 1):
 PSYoungGen      total 67072K, used 256K [0x0000000795580000, 0x000000079ee00000, 0x00000007c0000000)
  eden space 61952K, 0% used [0x0000000795580000,0x0000000795580000,0x0000000799200000)
  from space 5120K, 5% used [0x0000000799200000,0x0000000799240000,0x0000000799700000)
  to   space 25600K, 0% used [0x000000079d500000,0x000000079d500000,0x000000079ee00000)
 ParOldGen       total 109056K, used 73665K [0x0000000740000000, 0x0000000746a80000, 0x0000000795580000)
  object space 109056K, 67% used [0x0000000740000000,0x00000007447f0728,0x0000000746a80000)
 Metaspace       used 10242K, capacity 10449K, committed 10624K, reserved 1058816K
  class space    used 1091K, capacity 1151K, committed 1152K, reserved 1048576K
}
Event: 3.152 GC heap before
{Heap before GC invocations=7 (full 2):
 PSYoungGen      total 67072K, used 256K [0x0000000795580000, 0x000000079ee00000, 0x00000007c0000000)
  eden space 61952K, 0% used [0x0000000795580000,0x0000000795580000,0x0000000799200000)
  from space 5120K, 5% used [0x0000000799200000,0x0000000799240000,0x0000000799700000)
  to   space 25600K, 0% used [0x000000079d500000,0x000000079d500000,0x000000079ee00000)
 ParOldGen       total 109056K, used 73665K [0x0000000740000000, 0x0000000746a80000, 0x0000000795580000)
  object space 109056K, 67% used [0x0000000740000000,0x00000007447f0728,0x0000000746a80000)
 Metaspace       used 10242K, capacity 10449K, committed 10624K, reserved 1058816K
  class space    used 1091K, capacity 1151K, committed 1152K, reserved 1048576K
Event: 3.179 GC heap after
Heap after GC invocations=7 (full 2):
 PSYoungGen      total 67072K, used 0K [0x0000000795580000, 0x000000079ee00000, 0x00000007c0000000)
  eden space 61952K, 0% used [0x0000000795580000,0x0000000795580000,0x0000000799200000)
  from space 5120K, 0% used [0x0000000799200000,0x0000000799200000,0x0000000799700000)
  to   space 25600K, 0% used [0x000000079d500000,0x000000079d500000,0x000000079ee00000)
 ParOldGen       total 110592K, used 10802K [0x0000000740000000, 0x0000000746c00000, 0x0000000795580000)
  object space 110592K, 9% used [0x0000000740000000,0x0000000740a8c938,0x0000000746c00000)
 Metaspace       used 10242K, capacity 10449K, committed 10624K, reserved 1058816K
  class space    used 1091K, capacity 1151K, committed 1152K, reserved 1048576K
}
Event: 3.368 GC heap before
{Heap before GC invocations=8 (full 2):
 PSYoungGen      total 67072K, used 61952K [0x0000000795580000, 0x000000079ee00000, 0x00000007c0000000)
  eden space 61952K, 100% used [0x0000000795580000,0x0000000799200000,0x0000000799200000)
  from space 5120K, 0% used [0x0000000799200000,0x0000000799200000,0x0000000799700000)
  to   space 25600K, 0% used [0x000000079d500000,0x000000079d500000,0x000000079ee00000)
 ParOldGen       total 110592K, used 10802K [0x0000000740000000, 0x0000000746c00000, 0x0000000795580000)
  object space 110592K, 9% used [0x0000000740000000,0x0000000740a8c938,0x0000000746c00000)
 Metaspace       used 10279K, capacity 10449K, committed 10624K, reserved 1058816K
  class space    used 1094K, capacity 1151K, committed 1152K, reserved 1048576K
Event: 3.388 GC heap after
Heap after GC invocations=8 (full 2):
 PSYoungGen      total 125952K, used 20516K [0x0000000795580000, 0x000000079f880000, 0x00000007c0000000)
  eden space 100352K, 0% used [0x0000000795580000,0x0000000795580000,0x000000079b780000)
  from space 25600K, 80% used [0x000000079d500000,0x000000079e909020,0x000000079ee00000)
  to   space 30208K, 0% used [0x000000079b780000,0x000000079b780000,0x000000079d500000)
 ParOldGen       total 110592K, used 43486K [0x0000000740000000, 0x0000000746c00000, 0x0000000795580000)
  object space 110592K, 39% used [0x0000000740000000,0x0000000742a77968,0x0000000746c00000)
 Metaspace       used 10279K, capacity 10449K, committed 10624K, reserved 1058816K
  class space    used 1094K, capacity 1151K, committed 1152K, reserved 1048576K
}
Event: 6.086 GC heap before
{Heap before GC invocations=9 (full 2):
 PSYoungGen      total 125952K, used 118532K [0x0000000795580000, 0x000000079f880000, 0x00000007c0000000)
  eden space 100352K, 97% used [0x0000000795580000,0x000000079b538138,0x000000079b780000)
  from space 25600K, 80% used [0x000000079d500000,0x000000079e909020,0x000000079ee00000)
  to   space 30208K, 0% used [0x000000079b780000,0x000000079b780000,0x000000079d500000)
 ParOldGen       total 110592K, used 43486K [0x0000000740000000, 0x0000000746c00000, 0x0000000795580000)
  object space 110592K, 39% used [0x0000000740000000,0x0000000742a77968,0x0000000746c00000)
 Metaspace       used 11593K, capacity 11729K, committed 12032K, reserved 1060864K
  class space    used 1214K, capacity 1279K, committed 1280K, reserved 1048576K
Event: 6.095 GC heap after
Heap after GC invocations=9 (full 2):
 PSYoungGen      total 130560K, used 6033K [0x0000000795580000, 0x00000007a2f00000, 0x00000007c0000000)
  eden space 100352K, 0% used [0x0000000795580000,0x0000000795580000,0x000000079b780000)
  from space 30208K, 19% used [0x000000079b780000,0x000000079bd64738,0x000000079d500000)
  to   space 28160K, 0% used [0x00000007a1380000,0x00000007a1380000,0x00000007a2f00000)
 ParOldGen       total 110592K, used 43494K [0x0000000740000000, 0x0000000746c00000, 0x0000000795580000)
  object space 110592K, 39% used [0x0000000740000000,0x0000000742a79968,0x0000000746c00000)
 Metaspace       used 11593K, capacity 11729K, committed 12032K, reserved 1060864K
  class space    used 1214K, capacity 1279K, committed 1280K, reserved 1048576K
}
Event: 18.136 GC heap before
{Heap before GC invocations=10 (full 2):
 PSYoungGen      total 130560K, used 106385K [0x0000000795580000, 0x00000007a2f00000, 0x00000007c0000000)
  eden space 100352K, 100% used [0x0000000795580000,0x000000079b780000,0x000000079b780000)
  from space 30208K, 19% used [0x000000079b780000,0x000000079bd64738,0x000000079d500000)
  to   space 28160K, 0% used [0x00000007a1380000,0x00000007a1380000,0x00000007a2f00000)
 ParOldGen       total 110592K, used 43494K [0x0000000740000000, 0x0000000746c00000, 0x0000000795580000)
  object space 110592K, 39% used [0x0000000740000000,0x0000000742a79968,0x0000000746c00000)
 Metaspace       used 11828K, capacity 12017K, committed 12416K, reserved 1060864K
  class space    used 1217K, capacity 1311K, committed 1408K, reserved 1048576K
Event: 18.139 GC heap after
Heap after GC invocations=10 (full 2):
 PSYoungGen      total 179200K, used 896K [0x0000000795580000, 0x00000007a2680000, 0x00000007c0000000)
  eden space 159744K, 0% used [0x0000000795580000,0x0000000795580000,0x000000079f180000)
  from space 19456K, 4% used [0x00000007a1380000,0x00000007a1460000,0x00000007a2680000)
  to   space 27136K, 0% used [0x000000079f180000,0x000000079f180000,0x00000007a0c00000)
 ParOldGen       total 110592K, used 43502K [0x0000000740000000, 0x0000000746c00000, 0x0000000795580000)
  object space 110592K, 39% used [0x0000000740000000,0x0000000742a7b968,0x0000000746c00000)
 Metaspace       used 11828K, capacity 12017K, committed 12416K, reserved 1060864K
  class space    used 1217K, capacity 1311K, committed 1408K, reserved 1048576K
}

