# JRE version: Java(TM) SE Runtime Environment (8.0_111-b14) (build 1.8.0_111-b14)
# Java VM: Java HotSpot(TM) 64-Bit Server VM (25.111-b14 mixed mode bsd-amd64 compressed oops)
Heap:
 PSYoungGen      total 221184K, used 31861K [0x0000000795580000, 0x00000007a4e00000, 0x00000007c0000000)
  eden space 197120K, 15% used [0x0000000795580000,0x0000000797356588,0x00000007a1600000)
  from space 24064K, 5% used [0x00000007a2c80000,0x00000007a2dc6fb0,0x00000007a4400000)
  to   space 23040K, 0% used [0x00000007a1600000,0x00000007a1600000,0x00000007a2c80000)
 ParOldGen       total 142336K, used 58501K [0x0000000740000000, 0x0000000748b00000, 0x0000000795580000)
  object space 142336K, 41% used [0x0000000740000000,0x0000000743921518,0x0000000748b00000)
 Metaspace       used 11855K, capacity 12081K, committed 12416K, reserved 1060864K
  class space    used 1218K, capacity 1311K, committed 1408K, reserved 1048576K
GC Heap History (10 events):
Event: 2.216 GC heap before
{Heap before GC invocations=3 (full 0):
 PSYoungGen      total 71680K, used 71234K [0x0000000795580000, 0x000000079a080000, 0x00000007c0000000)
  eden space 66560K, 100% used [0x0000000795580000,0x0000000799680000,0x0000000799680000)
  from space 5120K, 91% used [0x0000000799b80000,0x000000079a010900,0x000000079a080000)
  to   space 5120K, 0% used [0x0000000799680000,0x0000000799680000,0x0000000799b80000)
 ParOldGen       total 87552K, used 18717K [0x0000000740000000, 0x0000000745580000, 0x0000000795580000)
  object space 87552K, 21% used [0x0000000740000000,0x00000007412476b8,0x0000000745580000)
 Metaspace       used 10118K, capacity 10257K, committed 10368K, reserved 1058816K
  class space    used 1075K, capacity 1151K, committed 1152K, reserved 1048576K
Event: 2.255 GC heap after
Heap after GC invocations=3 (full 0):
 PSYoungGen      total 71680K, used 4704K [0x0000000795580000, 0x000000079e180000, 0x00000007c0000000)
  eden space 66560K, 0% used [0x0000000795580000,0x0000000795580000,0x0000000799680000)
  from space 5120K, 91% used [0x0000000799680000,0x0000000799b18020,0x0000000799b80000)
  to   space 5120K, 0% used [0x000000079dc80000,0x000000079dc80000,0x000000079e180000)
 ParOldGen       total 87552K, used 71789K [0x0000000740000000, 0x0000000745580000, 0x0000000795580000)
  object space 87552K, 81% used [0x0000000740000000,0x000000074461b708,0x0000000745580000)
 Metaspace       used 10118K, capacity 10257K, committed 10368K, reserved 1058816K
  class space    used 1075K, capacity 1151K, committed 1152K, reserved 1048576K
}
Event: 2.255 GC heap before
{Heap before GC invocations=4 (full 1):
 PSYoungGen      total 71680K, used 4704K [0x0000000795580000, 0x000000079e180000, 0x00000007c0000000)
  eden space 66560K, 0% used [0x0000000795580000,0x0000000795580000,0x0000000799680000)
  from space 5120K, 91% used [0x0000000799680000,0x0000000799b18020,0x0000000799b80000)
  to   space 5120K, 0% used [0x000000079dc80000,0x000000079dc80000,0x000000079e180000)
 ParOldGen       total 87552K, used 71789K [0x0000000740000000, 0x0000000745580000, 0x0000000795580000)
  object space 87552K, 81% used [0x0000000740000000,0x000000074461b708,0x0000000745580000)
 Metaspace       used 10118K, capacity 10257K, committed 10368K, reserved 1058816K
  class space    used 1075K, capacity 1151K, committed 1152K, reserved 1048576K
Event: 2.288 GC heap after
Heap after GC invocations=4 (full 1):
 PSYoungGen      total 71680K, used 0K [0x0000000795580000, 0x000000079e180000, 0x00000007c0000000)
  eden space 66560K, 0% used [0x0000000795580000,0x0000000795580000,0x0000000799680000)
  from space 5120K, 0% used [0x0000000799680000,0x0000000799680000,0x0000000799b80000)
  to   space 5120K, 0% used [0x000000079dc80000,0x000000079dc80000,0x000000079e180000)
 ParOldGen       total 142336K, used 39228K [0x0000000740000000, 0x0000000748b00000, 0x0000000795580000)
  object space 142336K, 27% used [0x0000000740000000,0x000000074264f0d8,0x0000000748b00000)
 Metaspace       used 10118K, capacity 10257K, committed 10368K, reserved 1058816K
  class space    used 1075K, capacity 1151K, committed 1152K, reserved 1048576K
}
Event: 3.110 GC heap before
{Heap before GC invocations=5 (full 1):
 PSYoungGen      total 71680K, used 65881K [0x0000000795580000, 0x000000079e180000, 0x00000007c0000000)
  eden space 66560K, 98% used [0x0000000795580000,0x00000007995d6460,0x0000000799680000)
  from space 5120K, 0% used [0x0000000799680000,0x0000000799680000,0x0000000799b80000)
  to   space 5120K, 0% used [0x000000079dc80000,0x000000079dc80000,0x000000079e180000)
 ParOldGen       total 142336K, used 39228K [0x0000000740000000, 0x0000000748b00000, 0x0000000795580000)
  object space 142336K, 27% used [0x0000000740000000,0x000000074264f0d8,0x0000000748b00000)
 Metaspace       used 10277K, capacity 10449K, committed 10624K, reserved 1058816K
  class space    used 1094K, capacity 1151K, committed 1152K, reserved 1048576K
Event: 3.115 GC heap after
Heap after GC invocations=5 (full 1):
 PSYoungGen      total 116736K, used 224K [0x0000000795580000, 0x000000079dd00000, 0x00000007c0000000)
  eden space 116224K, 0% used [0x0000000795580000,0x0000000795580000,0x000000079c700000)
  from space 512K, 43% used [0x000000079dc80000,0x000000079dcb8000,0x000000079dd00000)
  to   space 5120K, 0% used [0x000000079d300000,0x000000079d300000,0x000000079d800000)
 ParOldGen       total 142336K, used 57461K [0x0000000740000000, 0x0000000748b00000, 0x0000000795580000)
  object space 142336K, 40% used [0x0000000740000000,0x000000074381d508,0x0000000748b00000)
 Metaspace       used 10277K, capacity 10449K, committed 10624K, reserved 1058816K
  class space    used 1094K, capacity 1151K, committed 1152K, reserved 1048576K
}
Event: 5.238 GC heap before
{Heap before GC invocations=6 (full 1):
 PSYoungGen      total 116736K, used 116448K [0x0000000795580000, 0x000000079dd00000, 0x00000007c0000000)
  eden space 116224K, 100% used [0x0000000795580000,0x000000079c700000,0x000000079c700000)
  from space 512K, 43% used [0x000000079dc80000,0x000000079dcb8000,0x000000079dd00000)
  to   space 5120K, 0% used [0x000000079d300000,0x000000079d300000,0x000000079d800000)
 ParOldGen       total 142336K, used 57461K [0x0000000740000000, 0x0000000748b00000, 0x0000000795580000)
  object space 142336K, 40% used [0x0000000740000000,0x000000074381d508,0x0000000748b00000)
 Metaspace       used 11010K, capacity 11153K, committed 11520K, reserved 1058816K
  class space    used 1160K, capacity 1215K, committed 1280K, reserved 1048576K
Event: 5.241 GC heap after
Heap after GC invocations=6 (full 1):
 PSYoungGen      total 133632K, used 4896K [0x0000000795580000, 0x00000007a4400000, 0x00000007c0000000)
  eden space 128512K, 0% used [0x0000000795580000,0x0000000795580000,0x000000079d300000)
  from space 5120K, 95% used [0x000000079d300000,0x000000079d7c8040,0x000000079d800000)
  to   space 24064K, 0% used [0x00000007a2c80000,0x00000007a2c80000,0x00000007a4400000)
 ParOldGen       total 142336K, used 58493K [0x0000000740000000, 0x0000000748b00000, 0x0000000795580000)
  object space 142336K, 41% used [0x0000000740000000,0x000000074391f518,0x0000000748b00000)
 Metaspace       used 11010K, capacity 11153K, committed 11520K, reserved 1058816K
  class space    used 1160K, capacity 1215K, committed 1280K, reserved 1048576K
}
Event: 24.048 GC heap before
{Heap before GC invocations=7 (full 1):
 PSYoungGen      total 133632K, used 133408K [0x0000000795580000, 0x00000007a4400000, 0x00000007c0000000)
  eden space 128512K, 100% used [0x0000000795580000,0x000000079d300000,0x000000079d300000)
  from space 5120K, 95% used [0x000000079d300000,0x000000079d7c8040,0x000000079d800000)
  to   space 24064K, 0% used [0x00000007a2c80000,0x00000007a2c80000,0x00000007a4400000)
 ParOldGen       total 142336K, used 58493K [0x0000000740000000, 0x0000000748b00000, 0x0000000795580000)
  object space 142336K, 41% used [0x0000000740000000,0x000000074391f518,0x0000000748b00000)
 Metaspace       used 11823K, capacity 12017K, committed 12416K, reserved 1060864K
  class space    used 1217K, capacity 1311K, committed 1408K, reserved 1048576K
Event: 24.054 GC heap after
Heap after GC invocations=7 (full 1):
 PSYoungGen      total 221184K, used 1307K [0x0000000795580000, 0x00000007a4e00000, 0x00000007c0000000)
  eden space 197120K, 0% used [0x0000000795580000,0x0000000795580000,0x00000007a1600000)
  from space 24064K, 5% used [0x00000007a2c80000,0x00000007a2dc6fb0,0x00000007a4400000)
  to   space 23040K, 0% used [0x00000007a1600000,0x00000007a1600000,0x00000007a2c80000)
 ParOldGen       total 142336K, used 58501K [0x0000000740000000, 0x0000000748b00000, 0x0000000795580000)
  object space 142336K, 41% used [0x0000000740000000,0x0000000743921518,0x0000000748b00000)
 Metaspace       used 11823K, capacity 12017K, committed 12416K, reserved 1060864K
  class space    used 1217K, capacity 1311K, committed 1408K, reserved 1048576K
}

