# JRE version: Java(TM) SE Runtime Environment (8.0_111-b14) (build 1.8.0_111-b14)
# Java VM: Java HotSpot(TM) 64-Bit Server VM (25.111-b14 mixed mode bsd-amd64 compressed oops)
Heap:
 PSYoungGen      total 187392K, used 62192K [0x0000000795580000, 0x00000007a2d80000, 0x00000007c0000000)
  eden space 166912K, 36% used [0x0000000795580000,0x000000079914c0c8,0x000000079f880000)
  from space 20480K, 4% used [0x00000007a1980000,0x00000007a1a70000,0x00000007a2d80000)
  to   space 27136K, 0% used [0x000000079f880000,0x000000079f880000,0x00000007a1300000)
 ParOldGen       total 108544K, used 43502K [0x0000000740000000, 0x0000000746a00000, 0x0000000795580000)
  object space 108544K, 40% used [0x0000000740000000,0x0000000742a7b900,0x0000000746a00000)
 Metaspace       used 11867K, capacity 12081K, committed 12416K, reserved 1060864K
  class space    used 1218K, capacity 1311K, committed 1408K, reserved 1048576K
GC Heap History (10 events):
Event: 3.045 GC heap before
{Heap before GC invocations=6 (full 1):
 PSYoungGen      total 60416K, used 60032K [0x0000000795580000, 0x0000000799c00000, 0x00000007c0000000)
  eden space 59904K, 100% used [0x0000000795580000,0x0000000799000000,0x0000000799000000)
  from space 512K, 25% used [0x0000000799b80000,0x0000000799ba0000,0x0000000799c00000)
  to   space 5120K, 0% used [0x0000000799200000,0x0000000799200000,0x0000000799700000)
 ParOldGen       total 108544K, used 55377K [0x0000000740000000, 0x0000000746a00000, 0x0000000795580000)
  object space 108544K, 51% used [0x0000000740000000,0x0000000743614560,0x0000000746a00000)
 Metaspace       used 10224K, capacity 10385K, committed 10624K, reserved 1058816K
  class space    used 1090K, capacity 1151K, committed 1152K, reserved 1048576K
Event: 3.054 GC heap after
Heap after GC invocations=6 (full 1):
 PSYoungGen      total 67072K, used 256K [0x0000000795580000, 0x000000079ee80000, 0x00000007c0000000)
  eden space 61952K, 0% used [0x0000000795580000,0x0000000795580000,0x0000000799200000)
  from space 5120K, 5% used [0x0000000799200000,0x0000000799240000,0x0000000799700000)
  to   space 25600K, 0% used [0x000000079d580000,0x000000079d580000,0x000000079ee80000)
 ParOldGen       total 108544K, used 73610K [0x0000000740000000, 0x0000000746a00000, 0x0000000795580000)
  object space 108544K, 67% used [0x0000000740000000,0x00000007447e2990,0x0000000746a00000)
 Metaspace       used 10224K, capacity 10385K, committed 10624K, reserved 1058816K
  class space    used 1090K, capacity 1151K, committed 1152K, reserved 1048576K
}
Event: 3.055 GC heap before
{Heap before GC invocations=7 (full 2):
 PSYoungGen      total 67072K, used 256K [0x0000000795580000, 0x000000079ee80000, 0x00000007c0000000)
  eden space 61952K, 0% used [0x0000000795580000,0x0000000795580000,0x0000000799200000)
  from space 5120K, 5% used [0x0000000799200000,0x0000000799240000,0x0000000799700000)
  to   space 25600K, 0% used [0x000000079d580000,0x000000079d580000,0x000000079ee80000)
 ParOldGen       total 108544K, used 73610K [0x0000000740000000, 0x0000000746a00000, 0x0000000795580000)
  object space 108544K, 67% used [0x0000000740000000,0x00000007447e2990,0x0000000746a00000)
 Metaspace       used 10224K, capacity 10385K, committed 10624K, reserved 1058816K
  class space    used 1090K, capacity 1151K, committed 1152K, reserved 1048576K
Event: 3.079 GC heap after
Heap after GC invocations=7 (full 2):
 PSYoungGen      total 67072K, used 0K [0x0000000795580000, 0x000000079ee80000, 0x00000007c0000000)
  eden space 61952K, 0% used [0x0000000795580000,0x0000000795580000,0x0000000799200000)
  from space 5120K, 0% used [0x0000000799200000,0x0000000799200000,0x0000000799700000)
  to   space 25600K, 0% used [0x000000079d580000,0x000000079d580000,0x000000079ee80000)
 ParOldGen       total 108544K, used 10802K [0x0000000740000000, 0x0000000746a00000, 0x0000000795580000)
  object space 108544K, 9% used [0x0000000740000000,0x0000000740a8c8d0,0x0000000746a00000)
 Metaspace       used 10224K, capacity 10385K, committed 10624K, reserved 1058816K
  class space    used 1090K, capacity 1151K, committed 1152K, reserved 1048576K
}
Event: 3.264 GC heap before
{Heap before GC invocations=8 (full 2):
 PSYoungGen      total 67072K, used 61952K [0x0000000795580000, 0x000000079ee80000, 0x00000007c0000000)
  eden space 61952K, 100% used [0x0000000795580000,0x0000000799200000,0x0000000799200000)
  from space 5120K, 0% used [0x0000000799200000,0x0000000799200000,0x0000000799700000)
  to   space 25600K, 0% used [0x000000079d580000,0x000000079d580000,0x000000079ee80000)
 ParOldGen       total 108544K, used 10802K [0x0000000740000000, 0x0000000746a00000, 0x0000000795580000)
  object space 108544K, 9% used [0x0000000740000000,0x0000000740a8c8d0,0x0000000746a00000)
 Metaspace       used 10269K, capacity 10449K, committed 10624K, reserved 1058816K
  class space    used 1094K, capacity 1151K, committed 1152K, reserved 1048576K
Event: 3.293 GC heap after
Heap after GC invocations=8 (full 2):
 PSYoungGen      total 126464K, used 20516K [0x0000000795580000, 0x000000079fb80000, 0x00000007c0000000)
  eden space 100864K, 0% used [0x0000000795580000,0x0000000795580000,0x000000079b800000)
  from space 25600K, 80% used [0x000000079d580000,0x000000079e989020,0x000000079ee80000)
  to   space 30208K, 0% used [0x000000079b800000,0x000000079b800000,0x000000079d580000)
 ParOldGen       total 108544K, used 43486K [0x0000000740000000, 0x0000000746a00000, 0x0000000795580000)
  object space 108544K, 40% used [0x0000000740000000,0x0000000742a77900,0x0000000746a00000)
 Metaspace       used 10269K, capacity 10449K, committed 10624K, reserved 1058816K
  class space    used 1094K, capacity 1151K, committed 1152K, reserved 1048576K
}
Event: 6.005 GC heap before
{Heap before GC invocations=9 (full 2):
 PSYoungGen      total 126464K, used 118917K [0x0000000795580000, 0x000000079fb80000, 0x00000007c0000000)
  eden space 100864K, 97% used [0x0000000795580000,0x000000079b5984d8,0x000000079b800000)
  from space 25600K, 80% used [0x000000079d580000,0x000000079e989020,0x000000079ee80000)
  to   space 30208K, 0% used [0x000000079b800000,0x000000079b800000,0x000000079d580000)
 ParOldGen       total 108544K, used 43486K [0x0000000740000000, 0x0000000746a00000, 0x0000000795580000)
  object space 108544K, 40% used [0x0000000740000000,0x0000000742a77900,0x0000000746a00000)
 Metaspace       used 11591K, capacity 11729K, committed 12032K, reserved 1060864K
  class space    used 1214K, capacity 1279K, committed 1280K, reserved 1048576K
Event: 6.015 GC heap after
Heap after GC invocations=9 (full 2):
 PSYoungGen      total 131072K, used 6049K [0x0000000795580000, 0x00000007a3480000, 0x00000007c0000000)
  eden space 100864K, 0% used [0x0000000795580000,0x0000000795580000,0x000000079b800000)
  from space 30208K, 20% used [0x000000079b800000,0x000000079bde8748,0x000000079d580000)
  to   space 27648K, 0% used [0x00000007a1980000,0x00000007a1980000,0x00000007a3480000)
 ParOldGen       total 108544K, used 43494K [0x0000000740000000, 0x0000000746a00000, 0x0000000795580000)
  object space 108544K, 40% used [0x0000000740000000,0x0000000742a79900,0x0000000746a00000)
 Metaspace       used 11591K, capacity 11729K, committed 12032K, reserved 1060864K
  class space    used 1214K, capacity 1279K, committed 1280K, reserved 1048576K
}
Event: 19.083 GC heap before
{Heap before GC invocations=10 (full 2):
 PSYoungGen      total 131072K, used 106913K [0x0000000795580000, 0x00000007a3480000, 0x00000007c0000000)
  eden space 100864K, 100% used [0x0000000795580000,0x000000079b800000,0x000000079b800000)
  from space 30208K, 20% used [0x000000079b800000,0x000000079bde8748,0x000000079d580000)
  to   space 27648K, 0% used [0x00000007a1980000,0x00000007a1980000,0x00000007a3480000)
 ParOldGen       total 108544K, used 43494K [0x0000000740000000, 0x0000000746a00000, 0x0000000795580000)
  object space 108544K, 40% used [0x0000000740000000,0x0000000742a79900,0x0000000746a00000)
 Metaspace       used 11846K, capacity 12081K, committed 12416K, reserved 1060864K
  class space    used 1217K, capacity 1311K, committed 1408K, reserved 1048576K
Event: 19.087 GC heap after
Heap after GC invocations=10 (full 2):
 PSYoungGen      total 187392K, used 960K [0x0000000795580000, 0x00000007a2d80000, 0x00000007c0000000)
  eden space 166912K, 0% used [0x0000000795580000,0x0000000795580000,0x000000079f880000)
  from space 20480K, 4% used [0x00000007a1980000,0x00000007a1a70000,0x00000007a2d80000)
  to   space 27136K, 0% used [0x000000079f880000,0x000000079f880000,0x00000007a1300000)
 ParOldGen       total 108544K, used 43502K [0x0000000740000000, 0x0000000746a00000, 0x0000000795580000)
  object space 108544K, 40% used [0x0000000740000000,0x0000000742a7b900,0x0000000746a00000)
 Metaspace       used 11846K, capacity 12081K, committed 12416K, reserved 1060864K
  class space    used 1217K, capacity 1311K, committed 1408K, reserved 1048576K
}

