# JRE version: Java(TM) SE Runtime Environment (8.0_111-b14) (build 1.8.0_111-b14)
# Java VM: Java HotSpot(TM) 64-Bit Server VM (25.111-b14 mixed mode bsd-amd64 compressed oops)
Heap:
 PSYoungGen      total 218624K, used 17745K [0x0000000795580000, 0x00000007a4d00000, 0x00000007c0000000)
  eden space 194560K, 8% used [0x0000000795580000,0x000000079659d740,0x00000007a1380000)
  from space 24064K, 5% used [0x00000007a2a00000,0x00000007a2b36fb0,0x00000007a4180000)
  to   space 23040K, 0% used [0x00000007a1380000,0x00000007a1380000,0x00000007a2a00000)
 ParOldGen       total 142848K, used 58541K [0x0000000740000000, 0x0000000748b80000, 0x0000000795580000)
  object space 142848K, 40% used [0x0000000740000000,0x000000074392b760,0x0000000748b80000)
 Metaspace       used 11804K, capacity 12017K, committed 12416K, reserved 1060864K
  class space    used 1218K, capacity 1311K, committed 1408K, reserved 1048576K
GC Heap History (10 events):
Event: 1.950 GC heap before
{Heap before GC invocations=3 (full 0):
 PSYoungGen      total 71680K, used 71288K [0x0000000795580000, 0x000000079a080000, 0x00000007c0000000)
  eden space 66560K, 100% used [0x0000000795580000,0x0000000799680000,0x0000000799680000)
  from space 5120K, 92% used [0x0000000799b80000,0x000000079a01e158,0x000000079a080000)
  to   space 5120K, 0% used [0x0000000799680000,0x0000000799680000,0x0000000799b80000)
 ParOldGen       total 87552K, used 18721K [0x0000000740000000, 0x0000000745580000, 0x0000000795580000)
  object space 87552K, 21% used [0x0000000740000000,0x0000000741248660,0x0000000745580000)
 Metaspace       used 10114K, capacity 10257K, committed 10368K, reserved 1058816K
  class space    used 1075K, capacity 1151K, committed 1152K, reserved 1048576K
Event: 1.984 GC heap after
Heap after GC invocations=3 (full 0):
 PSYoungGen      total 71680K, used 4770K [0x0000000795580000, 0x000000079e180000, 0x00000007c0000000)
  eden space 66560K, 0% used [0x0000000795580000,0x0000000795580000,0x0000000799680000)
  from space 5120K, 93% used [0x0000000799680000,0x0000000799b28900,0x0000000799b80000)
  to   space 5120K, 0% used [0x000000079dc80000,0x000000079dc80000,0x000000079e180000)
 ParOldGen       total 87552K, used 71793K [0x0000000740000000, 0x0000000745580000, 0x0000000795580000)
  object space 87552K, 82% used [0x0000000740000000,0x000000074461c6b0,0x0000000745580000)
 Metaspace       used 10114K, capacity 10257K, committed 10368K, reserved 1058816K
  class space    used 1075K, capacity 1151K, committed 1152K, reserved 1048576K
}
Event: 1.984 GC heap before
{Heap before GC invocations=4 (full 1):
 PSYoungGen      total 71680K, used 4770K [0x0000000795580000, 0x000000079e180000, 0x00000007c0000000)
  eden space 66560K, 0% used [0x0000000795580000,0x0000000795580000,0x0000000799680000)
  from space 5120K, 93% used [0x0000000799680000,0x0000000799b28900,0x0000000799b80000)
  to   space 5120K, 0% used [0x000000079dc80000,0x000000079dc80000,0x000000079e180000)
 ParOldGen       total 87552K, used 71793K [0x0000000740000000, 0x0000000745580000, 0x0000000795580000)
  object space 87552K, 82% used [0x0000000740000000,0x000000074461c6b0,0x0000000745580000)
 Metaspace       used 10114K, capacity 10257K, committed 10368K, reserved 1058816K
  class space    used 1075K, capacity 1151K, committed 1152K, reserved 1048576K
Event: 2.013 GC heap after
Heap after GC invocations=4 (full 1):
 PSYoungGen      total 71680K, used 0K [0x0000000795580000, 0x000000079e180000, 0x00000007c0000000)
  eden space 66560K, 0% used [0x0000000795580000,0x0000000795580000,0x0000000799680000)
  from space 5120K, 0% used [0x0000000799680000,0x0000000799680000,0x0000000799b80000)
  to   space 5120K, 0% used [0x000000079dc80000,0x000000079dc80000,0x000000079e180000)
 ParOldGen       total 142848K, used 39268K [0x0000000740000000, 0x0000000748b80000, 0x0000000795580000)
  object space 142848K, 27% used [0x0000000740000000,0x0000000742659320,0x0000000748b80000)
 Metaspace       used 10114K, capacity 10257K, committed 10368K, reserved 1058816K
  class space    used 1075K, capacity 1151K, committed 1152K, reserved 1048576K
}
Event: 2.780 GC heap before
{Heap before GC invocations=5 (full 1):
 PSYoungGen      total 71680K, used 64545K [0x0000000795580000, 0x000000079e180000, 0x00000007c0000000)
  eden space 66560K, 96% used [0x0000000795580000,0x0000000799488760,0x0000000799680000)
  from space 5120K, 0% used [0x0000000799680000,0x0000000799680000,0x0000000799b80000)
  to   space 5120K, 0% used [0x000000079dc80000,0x000000079dc80000,0x000000079e180000)
 ParOldGen       total 142848K, used 39268K [0x0000000740000000, 0x0000000748b80000, 0x0000000795580000)
  object space 142848K, 27% used [0x0000000740000000,0x0000000742659320,0x0000000748b80000)
 Metaspace       used 10258K, capacity 10449K, committed 10624K, reserved 1058816K
  class space    used 1091K, capacity 1151K, committed 1152K, reserved 1048576K
Event: 2.782 GC heap after
Heap after GC invocations=5 (full 1):
 PSYoungGen      total 115712K, used 256K [0x0000000795580000, 0x000000079dd00000, 0x00000007c0000000)
  eden space 115200K, 0% used [0x0000000795580000,0x0000000795580000,0x000000079c600000)
  from space 512K, 50% used [0x000000079dc80000,0x000000079dcc0000,0x000000079dd00000)
  to   space 5120K, 0% used [0x000000079d300000,0x000000079d300000,0x000000079d800000)
 ParOldGen       total 142848K, used 57501K [0x0000000740000000, 0x0000000748b80000, 0x0000000795580000)
  object space 142848K, 40% used [0x0000000740000000,0x0000000743827750,0x0000000748b80000)
 Metaspace       used 10258K, capacity 10449K, committed 10624K, reserved 1058816K
  class space    used 1091K, capacity 1151K, committed 1152K, reserved 1048576K
}
Event: 4.491 GC heap before
{Heap before GC invocations=6 (full 1):
 PSYoungGen      total 115712K, used 115456K [0x0000000795580000, 0x000000079dd00000, 0x00000007c0000000)
  eden space 115200K, 100% used [0x0000000795580000,0x000000079c600000,0x000000079c600000)
  from space 512K, 50% used [0x000000079dc80000,0x000000079dcc0000,0x000000079dd00000)
  to   space 5120K, 0% used [0x000000079d300000,0x000000079d300000,0x000000079d800000)
 ParOldGen       total 142848K, used 57501K [0x0000000740000000, 0x0000000748b80000, 0x0000000795580000)
  object space 142848K, 40% used [0x0000000740000000,0x0000000743827750,0x0000000748b80000)
 Metaspace       used 11011K, capacity 11153K, committed 11520K, reserved 1058816K
  class space    used 1160K, capacity 1215K, committed 1280K, reserved 1048576K
Event: 4.496 GC heap after
Heap after GC invocations=6 (full 1):
 PSYoungGen      total 133632K, used 4864K [0x0000000795580000, 0x00000007a4180000, 0x00000007c0000000)
  eden space 128512K, 0% used [0x0000000795580000,0x0000000795580000,0x000000079d300000)
  from space 5120K, 95% used [0x000000079d300000,0x000000079d7c0040,0x000000079d800000)
  to   space 24064K, 0% used [0x00000007a2a00000,0x00000007a2a00000,0x00000007a4180000)
 ParOldGen       total 142848K, used 58533K [0x0000000740000000, 0x0000000748b80000, 0x0000000795580000)
  object space 142848K, 40% used [0x0000000740000000,0x0000000743929760,0x0000000748b80000)
 Metaspace       used 11011K, capacity 11153K, committed 11520K, reserved 1058816K
  class space    used 1160K, capacity 1215K, committed 1280K, reserved 1048576K
}
Event: 20.543 GC heap before
{Heap before GC invocations=7 (full 1):
 PSYoungGen      total 133632K, used 133376K [0x0000000795580000, 0x00000007a4180000, 0x00000007c0000000)
  eden space 128512K, 100% used [0x0000000795580000,0x000000079d300000,0x000000079d300000)
  from space 5120K, 95% used [0x000000079d300000,0x000000079d7c0040,0x000000079d800000)
  to   space 24064K, 0% used [0x00000007a2a00000,0x00000007a2a00000,0x00000007a4180000)
 ParOldGen       total 142848K, used 58533K [0x0000000740000000, 0x0000000748b80000, 0x0000000795580000)
  object space 142848K, 40% used [0x0000000740000000,0x0000000743929760,0x0000000748b80000)
 Metaspace       used 11791K, capacity 11953K, committed 12160K, reserved 1060864K
  class space    used 1217K, capacity 1311K, committed 1408K, reserved 1048576K
Event: 20.547 GC heap after
Heap after GC invocations=7 (full 1):
 PSYoungGen      total 218624K, used 1243K [0x0000000795580000, 0x00000007a4d00000, 0x00000007c0000000)
  eden space 194560K, 0% used [0x0000000795580000,0x0000000795580000,0x00000007a1380000)
  from space 24064K, 5% used [0x00000007a2a00000,0x00000007a2b36fb0,0x00000007a4180000)
  to   space 23040K, 0% used [0x00000007a1380000,0x00000007a1380000,0x00000007a2a00000)
 ParOldGen       total 142848K, used 58541K [0x0000000740000000, 0x0000000748b80000, 0x0000000795580000)
  object space 142848K, 40% used [0x0000000740000000,0x000000074392b760,0x0000000748b80000)
 Metaspace       used 11791K, capacity 11953K, committed 12160K, reserved 1060864K
  class space    used 1217K, capacity 1311K, committed 1408K, reserved 1048576K
}

