# JRE version: Java(TM) SE Runtime Environment (8.0_111-b14) (build 1.8.0_111-b14)
# Java VM: Java HotSpot(TM) 64-Bit Server VM (25.111-b14 mixed mode bsd-amd64 compressed oops)
Heap:
 PSYoungGen      total 133632K, used 105442K [0x0000000795580000, 0x00000007a4d00000, 0x00000007c0000000)
  eden space 128512K, 78% used [0x0000000795580000,0x000000079b7b0938,0x000000079d300000)
  from space 5120K, 95% used [0x000000079d300000,0x000000079d7c8040,0x000000079d800000)
  to   space 24064K, 0% used [0x00000007a3580000,0x00000007a3580000,0x00000007a4d00000)
 ParOldGen       total 141312K, used 58478K [0x0000000740000000, 0x0000000748a00000, 0x0000000795580000)
  object space 141312K, 41% used [0x0000000740000000,0x000000074391ba10,0x0000000748a00000)
 Metaspace       used 11486K, capacity 11633K, committed 11776K, reserved 1060864K
  class space    used 1181K, capacity 1247K, committed 1280K, reserved 1048576K
GC Heap History (10 events):
Event: 2.365 GC heap before
{Heap before GC invocations=2 (full 0):
 PSYoungGen      total 38400K, used 38387K [0x0000000795580000, 0x000000079a080000, 0x00000007c0000000)
  eden space 33280K, 100% used [0x0000000795580000,0x0000000797600000,0x0000000797600000)
  from space 5120K, 99% used [0x0000000797600000,0x0000000797afccf8,0x0000000797b00000)
  to   space 5120K, 0% used [0x0000000799b80000,0x0000000799b80000,0x000000079a080000)
 ParOldGen       total 87552K, used 18713K [0x0000000740000000, 0x0000000745580000, 0x0000000795580000)
  object space 87552K, 21% used [0x0000000740000000,0x0000000741246660,0x0000000745580000)
 Metaspace       used 9061K, capacity 9219K, committed 9472K, reserved 1058816K
  class space    used 941K, capacity 1020K, committed 1024K, reserved 1048576K
Event: 2.376 GC heap after
Heap after GC invocations=2 (full 0):
 PSYoungGen      total 71680K, used 4712K [0x0000000795580000, 0x000000079a080000, 0x00000007c0000000)
  eden space 66560K, 0% used [0x0000000795580000,0x0000000795580000,0x0000000799680000)
  from space 5120K, 92% used [0x0000000799b80000,0x000000079a01a168,0x000000079a080000)
  to   space 5120K, 0% used [0x0000000799680000,0x0000000799680000,0x0000000799b80000)
 ParOldGen       total 87552K, used 18721K [0x0000000740000000, 0x0000000745580000, 0x0000000795580000)
  object space 87552K, 21% used [0x0000000740000000,0x0000000741248660,0x0000000745580000)
 Metaspace       used 9061K, capacity 9219K, committed 9472K, reserved 1058816K
  class space    used 941K, capacity 1020K, committed 1024K, reserved 1048576K
}
Event: 2.680 GC heap before
{Heap before GC invocations=3 (full 0):
 PSYoungGen      total 71680K, used 71272K [0x0000000795580000, 0x000000079a080000, 0x00000007c0000000)
  eden space 66560K, 100% used [0x0000000795580000,0x0000000799680000,0x0000000799680000)
  from space 5120K, 92% used [0x0000000799b80000,0x000000079a01a168,0x000000079a080000)
  to   space 5120K, 0% used [0x0000000799680000,0x0000000799680000,0x0000000799b80000)
 ParOldGen       total 87552K, used 18721K [0x0000000740000000, 0x0000000745580000, 0x0000000795580000)
  object space 87552K, 21% used [0x0000000740000000,0x0000000741248660,0x0000000745580000)
 Metaspace       used 10127K, capacity 10321K, committed 10624K, reserved 1058816K
  class space    used 1075K, capacity 1151K, committed 1152K, reserved 1048576K
Event: 2.723 GC heap after
Heap after GC invocations=3 (full 0):
 PSYoungGen      total 71680K, used 4770K [0x0000000795580000, 0x000000079e180000, 0x00000007c0000000)
  eden space 66560K, 0% used [0x0000000795580000,0x0000000795580000,0x0000000799680000)
  from space 5120K, 93% used [0x0000000799680000,0x0000000799b28900,0x0000000799b80000)
  to   space 5120K, 0% used [0x000000079dc80000,0x000000079dc80000,0x000000079e180000)
 ParOldGen       total 87552K, used 71793K [0x0000000740000000, 0x0000000745580000, 0x0000000795580000)
  object space 87552K, 82% used [0x0000000740000000,0x000000074461c6b0,0x0000000745580000)
 Metaspace       used 10127K, capacity 10321K, committed 10624K, reserved 1058816K
  class space    used 1075K, capacity 1151K, committed 1152K, reserved 1048576K
}
Event: 2.723 GC heap before
{Heap before GC invocations=4 (full 1):
 PSYoungGen      total 71680K, used 4770K [0x0000000795580000, 0x000000079e180000, 0x00000007c0000000)
  eden space 66560K, 0% used [0x0000000795580000,0x0000000795580000,0x0000000799680000)
  from space 5120K, 93% used [0x0000000799680000,0x0000000799b28900,0x0000000799b80000)
  to   space 5120K, 0% used [0x000000079dc80000,0x000000079dc80000,0x000000079e180000)
 ParOldGen       total 87552K, used 71793K [0x0000000740000000, 0x0000000745580000, 0x0000000795580000)
  object space 87552K, 82% used [0x0000000740000000,0x000000074461c6b0,0x0000000745580000)
 Metaspace       used 10127K, capacity 10321K, committed 10624K, reserved 1058816K
  class space    used 1075K, capacity 1151K, committed 1152K, reserved 1048576K
Event: 2.761 GC heap after
Heap after GC invocations=4 (full 1):
 PSYoungGen      total 71680K, used 0K [0x0000000795580000, 0x000000079e180000, 0x00000007c0000000)
  eden space 66560K, 0% used [0x0000000795580000,0x0000000795580000,0x0000000799680000)
  from space 5120K, 0% used [0x0000000799680000,0x0000000799680000,0x0000000799b80000)
  to   space 5120K, 0% used [0x000000079dc80000,0x000000079dc80000,0x000000079e180000)
 ParOldGen       total 141312K, used 39213K [0x0000000740000000, 0x0000000748a00000, 0x0000000795580000)
  object space 141312K, 27% used [0x0000000740000000,0x000000074264b5d0,0x0000000748a00000)
 Metaspace       used 10127K, capacity 10321K, committed 10624K, reserved 1058816K
  class space    used 1075K, capacity 1151K, committed 1152K, reserved 1048576K
}
Event: 3.785 GC heap before
{Heap before GC invocations=5 (full 1):
 PSYoungGen      total 71680K, used 65881K [0x0000000795580000, 0x000000079e180000, 0x00000007c0000000)
  eden space 66560K, 98% used [0x0000000795580000,0x00000007995d6460,0x0000000799680000)
  from space 5120K, 0% used [0x0000000799680000,0x0000000799680000,0x0000000799b80000)
  to   space 5120K, 0% used [0x000000079dc80000,0x000000079dc80000,0x000000079e180000)
 ParOldGen       total 141312K, used 39213K [0x0000000740000000, 0x0000000748a00000, 0x0000000795580000)
  object space 141312K, 27% used [0x0000000740000000,0x000000074264b5d0,0x0000000748a00000)
 Metaspace       used 10281K, capacity 10449K, committed 10624K, reserved 1058816K
  class space    used 1094K, capacity 1151K, committed 1152K, reserved 1048576K
Event: 3.789 GC heap after
Heap after GC invocations=5 (full 1):
 PSYoungGen      total 119296K, used 192K [0x0000000795580000, 0x000000079dd00000, 0x00000007c0000000)
  eden space 118784K, 0% used [0x0000000795580000,0x0000000795580000,0x000000079c980000)
  from space 512K, 37% used [0x000000079dc80000,0x000000079dcb0000,0x000000079dd00000)
  to   space 5120K, 0% used [0x000000079d300000,0x000000079d300000,0x000000079d800000)
 ParOldGen       total 141312K, used 57446K [0x0000000740000000, 0x0000000748a00000, 0x0000000795580000)
  object space 141312K, 40% used [0x0000000740000000,0x0000000743819a00,0x0000000748a00000)
 Metaspace       used 10281K, capacity 10449K, committed 10624K, reserved 1058816K
  class space    used 1094K, capacity 1151K, committed 1152K, reserved 1048576K
}
Event: 6.039 GC heap before
{Heap before GC invocations=6 (full 1):
 PSYoungGen      total 119296K, used 118976K [0x0000000795580000, 0x000000079dd00000, 0x00000007c0000000)
  eden space 118784K, 100% used [0x0000000795580000,0x000000079c980000,0x000000079c980000)
  from space 512K, 37% used [0x000000079dc80000,0x000000079dcb0000,0x000000079dd00000)
  to   space 5120K, 0% used [0x000000079d300000,0x000000079d300000,0x000000079d800000)
 ParOldGen       total 141312K, used 57446K [0x0000000740000000, 0x0000000748a00000, 0x0000000795580000)
  object space 141312K, 40% used [0x0000000740000000,0x0000000743819a00,0x0000000748a00000)
 Metaspace       used 11010K, capacity 11153K, committed 11520K, reserved 1058816K
  class space    used 1160K, capacity 1215K, committed 1280K, reserved 1048576K
Event: 6.045 GC heap after
Heap after GC invocations=6 (full 1):
 PSYoungGen      total 133632K, used 4896K [0x0000000795580000, 0x00000007a4d00000, 0x00000007c0000000)
  eden space 128512K, 0% used [0x0000000795580000,0x0000000795580000,0x000000079d300000)
  from space 5120K, 95% used [0x000000079d300000,0x000000079d7c8040,0x000000079d800000)
  to   space 24064K, 0% used [0x00000007a3580000,0x00000007a3580000,0x00000007a4d00000)
 ParOldGen       total 141312K, used 58478K [0x0000000740000000, 0x0000000748a00000, 0x0000000795580000)
  object space 141312K, 41% used [0x0000000740000000,0x000000074391ba10,0x0000000748a00000)
 Metaspace       used 11010K, capacity 11153K, committed 11520K, reserved 1058816K
  class space    used 1160K, capacity 1215K, committed 1280K, reserved 1048576K
}

