# JRE version: Java(TM) SE Runtime Environment (8.0_111-b14) (build 1.8.0_111-b14)
# Java VM: Java HotSpot(TM) 64-Bit Server VM (25.111-b14 mixed mode bsd-amd64 compressed oops)
Heap:
 PSYoungGen      total 133632K, used 122568K [0x0000000795580000, 0x00000007a4200000, 0x00000007c0000000)
  eden space 128512K, 91% used [0x0000000795580000,0x000000079c86a158,0x000000079d300000)
  from space 5120K, 95% used [0x000000079d300000,0x000000079d7c8040,0x000000079d800000)
  to   space 24064K, 0% used [0x00000007a2a80000,0x00000007a2a80000,0x00000007a4200000)
 ParOldGen       total 142848K, used 58533K [0x0000000740000000, 0x0000000748b80000, 0x0000000795580000)
  object space 142848K, 40% used [0x0000000740000000,0x0000000743929718,0x0000000748b80000)
 Metaspace       used 11772K, capacity 11969K, committed 12160K, reserved 1060864K
  class space    used 1218K, capacity 1311K, committed 1408K, reserved 1048576K
GC Heap History (10 events):
Event: 1.822 GC heap before
{Heap before GC invocations=2 (full 0):
 PSYoungGen      total 38400K, used 38387K [0x0000000795580000, 0x000000079a080000, 0x00000007c0000000)
  eden space 33280K, 100% used [0x0000000795580000,0x0000000797600000,0x0000000797600000)
  from space 5120K, 99% used [0x0000000797600000,0x0000000797afccf8,0x0000000797b00000)
  to   space 5120K, 0% used [0x0000000799b80000,0x0000000799b80000,0x000000079a080000)
 ParOldGen       total 87552K, used 18746K [0x0000000740000000, 0x0000000745580000, 0x0000000795580000)
  object space 87552K, 21% used [0x0000000740000000,0x000000074124ead8,0x0000000745580000)
 Metaspace       used 9044K, capacity 9235K, committed 9472K, reserved 1058816K
  class space    used 941K, capacity 1020K, committed 1024K, reserved 1048576K
Event: 1.826 GC heap after
Heap after GC invocations=2 (full 0):
 PSYoungGen      total 71680K, used 4712K [0x0000000795580000, 0x000000079a080000, 0x00000007c0000000)
  eden space 66560K, 0% used [0x0000000795580000,0x0000000795580000,0x0000000799680000)
  from space 5120K, 92% used [0x0000000799b80000,0x000000079a01a168,0x000000079a080000)
  to   space 5120K, 0% used [0x0000000799680000,0x0000000799680000,0x0000000799b80000)
 ParOldGen       total 87552K, used 18754K [0x0000000740000000, 0x0000000745580000, 0x0000000795580000)
  object space 87552K, 21% used [0x0000000740000000,0x0000000741250ad8,0x0000000745580000)
 Metaspace       used 9044K, capacity 9235K, committed 9472K, reserved 1058816K
  class space    used 941K, capacity 1020K, committed 1024K, reserved 1048576K
}
Event: 2.110 GC heap before
{Heap before GC invocations=3 (full 0):
 PSYoungGen      total 71680K, used 71272K [0x0000000795580000, 0x000000079a080000, 0x00000007c0000000)
  eden space 66560K, 100% used [0x0000000795580000,0x0000000799680000,0x0000000799680000)
  from space 5120K, 92% used [0x0000000799b80000,0x000000079a01a168,0x000000079a080000)
  to   space 5120K, 0% used [0x0000000799680000,0x0000000799680000,0x0000000799b80000)
 ParOldGen       total 87552K, used 18754K [0x0000000740000000, 0x0000000745580000, 0x0000000795580000)
  object space 87552K, 21% used [0x0000000740000000,0x0000000741250ad8,0x0000000745580000)
 Metaspace       used 10106K, capacity 10273K, committed 10368K, reserved 1058816K
  class space    used 1075K, capacity 1151K, committed 1152K, reserved 1048576K
Event: 2.143 GC heap after
Heap after GC invocations=3 (full 0):
 PSYoungGen      total 71680K, used 4786K [0x0000000795580000, 0x000000079e180000, 0x00000007c0000000)
  eden space 66560K, 0% used [0x0000000795580000,0x0000000795580000,0x0000000799680000)
  from space 5120K, 93% used [0x0000000799680000,0x0000000799b2c910,0x0000000799b80000)
  to   space 5120K, 0% used [0x000000079dc80000,0x000000079dc80000,0x000000079e180000)
 ParOldGen       total 87552K, used 71826K [0x0000000740000000, 0x0000000745580000, 0x0000000795580000)
  object space 87552K, 82% used [0x0000000740000000,0x0000000744624b28,0x0000000745580000)
 Metaspace       used 10106K, capacity 10273K, committed 10368K, reserved 1058816K
  class space    used 1075K, capacity 1151K, committed 1152K, reserved 1048576K
}
Event: 2.143 GC heap before
{Heap before GC invocations=4 (full 1):
 PSYoungGen      total 71680K, used 4786K [0x0000000795580000, 0x000000079e180000, 0x00000007c0000000)
  eden space 66560K, 0% used [0x0000000795580000,0x0000000795580000,0x0000000799680000)
  from space 5120K, 93% used [0x0000000799680000,0x0000000799b2c910,0x0000000799b80000)
  to   space 5120K, 0% used [0x000000079dc80000,0x000000079dc80000,0x000000079e180000)
 ParOldGen       total 87552K, used 71826K [0x0000000740000000, 0x0000000745580000, 0x0000000795580000)
  object space 87552K, 82% used [0x0000000740000000,0x0000000744624b28,0x0000000745580000)
 Metaspace       used 10106K, capacity 10273K, committed 10368K, reserved 1058816K
  class space    used 1075K, capacity 1151K, committed 1152K, reserved 1048576K
Event: 2.172 GC heap after
Heap after GC invocations=4 (full 1):
 PSYoungGen      total 71680K, used 0K [0x0000000795580000, 0x000000079e180000, 0x00000007c0000000)
  eden space 66560K, 0% used [0x0000000795580000,0x0000000795580000,0x0000000799680000)
  from space 5120K, 0% used [0x0000000799680000,0x0000000799680000,0x0000000799b80000)
  to   space 5120K, 0% used [0x000000079dc80000,0x000000079dc80000,0x000000079e180000)
 ParOldGen       total 142848K, used 39268K [0x0000000740000000, 0x0000000748b80000, 0x0000000795580000)
  object space 142848K, 27% used [0x0000000740000000,0x00000007426592d8,0x0000000748b80000)
 Metaspace       used 10106K, capacity 10273K, committed 10368K, reserved 1058816K
  class space    used 1075K, capacity 1151K, committed 1152K, reserved 1048576K
}
Event: 3.007 GC heap before
{Heap before GC invocations=5 (full 1):
 PSYoungGen      total 71680K, used 65877K [0x0000000795580000, 0x000000079e180000, 0x00000007c0000000)
  eden space 66560K, 98% used [0x0000000795580000,0x00000007995d5430,0x0000000799680000)
  from space 5120K, 0% used [0x0000000799680000,0x0000000799680000,0x0000000799b80000)
  to   space 5120K, 0% used [0x000000079dc80000,0x000000079dc80000,0x000000079e180000)
 ParOldGen       total 142848K, used 39268K [0x0000000740000000, 0x0000000748b80000, 0x0000000795580000)
  object space 142848K, 27% used [0x0000000740000000,0x00000007426592d8,0x0000000748b80000)
 Metaspace       used 10262K, capacity 10401K, committed 10624K, reserved 1058816K
  class space    used 1094K, capacity 1151K, committed 1152K, reserved 1048576K
Event: 3.010 GC heap after
Heap after GC invocations=5 (full 1):
 PSYoungGen      total 116224K, used 224K [0x0000000795580000, 0x000000079dd00000, 0x00000007c0000000)
  eden space 115712K, 0% used [0x0000000795580000,0x0000000795580000,0x000000079c680000)
  from space 512K, 43% used [0x000000079dc80000,0x000000079dcb8000,0x000000079dd00000)
  to   space 5120K, 0% used [0x000000079d300000,0x000000079d300000,0x000000079d800000)
 ParOldGen       total 142848K, used 57501K [0x0000000740000000, 0x0000000748b80000, 0x0000000795580000)
  object space 142848K, 40% used [0x0000000740000000,0x0000000743827708,0x0000000748b80000)
 Metaspace       used 10262K, capacity 10401K, committed 10624K, reserved 1058816K
  class space    used 1094K, capacity 1151K, committed 1152K, reserved 1048576K
}
Event: 4.798 GC heap before
{Heap before GC invocations=6 (full 1):
 PSYoungGen      total 116224K, used 115936K [0x0000000795580000, 0x000000079dd00000, 0x00000007c0000000)
  eden space 115712K, 100% used [0x0000000795580000,0x000000079c680000,0x000000079c680000)
  from space 512K, 43% used [0x000000079dc80000,0x000000079dcb8000,0x000000079dd00000)
  to   space 5120K, 0% used [0x000000079d300000,0x000000079d300000,0x000000079d800000)
 ParOldGen       total 142848K, used 57501K [0x0000000740000000, 0x0000000748b80000, 0x0000000795580000)
  object space 142848K, 40% used [0x0000000740000000,0x0000000743827708,0x0000000748b80000)
 Metaspace       used 10995K, capacity 11169K, committed 11520K, reserved 1058816K
  class space    used 1160K, capacity 1215K, committed 1280K, reserved 1048576K
Event: 4.802 GC heap after
Heap after GC invocations=6 (full 1):
 PSYoungGen      total 133632K, used 4896K [0x0000000795580000, 0x00000007a4200000, 0x00000007c0000000)
  eden space 128512K, 0% used [0x0000000795580000,0x0000000795580000,0x000000079d300000)
  from space 5120K, 95% used [0x000000079d300000,0x000000079d7c8040,0x000000079d800000)
  to   space 24064K, 0% used [0x00000007a2a80000,0x00000007a2a80000,0x00000007a4200000)
 ParOldGen       total 142848K, used 58533K [0x0000000740000000, 0x0000000748b80000, 0x0000000795580000)
  object space 142848K, 40% used [0x0000000740000000,0x0000000743929718,0x0000000748b80000)
 Metaspace       used 10995K, capacity 11169K, committed 11520K, reserved 1058816K
  class space    used 1160K, capacity 1215K, committed 1280K, reserved 1048576K
}

